[7.009s] Invoking command in '/home/insa/ros2_ws/src/ros2_icm20948': PYTHONPATH=/home/insa/ros2_ws/build/ros2_icm20948/prefix_override:/usr/lib/python3/dist-packages/colcon_core/task/python/colcon_distutils_commands:/home/insa/ros2_ws/install/ros2_icm20948/lib/python3.10/site-packages:${PYTHONPATH} /usr/bin/python3 -W ignore:setup.py install is deprecated -W ignore:easy_install command is deprecated setup.py egg_info --egg-base ../../build/ros2_icm20948 build --build-base /home/insa/ros2_ws/build/ros2_icm20948/build install --record /home/insa/ros2_ws/build/ros2_icm20948/install.log --single-version-externally-managed install_data
[8.736s] running egg_info
[8.740s] writing ../../build/ros2_icm20948/ros2_icm20948.egg-info/PKG-INFO
[8.743s] writing dependency_links to ../../build/ros2_icm20948/ros2_icm20948.egg-info/dependency_links.txt
[8.746s] writing entry points to ../../build/ros2_icm20948/ros2_icm20948.egg-info/entry_points.txt
[8.748s] writing requirements to ../../build/ros2_icm20948/ros2_icm20948.egg-info/requires.txt
[8.750s] writing top-level names to ../../build/ros2_icm20948/ros2_icm20948.egg-info/top_level.txt
[8.765s] reading manifest file '../../build/ros2_icm20948/ros2_icm20948.egg-info/SOURCES.txt'
[8.800s] writing manifest file '../../build/ros2_icm20948/ros2_icm20948.egg-info/SOURCES.txt'
[8.801s] running build
[8.803s] running build_py
[8.822s] running install
[8.831s] running install_lib
[8.855s] running install_data
[8.865s] copying launch/imu_localization_launch.py -> /home/insa/ros2_ws/install/ros2_icm20948/share/ros2_icm20948
[8.876s] running install_egg_info
[8.907s] removing '/home/insa/ros2_ws/install/ros2_icm20948/lib/python3.10/site-packages/ros2_icm20948-0.0.1-py3.10.egg-info' (and everything under it)
[8.916s] Copying ../../build/ros2_icm20948/ros2_icm20948.egg-info to /home/insa/ros2_ws/install/ros2_icm20948/lib/python3.10/site-packages/ros2_icm20948-0.0.1-py3.10.egg-info
[8.946s] running install_scripts
[9.095s] Installing icm20948_node script to /home/insa/ros2_ws/install/ros2_icm20948/lib/ros2_icm20948
[9.100s] Installing imu_to_odom script to /home/insa/ros2_ws/install/ros2_icm20948/lib/ros2_icm20948
[9.103s] writing list of installed files to '/home/insa/ros2_ws/build/ros2_icm20948/install.log'
[9.255s] Invoked command in '/home/insa/ros2_ws/src/ros2_icm20948' returned '0': PYTHONPATH=/home/insa/ros2_ws/build/ros2_icm20948/prefix_override:/usr/lib/python3/dist-packages/colcon_core/task/python/colcon_distutils_commands:/home/insa/ros2_ws/install/ros2_icm20948/lib/python3.10/site-packages:${PYTHONPATH} /usr/bin/python3 -W ignore:setup.py install is deprecated -W ignore:easy_install command is deprecated setup.py egg_info --egg-base ../../build/ros2_icm20948 build --build-base /home/insa/ros2_ws/build/ros2_icm20948/build install --record /home/insa/ros2_ws/build/ros2_icm20948/install.log --single-version-externally-managed install_data
