[8.420s] Invoking command in '/home/insa/ros2_ws/src/projet_siot': PYTHONPATH=/home/insa/ros2_ws/build/projet_siot/prefix_override:/usr/lib/python3/dist-packages/colcon_core/task/python/colcon_distutils_commands:/home/insa/ros2_ws/install/projet_siot/lib/python3.10/site-packages:${PYTHONPATH} /usr/bin/python3 -W ignore:setup.py install is deprecated -W ignore:easy_install command is deprecated setup.py egg_info --egg-base ../../build/projet_siot build --build-base /home/insa/ros2_ws/build/projet_siot/build install --record /home/insa/ros2_ws/build/projet_siot/install.log --single-version-externally-managed install_data
[11.741s] running egg_info
[11.745s] writing ../../build/projet_siot/projet_siot.egg-info/PKG-INFO
[11.752s] writing dependency_links to ../../build/projet_siot/projet_siot.egg-info/dependency_links.txt
[11.758s] writing entry points to ../../build/projet_siot/projet_siot.egg-info/entry_points.txt
[11.763s] writing requirements to ../../build/projet_siot/projet_siot.egg-info/requires.txt
[11.768s] writing top-level names to ../../build/projet_siot/projet_siot.egg-info/top_level.txt
[11.806s] reading manifest file '../../build/projet_siot/projet_siot.egg-info/SOURCES.txt'
[11.810s] writing manifest file '../../build/projet_siot/projet_siot.egg-info/SOURCES.txt'
[11.810s] running build
[11.811s] running build_py
[11.820s] running install
[11.821s] running install_lib
[11.836s] running install_data
[11.844s] running install_egg_info
[11.849s] removing '/home/insa/ros2_ws/install/projet_siot/lib/python3.10/site-packages/projet_siot-0.0.0-py3.10.egg-info' (and everything under it)
[11.852s] Copying ../../build/projet_siot/projet_siot.egg-info to /home/insa/ros2_ws/install/projet_siot/lib/python3.10/site-packages/projet_siot-0.0.0-py3.10.egg-info
[11.857s] running install_scripts
[11.990s] Installing lidar_data_processing script to /home/insa/ros2_ws/install/projet_siot/lib/projet_siot
[12.002s] writing list of installed files to '/home/insa/ros2_ws/build/projet_siot/install.log'
[12.292s] Invoked command in '/home/insa/ros2_ws/src/projet_siot' returned '0': PYTHONPATH=/home/insa/ros2_ws/build/projet_siot/prefix_override:/usr/lib/python3/dist-packages/colcon_core/task/python/colcon_distutils_commands:/home/insa/ros2_ws/install/projet_siot/lib/python3.10/site-packages:${PYTHONPATH} /usr/bin/python3 -W ignore:setup.py install is deprecated -W ignore:easy_install command is deprecated setup.py egg_info --egg-base ../../build/projet_siot build --build-base /home/insa/ros2_ws/build/projet_siot/build install --record /home/insa/ros2_ws/build/projet_siot/install.log --single-version-externally-managed install_data
