[1.127s] DEBUG:colcon:Command line arguments: ['/usr/bin/colcon', 'build']
[1.128s] DEBUG:colcon:Parsed command line arguments: Namespace(log_base=None, log_level=None, verb_name='build', build_base='build', install_base='install', merge_install=False, symlink_install=False, test_result_base=None, continue_on_error=False, executor='parallel', parallel_workers=4, event_handlers=None, ignore_user_meta=False, metas=['./colcon.meta'], base_paths=['.'], packages_ignore=None, packages_ignore_regex=None, paths=None, packages_up_to=None, packages_up_to_regex=None, packages_above=None, packages_above_and_dependencies=None, packages_above_depth=None, packages_select_by_dep=None, packages_skip_by_dep=None, packages_skip_up_to=None, packages_select_build_failed=False, packages_skip_build_finished=False, packages_select_test_failures=False, packages_skip_test_passed=False, packages_select=None, packages_skip=None, packages_select_regex=None, packages_skip_regex=None, packages_start=None, packages_end=None, allow_overriding=[], cmake_args=None, cmake_target=None, cmake_target_skip_unavailable=False, cmake_clean_cache=False, cmake_clean_first=False, cmake_force_configure=False, ament_cmake_args=None, catkin_cmake_args=None, catkin_skip_building_tests=False, mixin_files=None, mixin=None, verb_parser=<colcon_mixin.mixin.mixin_argument.MixinArgumentDecorator object at 0xffffbacd2080>, verb_extension=<colcon_core.verb.build.BuildVerb object at 0xffffbae7f010>, main=<bound method BuildVerb.main of <colcon_core.verb.build.BuildVerb object at 0xffffbae7f010>>, mixin_verb=('build',))
[2.773s] Level 1:colcon.colcon_core.package_discovery:discover_packages(colcon_meta) check parameters
[2.775s] Level 1:colcon.colcon_core.package_discovery:discover_packages(recursive) check parameters
[2.776s] Level 1:colcon.colcon_core.package_discovery:discover_packages(ignore) check parameters
[2.776s] Level 1:colcon.colcon_core.package_discovery:discover_packages(path) check parameters
[2.776s] Level 1:colcon.colcon_core.package_discovery:discover_packages(colcon_meta) discover
[2.777s] Level 1:colcon.colcon_core.package_discovery:discover_packages(recursive) discover
[2.777s] INFO:colcon.colcon_core.package_discovery:Crawling recursively for packages in '/home/insa/ros2_ws'
[2.778s] Level 1:colcon.colcon_core.package_identification:_identify(.) by extensions ['ignore', 'ignore_ament_install']
[2.779s] Level 1:colcon.colcon_core.package_identification:_identify(.) by extension 'ignore'
[2.779s] Level 1:colcon.colcon_core.package_identification:_identify(.) by extension 'ignore_ament_install'
[2.781s] Level 1:colcon.colcon_core.package_identification:_identify(.) by extensions ['colcon_pkg']
[2.781s] Level 1:colcon.colcon_core.package_identification:_identify(.) by extension 'colcon_pkg'
[2.781s] Level 1:colcon.colcon_core.package_identification:_identify(.) by extensions ['colcon_meta']
[2.782s] Level 1:colcon.colcon_core.package_identification:_identify(.) by extension 'colcon_meta'
[2.782s] Level 1:colcon.colcon_core.package_identification:_identify(.) by extensions ['ros']
[2.782s] Level 1:colcon.colcon_core.package_identification:_identify(.) by extension 'ros'
[2.875s] Level 1:colcon.colcon_core.package_identification:_identify(.) by extensions ['cmake', 'python']
[2.875s] Level 1:colcon.colcon_core.package_identification:_identify(.) by extension 'cmake'
[2.876s] Level 1:colcon.colcon_core.package_identification:_identify(.) by extension 'python'
[2.876s] Level 1:colcon.colcon_core.package_identification:_identify(.) by extensions ['python_setup_py']
[2.876s] Level 1:colcon.colcon_core.package_identification:_identify(.) by extension 'python_setup_py'
[2.877s] Level 1:colcon.colcon_core.package_identification:_identify(build) by extensions ['ignore', 'ignore_ament_install']
[2.878s] Level 1:colcon.colcon_core.package_identification:_identify(build) by extension 'ignore'
[2.878s] Level 1:colcon.colcon_core.package_identification:_identify(build) ignored
[2.880s] Level 1:colcon.colcon_core.package_identification:_identify(install) by extensions ['ignore', 'ignore_ament_install']
[2.881s] Level 1:colcon.colcon_core.package_identification:_identify(install) by extension 'ignore'
[2.881s] Level 1:colcon.colcon_core.package_identification:_identify(install) ignored
[2.882s] Level 1:colcon.colcon_core.package_identification:_identify(log) by extensions ['ignore', 'ignore_ament_install']
[2.883s] Level 1:colcon.colcon_core.package_identification:_identify(log) by extension 'ignore'
[2.883s] Level 1:colcon.colcon_core.package_identification:_identify(log) ignored
[2.884s] Level 1:colcon.colcon_core.package_identification:_identify(src) by extensions ['ignore', 'ignore_ament_install']
[2.884s] Level 1:colcon.colcon_core.package_identification:_identify(src) by extension 'ignore'
[2.885s] Level 1:colcon.colcon_core.package_identification:_identify(src) by extension 'ignore_ament_install'
[2.885s] Level 1:colcon.colcon_core.package_identification:_identify(src) by extensions ['colcon_pkg']
[2.886s] Level 1:colcon.colcon_core.package_identification:_identify(src) by extension 'colcon_pkg'
[2.886s] Level 1:colcon.colcon_core.package_identification:_identify(src) by extensions ['colcon_meta']
[2.886s] Level 1:colcon.colcon_core.package_identification:_identify(src) by extension 'colcon_meta'
[2.887s] Level 1:colcon.colcon_core.package_identification:_identify(src) by extensions ['ros']
[2.887s] Level 1:colcon.colcon_core.package_identification:_identify(src) by extension 'ros'
[2.887s] Level 1:colcon.colcon_core.package_identification:_identify(src) by extensions ['cmake', 'python']
[2.888s] Level 1:colcon.colcon_core.package_identification:_identify(src) by extension 'cmake'
[2.888s] Level 1:colcon.colcon_core.package_identification:_identify(src) by extension 'python'
[2.888s] Level 1:colcon.colcon_core.package_identification:_identify(src) by extensions ['python_setup_py']
[2.889s] Level 1:colcon.colcon_core.package_identification:_identify(src) by extension 'python_setup_py'
[2.890s] Level 1:colcon.colcon_core.package_identification:_identify(src/ldlidar_ros2) by extensions ['ignore', 'ignore_ament_install']
[2.890s] Level 1:colcon.colcon_core.package_identification:_identify(src/ldlidar_ros2) by extension 'ignore'
[2.891s] Level 1:colcon.colcon_core.package_identification:_identify(src/ldlidar_ros2) by extension 'ignore_ament_install'
[2.892s] Level 1:colcon.colcon_core.package_identification:_identify(src/ldlidar_ros2) by extensions ['colcon_pkg']
[2.893s] Level 1:colcon.colcon_core.package_identification:_identify(src/ldlidar_ros2) by extension 'colcon_pkg'
[2.894s] Level 1:colcon.colcon_core.package_identification:_identify(src/ldlidar_ros2) by extensions ['colcon_meta']
[2.895s] Level 1:colcon.colcon_core.package_identification:_identify(src/ldlidar_ros2) by extension 'colcon_meta'
[2.896s] Level 1:colcon.colcon_core.package_identification:_identify(src/ldlidar_ros2) by extensions ['ros']
[2.896s] Level 1:colcon.colcon_core.package_identification:_identify(src/ldlidar_ros2) by extension 'ros'
[2.911s] DEBUG:colcon.colcon_core.package_identification:Package 'src/ldlidar_ros2' with type 'ros.ament_cmake' and name 'ldlidar_ros2'
[2.912s] Level 1:colcon.colcon_core.package_identification:_identify(src/my_slam) by extensions ['ignore', 'ignore_ament_install']
[2.915s] Level 1:colcon.colcon_core.package_identification:_identify(src/my_slam) by extension 'ignore'
[2.915s] Level 1:colcon.colcon_core.package_identification:_identify(src/my_slam) by extension 'ignore_ament_install'
[2.916s] Level 1:colcon.colcon_core.package_identification:_identify(src/my_slam) by extensions ['colcon_pkg']
[2.916s] Level 1:colcon.colcon_core.package_identification:_identify(src/my_slam) by extension 'colcon_pkg'
[2.916s] Level 1:colcon.colcon_core.package_identification:_identify(src/my_slam) by extensions ['colcon_meta']
[2.917s] Level 1:colcon.colcon_core.package_identification:_identify(src/my_slam) by extension 'colcon_meta'
[2.917s] Level 1:colcon.colcon_core.package_identification:_identify(src/my_slam) by extensions ['ros']
[2.917s] Level 1:colcon.colcon_core.package_identification:_identify(src/my_slam) by extension 'ros'
[2.918s] Level 1:colcon.colcon_core.package_identification:_identify(src/my_slam) by extensions ['cmake', 'python']
[2.918s] Level 1:colcon.colcon_core.package_identification:_identify(src/my_slam) by extension 'cmake'
[2.918s] Level 1:colcon.colcon_core.package_identification:_identify(src/my_slam) by extension 'python'
[2.918s] Level 1:colcon.colcon_core.package_identification:_identify(src/my_slam) by extensions ['python_setup_py']
[2.918s] Level 1:colcon.colcon_core.package_identification:_identify(src/my_slam) by extension 'python_setup_py'
[2.919s] Level 1:colcon.colcon_core.package_identification:_identify(src/my_slam/launch) by extensions ['ignore', 'ignore_ament_install']
[2.920s] Level 1:colcon.colcon_core.package_identification:_identify(src/my_slam/launch) by extension 'ignore'
[2.920s] Level 1:colcon.colcon_core.package_identification:_identify(src/my_slam/launch) by extension 'ignore_ament_install'
[2.920s] Level 1:colcon.colcon_core.package_identification:_identify(src/my_slam/launch) by extensions ['colcon_pkg']
[2.920s] Level 1:colcon.colcon_core.package_identification:_identify(src/my_slam/launch) by extension 'colcon_pkg'
[2.920s] Level 1:colcon.colcon_core.package_identification:_identify(src/my_slam/launch) by extensions ['colcon_meta']
[2.921s] Level 1:colcon.colcon_core.package_identification:_identify(src/my_slam/launch) by extension 'colcon_meta'
[2.921s] Level 1:colcon.colcon_core.package_identification:_identify(src/my_slam/launch) by extensions ['ros']
[2.921s] Level 1:colcon.colcon_core.package_identification:_identify(src/my_slam/launch) by extension 'ros'
[2.922s] Level 1:colcon.colcon_core.package_identification:_identify(src/my_slam/launch) by extensions ['cmake', 'python']
[2.922s] Level 1:colcon.colcon_core.package_identification:_identify(src/my_slam/launch) by extension 'cmake'
[2.922s] Level 1:colcon.colcon_core.package_identification:_identify(src/my_slam/launch) by extension 'python'
[2.922s] Level 1:colcon.colcon_core.package_identification:_identify(src/my_slam/launch) by extensions ['python_setup_py']
[2.923s] Level 1:colcon.colcon_core.package_identification:_identify(src/my_slam/launch) by extension 'python_setup_py'
[2.923s] Level 1:colcon.colcon_core.package_identification:_identify(src/my_slam/launch/__pycache__) by extensions ['ignore', 'ignore_ament_install']
[2.924s] Level 1:colcon.colcon_core.package_identification:_identify(src/my_slam/launch/__pycache__) by extension 'ignore'
[2.924s] Level 1:colcon.colcon_core.package_identification:_identify(src/my_slam/launch/__pycache__) by extension 'ignore_ament_install'
[2.924s] Level 1:colcon.colcon_core.package_identification:_identify(src/my_slam/launch/__pycache__) by extensions ['colcon_pkg']
[2.925s] Level 1:colcon.colcon_core.package_identification:_identify(src/my_slam/launch/__pycache__) by extension 'colcon_pkg'
[2.925s] Level 1:colcon.colcon_core.package_identification:_identify(src/my_slam/launch/__pycache__) by extensions ['colcon_meta']
[2.925s] Level 1:colcon.colcon_core.package_identification:_identify(src/my_slam/launch/__pycache__) by extension 'colcon_meta'
[2.926s] Level 1:colcon.colcon_core.package_identification:_identify(src/my_slam/launch/__pycache__) by extensions ['ros']
[2.926s] Level 1:colcon.colcon_core.package_identification:_identify(src/my_slam/launch/__pycache__) by extension 'ros'
[2.927s] Level 1:colcon.colcon_core.package_identification:_identify(src/my_slam/launch/__pycache__) by extensions ['cmake', 'python']
[2.927s] Level 1:colcon.colcon_core.package_identification:_identify(src/my_slam/launch/__pycache__) by extension 'cmake'
[2.927s] Level 1:colcon.colcon_core.package_identification:_identify(src/my_slam/launch/__pycache__) by extension 'python'
[2.928s] Level 1:colcon.colcon_core.package_identification:_identify(src/my_slam/launch/__pycache__) by extensions ['python_setup_py']
[2.928s] Level 1:colcon.colcon_core.package_identification:_identify(src/my_slam/launch/__pycache__) by extension 'python_setup_py'
[2.929s] Level 1:colcon.colcon_core.package_identification:_identify(src/projet_siot) by extensions ['ignore', 'ignore_ament_install']
[2.930s] Level 1:colcon.colcon_core.package_identification:_identify(src/projet_siot) by extension 'ignore'
[2.930s] Level 1:colcon.colcon_core.package_identification:_identify(src/projet_siot) by extension 'ignore_ament_install'
[2.930s] Level 1:colcon.colcon_core.package_identification:_identify(src/projet_siot) by extensions ['colcon_pkg']
[2.930s] Level 1:colcon.colcon_core.package_identification:_identify(src/projet_siot) by extension 'colcon_pkg'
[2.931s] Level 1:colcon.colcon_core.package_identification:_identify(src/projet_siot) by extensions ['colcon_meta']
[2.931s] Level 1:colcon.colcon_core.package_identification:_identify(src/projet_siot) by extension 'colcon_meta'
[2.932s] Level 1:colcon.colcon_core.package_identification:_identify(src/projet_siot) by extensions ['ros']
[2.932s] Level 1:colcon.colcon_core.package_identification:_identify(src/projet_siot) by extension 'ros'
[2.937s] DEBUG:colcon.colcon_core.package_identification:Package 'src/projet_siot' with type 'ros.ament_python' and name 'projet_siot'
[2.938s] Level 1:colcon.colcon_core.package_identification:_identify(src/ros2_icm20948) by extensions ['ignore', 'ignore_ament_install']
[2.940s] Level 1:colcon.colcon_core.package_identification:_identify(src/ros2_icm20948) by extension 'ignore'
[2.942s] Level 1:colcon.colcon_core.package_identification:_identify(src/ros2_icm20948) by extension 'ignore_ament_install'
[2.944s] Level 1:colcon.colcon_core.package_identification:_identify(src/ros2_icm20948) by extensions ['colcon_pkg']
[2.945s] Level 1:colcon.colcon_core.package_identification:_identify(src/ros2_icm20948) by extension 'colcon_pkg'
[2.947s] Level 1:colcon.colcon_core.package_identification:_identify(src/ros2_icm20948) by extensions ['colcon_meta']
[2.948s] Level 1:colcon.colcon_core.package_identification:_identify(src/ros2_icm20948) by extension 'colcon_meta'
[2.948s] Level 1:colcon.colcon_core.package_identification:_identify(src/ros2_icm20948) by extensions ['ros']
[2.948s] Level 1:colcon.colcon_core.package_identification:_identify(src/ros2_icm20948) by extension 'ros'
[2.952s] DEBUG:colcon.colcon_core.package_identification:Package 'src/ros2_icm20948' with type 'ros.ament_python' and name 'ros2_icm20948'
[2.953s] Level 1:colcon.colcon_core.package_discovery:discover_packages(recursive) using defaults
[2.953s] Level 1:colcon.colcon_core.package_discovery:discover_packages(ignore) discover
[2.953s] Level 1:colcon.colcon_core.package_discovery:discover_packages(ignore) using defaults
[2.953s] Level 1:colcon.colcon_core.package_discovery:discover_packages(path) discover
[2.954s] Level 1:colcon.colcon_core.package_discovery:discover_packages(path) using defaults
[3.135s] Level 1:colcon.colcon_core.package_discovery:discover_packages(prefix_path) check parameters
[3.136s] Level 1:colcon.colcon_core.package_discovery:discover_packages(prefix_path) discover
[3.152s] DEBUG:colcon.colcon_installed_package_information.package_discovery:Found 3 installed packages in /home/insa/ros2_ws/install
[3.171s] DEBUG:colcon.colcon_installed_package_information.package_discovery:Found 319 installed packages in /opt/ros/humble
[3.182s] Level 1:colcon.colcon_core.package_discovery:discover_packages(prefix_path) using defaults
[3.581s] Level 5:colcon.colcon_core.verb:set package 'ldlidar_ros2' build argument 'cmake_args' from command line to 'None'
[3.581s] Level 5:colcon.colcon_core.verb:set package 'ldlidar_ros2' build argument 'cmake_target' from command line to 'None'
[3.581s] Level 5:colcon.colcon_core.verb:set package 'ldlidar_ros2' build argument 'cmake_target_skip_unavailable' from command line to 'False'
[3.582s] Level 5:colcon.colcon_core.verb:set package 'ldlidar_ros2' build argument 'cmake_clean_cache' from command line to 'False'
[3.582s] Level 5:colcon.colcon_core.verb:set package 'ldlidar_ros2' build argument 'cmake_clean_first' from command line to 'False'
[3.582s] Level 5:colcon.colcon_core.verb:set package 'ldlidar_ros2' build argument 'cmake_force_configure' from command line to 'False'
[3.582s] Level 5:colcon.colcon_core.verb:set package 'ldlidar_ros2' build argument 'ament_cmake_args' from command line to 'None'
[3.583s] Level 5:colcon.colcon_core.verb:set package 'ldlidar_ros2' build argument 'catkin_cmake_args' from command line to 'None'
[3.583s] Level 5:colcon.colcon_core.verb:set package 'ldlidar_ros2' build argument 'catkin_skip_building_tests' from command line to 'False'
[3.583s] DEBUG:colcon.colcon_core.verb:Building package 'ldlidar_ros2' with the following arguments: {'ament_cmake_args': None, 'build_base': '/home/insa/ros2_ws/build/ldlidar_ros2', 'catkin_cmake_args': None, 'catkin_skip_building_tests': False, 'cmake_args': None, 'cmake_clean_cache': False, 'cmake_clean_first': False, 'cmake_force_configure': False, 'cmake_target': None, 'cmake_target_skip_unavailable': False, 'install_base': '/home/insa/ros2_ws/install/ldlidar_ros2', 'merge_install': False, 'path': '/home/insa/ros2_ws/src/ldlidar_ros2', 'symlink_install': False, 'test_result_base': None}
[3.585s] Level 5:colcon.colcon_core.verb:set package 'projet_siot' build argument 'cmake_args' from command line to 'None'
[3.585s] Level 5:colcon.colcon_core.verb:set package 'projet_siot' build argument 'cmake_target' from command line to 'None'
[3.586s] Level 5:colcon.colcon_core.verb:set package 'projet_siot' build argument 'cmake_target_skip_unavailable' from command line to 'False'
[3.586s] Level 5:colcon.colcon_core.verb:set package 'projet_siot' build argument 'cmake_clean_cache' from command line to 'False'
[3.586s] Level 5:colcon.colcon_core.verb:set package 'projet_siot' build argument 'cmake_clean_first' from command line to 'False'
[3.586s] Level 5:colcon.colcon_core.verb:set package 'projet_siot' build argument 'cmake_force_configure' from command line to 'False'
[3.586s] Level 5:colcon.colcon_core.verb:set package 'projet_siot' build argument 'ament_cmake_args' from command line to 'None'
[3.586s] Level 5:colcon.colcon_core.verb:set package 'projet_siot' build argument 'catkin_cmake_args' from command line to 'None'
[3.586s] Level 5:colcon.colcon_core.verb:set package 'projet_siot' build argument 'catkin_skip_building_tests' from command line to 'False'
[3.586s] DEBUG:colcon.colcon_core.verb:Building package 'projet_siot' with the following arguments: {'ament_cmake_args': None, 'build_base': '/home/insa/ros2_ws/build/projet_siot', 'catkin_cmake_args': None, 'catkin_skip_building_tests': False, 'cmake_args': None, 'cmake_clean_cache': False, 'cmake_clean_first': False, 'cmake_force_configure': False, 'cmake_target': None, 'cmake_target_skip_unavailable': False, 'install_base': '/home/insa/ros2_ws/install/projet_siot', 'merge_install': False, 'path': '/home/insa/ros2_ws/src/projet_siot', 'symlink_install': False, 'test_result_base': None}
[3.588s] Level 5:colcon.colcon_core.verb:set package 'ros2_icm20948' build argument 'cmake_args' from command line to 'None'
[3.588s] Level 5:colcon.colcon_core.verb:set package 'ros2_icm20948' build argument 'cmake_target' from command line to 'None'
[3.588s] Level 5:colcon.colcon_core.verb:set package 'ros2_icm20948' build argument 'cmake_target_skip_unavailable' from command line to 'False'
[3.589s] Level 5:colcon.colcon_core.verb:set package 'ros2_icm20948' build argument 'cmake_clean_cache' from command line to 'False'
[3.589s] Level 5:colcon.colcon_core.verb:set package 'ros2_icm20948' build argument 'cmake_clean_first' from command line to 'False'
[3.589s] Level 5:colcon.colcon_core.verb:set package 'ros2_icm20948' build argument 'cmake_force_configure' from command line to 'False'
[3.589s] Level 5:colcon.colcon_core.verb:set package 'ros2_icm20948' build argument 'ament_cmake_args' from command line to 'None'
[3.589s] Level 5:colcon.colcon_core.verb:set package 'ros2_icm20948' build argument 'catkin_cmake_args' from command line to 'None'
[3.589s] Level 5:colcon.colcon_core.verb:set package 'ros2_icm20948' build argument 'catkin_skip_building_tests' from command line to 'False'
[3.590s] DEBUG:colcon.colcon_core.verb:Building package 'ros2_icm20948' with the following arguments: {'ament_cmake_args': None, 'build_base': '/home/insa/ros2_ws/build/ros2_icm20948', 'catkin_cmake_args': None, 'catkin_skip_building_tests': False, 'cmake_args': None, 'cmake_clean_cache': False, 'cmake_clean_first': False, 'cmake_force_configure': False, 'cmake_target': None, 'cmake_target_skip_unavailable': False, 'install_base': '/home/insa/ros2_ws/install/ros2_icm20948', 'merge_install': False, 'path': '/home/insa/ros2_ws/src/ros2_icm20948', 'symlink_install': False, 'test_result_base': None}
[3.591s] INFO:colcon.colcon_core.executor:Executing jobs using 'parallel' executor
[3.597s] DEBUG:colcon.colcon_parallel_executor.executor.parallel:run_until_complete
[3.599s] INFO:colcon.colcon_ros.task.ament_cmake.build:Building ROS package in '/home/insa/ros2_ws/src/ldlidar_ros2' with build type 'ament_cmake'
[3.600s] INFO:colcon.colcon_cmake.task.cmake.build:Building CMake package in '/home/insa/ros2_ws/src/ldlidar_ros2'
[3.614s] INFO:colcon.colcon_core.plugin_system:Skipping extension 'colcon_core.shell.bat': Not used on non-Windows systems
[3.616s] INFO:colcon.colcon_core.shell:Skip shell extension 'powershell' for command environment: Not usable outside of PowerShell
[3.616s] DEBUG:colcon.colcon_core.shell:Skip shell extension 'dsv' for command environment
[3.641s] INFO:colcon.colcon_ros.task.ament_python.build:Building ROS package in '/home/insa/ros2_ws/src/projet_siot' with build type 'ament_python'
[3.642s] Level 1:colcon.colcon_core.shell:create_environment_hook('projet_siot', 'ament_prefix_path')
[3.643s] INFO:colcon.colcon_core.shell:Creating environment hook '/home/insa/ros2_ws/install/projet_siot/share/projet_siot/hook/ament_prefix_path.ps1'
[3.647s] INFO:colcon.colcon_core.shell:Creating environment descriptor '/home/insa/ros2_ws/install/projet_siot/share/projet_siot/hook/ament_prefix_path.dsv'
[3.651s] INFO:colcon.colcon_core.shell:Creating environment hook '/home/insa/ros2_ws/install/projet_siot/share/projet_siot/hook/ament_prefix_path.sh'
[3.657s] INFO:colcon.colcon_core.shell:Skip shell extension 'powershell' for command environment: Not usable outside of PowerShell
[3.657s] DEBUG:colcon.colcon_core.shell:Skip shell extension 'dsv' for command environment
[3.690s] INFO:colcon.colcon_ros.task.ament_python.build:Building ROS package in '/home/insa/ros2_ws/src/ros2_icm20948' with build type 'ament_python'
[3.692s] Level 1:colcon.colcon_core.shell:create_environment_hook('ros2_icm20948', 'ament_prefix_path')
[3.693s] INFO:colcon.colcon_core.shell:Creating environment hook '/home/insa/ros2_ws/install/ros2_icm20948/share/ros2_icm20948/hook/ament_prefix_path.ps1'
[3.698s] INFO:colcon.colcon_core.shell:Creating environment descriptor '/home/insa/ros2_ws/install/ros2_icm20948/share/ros2_icm20948/hook/ament_prefix_path.dsv'
[3.701s] INFO:colcon.colcon_core.shell:Creating environment hook '/home/insa/ros2_ws/install/ros2_icm20948/share/ros2_icm20948/hook/ament_prefix_path.sh'
[3.706s] INFO:colcon.colcon_core.shell:Skip shell extension 'powershell' for command environment: Not usable outside of PowerShell
[3.707s] DEBUG:colcon.colcon_core.shell:Skip shell extension 'dsv' for command environment
[3.782s] DEBUG:colcon.colcon_core.event_handler.log_command:Invoking command in '/home/insa/ros2_ws/build/ldlidar_ros2': CMAKE_PREFIX_PATH=${CMAKE_PREFIX_PATH}:/home/insa/ros2_ws/install/ros2_icm20948:/home/insa/ros2_ws/install/projet_siot:/opt/ros/humble /usr/bin/cmake --build /home/insa/ros2_ws/build/ldlidar_ros2 -- -j4 -l4
[6.293s] INFO:colcon.colcon_core.task.python.build:Building Python package in '/home/insa/ros2_ws/src/projet_siot'
[6.295s] INFO:colcon.colcon_core.shell:Skip shell extension 'powershell' for command environment: Not usable outside of PowerShell
[6.296s] DEBUG:colcon.colcon_core.shell:Skip shell extension 'dsv' for command environment
[8.551s] INFO:colcon.colcon_core.task.python.build:Building Python package in '/home/insa/ros2_ws/src/ros2_icm20948'
[8.553s] INFO:colcon.colcon_core.shell:Skip shell extension 'powershell' for command environment: Not usable outside of PowerShell
[8.554s] DEBUG:colcon.colcon_core.shell:Skip shell extension 'dsv' for command environment
[8.634s] DEBUG:colcon.colcon_core.event_handler.log_command:Invoked command in '/home/insa/ros2_ws/build/ldlidar_ros2' returned '0': CMAKE_PREFIX_PATH=${CMAKE_PREFIX_PATH}:/home/insa/ros2_ws/install/ros2_icm20948:/home/insa/ros2_ws/install/projet_siot:/opt/ros/humble /usr/bin/cmake --build /home/insa/ros2_ws/build/ldlidar_ros2 -- -j4 -l4
[8.691s] DEBUG:colcon.colcon_core.event_handler.log_command:Invoking command in '/home/insa/ros2_ws/build/ldlidar_ros2': CMAKE_PREFIX_PATH=${CMAKE_PREFIX_PATH}:/home/insa/ros2_ws/install/ros2_icm20948:/home/insa/ros2_ws/install/projet_siot:/opt/ros/humble /usr/bin/cmake --install /home/insa/ros2_ws/build/ldlidar_ros2
[8.871s] Level 1:colcon.colcon_core.environment:create_environment_scripts_only(ldlidar_ros2)
[8.939s] Level 1:colcon.colcon_core.environment:checking '/home/insa/ros2_ws/install/ldlidar_ros2' for CMake module files
[8.949s] DEBUG:colcon.colcon_core.event_handler.log_command:Invoked command in '/home/insa/ros2_ws/build/ldlidar_ros2' returned '0': CMAKE_PREFIX_PATH=${CMAKE_PREFIX_PATH}:/home/insa/ros2_ws/install/ros2_icm20948:/home/insa/ros2_ws/install/projet_siot:/opt/ros/humble /usr/bin/cmake --install /home/insa/ros2_ws/build/ldlidar_ros2
[8.954s] Level 1:colcon.colcon_core.environment:checking '/home/insa/ros2_ws/install/ldlidar_ros2' for CMake config files
[8.958s] Level 1:colcon.colcon_core.shell:create_environment_hook('ldlidar_ros2', 'cmake_prefix_path')
[8.959s] INFO:colcon.colcon_core.shell:Creating environment hook '/home/insa/ros2_ws/install/ldlidar_ros2/share/ldlidar_ros2/hook/cmake_prefix_path.ps1'
[8.962s] INFO:colcon.colcon_core.shell:Creating environment descriptor '/home/insa/ros2_ws/install/ldlidar_ros2/share/ldlidar_ros2/hook/cmake_prefix_path.dsv'
[8.965s] INFO:colcon.colcon_core.shell:Creating environment hook '/home/insa/ros2_ws/install/ldlidar_ros2/share/ldlidar_ros2/hook/cmake_prefix_path.sh'
[8.972s] Level 1:colcon.colcon_core.environment:checking '/home/insa/ros2_ws/install/ldlidar_ros2/lib'
[8.973s] Level 1:colcon.colcon_core.environment:checking '/home/insa/ros2_ws/install/ldlidar_ros2/bin'
[8.974s] Level 1:colcon.colcon_core.environment:checking '/home/insa/ros2_ws/install/ldlidar_ros2/lib/pkgconfig/ldlidar_ros2.pc'
[8.976s] Level 1:colcon.colcon_core.environment:checking '/home/insa/ros2_ws/install/ldlidar_ros2/lib/python3.10/site-packages'
[8.982s] Level 1:colcon.colcon_core.environment:checking '/home/insa/ros2_ws/install/ldlidar_ros2/bin'
[8.985s] INFO:colcon.colcon_core.shell:Creating package script '/home/insa/ros2_ws/install/ldlidar_ros2/share/ldlidar_ros2/package.ps1'
[8.995s] INFO:colcon.colcon_core.shell:Creating package descriptor '/home/insa/ros2_ws/install/ldlidar_ros2/share/ldlidar_ros2/package.dsv'
[8.999s] INFO:colcon.colcon_core.shell:Creating package script '/home/insa/ros2_ws/install/ldlidar_ros2/share/ldlidar_ros2/package.sh'
[9.009s] INFO:colcon.colcon_core.shell:Creating package script '/home/insa/ros2_ws/install/ldlidar_ros2/share/ldlidar_ros2/package.bash'
[9.021s] INFO:colcon.colcon_core.shell:Creating package script '/home/insa/ros2_ws/install/ldlidar_ros2/share/ldlidar_ros2/package.zsh'
[9.026s] Level 1:colcon.colcon_core.environment:create_file_with_runtime_dependencies(/home/insa/ros2_ws/install/ldlidar_ros2/share/colcon-core/packages/ldlidar_ros2)
[9.032s] Level 1:colcon.colcon_core.environment:create_environment_scripts_only(ldlidar_ros2)
[9.034s] Level 1:colcon.colcon_core.environment:checking '/home/insa/ros2_ws/install/ldlidar_ros2' for CMake module files
[9.037s] Level 1:colcon.colcon_core.environment:checking '/home/insa/ros2_ws/install/ldlidar_ros2' for CMake config files
[9.041s] Level 1:colcon.colcon_core.shell:create_environment_hook('ldlidar_ros2', 'cmake_prefix_path')
[9.042s] INFO:colcon.colcon_core.shell:Creating environment hook '/home/insa/ros2_ws/install/ldlidar_ros2/share/ldlidar_ros2/hook/cmake_prefix_path.ps1'
[9.046s] INFO:colcon.colcon_core.shell:Creating environment descriptor '/home/insa/ros2_ws/install/ldlidar_ros2/share/ldlidar_ros2/hook/cmake_prefix_path.dsv'
[9.049s] INFO:colcon.colcon_core.shell:Creating environment hook '/home/insa/ros2_ws/install/ldlidar_ros2/share/ldlidar_ros2/hook/cmake_prefix_path.sh'
[9.056s] Level 1:colcon.colcon_core.environment:checking '/home/insa/ros2_ws/install/ldlidar_ros2/lib'
[9.057s] Level 1:colcon.colcon_core.environment:checking '/home/insa/ros2_ws/install/ldlidar_ros2/bin'
[9.057s] Level 1:colcon.colcon_core.environment:checking '/home/insa/ros2_ws/install/ldlidar_ros2/lib/pkgconfig/ldlidar_ros2.pc'
[9.058s] Level 1:colcon.colcon_core.environment:checking '/home/insa/ros2_ws/install/ldlidar_ros2/lib/python3.10/site-packages'
[9.061s] Level 1:colcon.colcon_core.environment:checking '/home/insa/ros2_ws/install/ldlidar_ros2/bin'
[9.062s] INFO:colcon.colcon_core.shell:Creating package script '/home/insa/ros2_ws/install/ldlidar_ros2/share/ldlidar_ros2/package.ps1'
[9.066s] INFO:colcon.colcon_core.shell:Creating package descriptor '/home/insa/ros2_ws/install/ldlidar_ros2/share/ldlidar_ros2/package.dsv'
[9.070s] INFO:colcon.colcon_core.shell:Creating package script '/home/insa/ros2_ws/install/ldlidar_ros2/share/ldlidar_ros2/package.sh'
[9.090s] INFO:colcon.colcon_core.shell:Creating package script '/home/insa/ros2_ws/install/ldlidar_ros2/share/ldlidar_ros2/package.bash'
[9.109s] INFO:colcon.colcon_core.shell:Creating package script '/home/insa/ros2_ws/install/ldlidar_ros2/share/ldlidar_ros2/package.zsh'
[9.125s] Level 1:colcon.colcon_core.environment:create_file_with_runtime_dependencies(/home/insa/ros2_ws/install/ldlidar_ros2/share/colcon-core/packages/ldlidar_ros2)
[12.943s] DEBUG:colcon.colcon_core.event_handler.log_command:Invoking command in '/home/insa/ros2_ws/src/projet_siot': PYTHONPATH=/home/insa/ros2_ws/build/projet_siot/prefix_override:/usr/lib/python3/dist-packages/colcon_core/task/python/colcon_distutils_commands:/home/insa/ros2_ws/install/projet_siot/lib/python3.10/site-packages:${PYTHONPATH} /usr/bin/python3 -W ignore:setup.py install is deprecated -W ignore:easy_install command is deprecated setup.py egg_info --egg-base ../../build/projet_siot build --build-base /home/insa/ros2_ws/build/projet_siot/build install --record /home/insa/ros2_ws/build/projet_siot/install.log --single-version-externally-managed install_data
[13.362s] DEBUG:colcon.colcon_core.event_handler.log_command:Invoking command in '/home/insa/ros2_ws/src/ros2_icm20948': PYTHONPATH=/home/insa/ros2_ws/build/ros2_icm20948/prefix_override:/usr/lib/python3/dist-packages/colcon_core/task/python/colcon_distutils_commands:/home/insa/ros2_ws/install/ros2_icm20948/lib/python3.10/site-packages:${PYTHONPATH} /usr/bin/python3 -W ignore:setup.py install is deprecated -W ignore:easy_install command is deprecated setup.py egg_info --egg-base ../../build/ros2_icm20948 build --build-base /home/insa/ros2_ws/build/ros2_icm20948/build install --record /home/insa/ros2_ws/build/ros2_icm20948/install.log --single-version-externally-managed install_data
[16.558s] Level 1:colcon.colcon_core.environment:checking '/home/insa/ros2_ws/install/projet_siot' for CMake module files
[16.563s] Level 1:colcon.colcon_core.environment:checking '/home/insa/ros2_ws/install/projet_siot' for CMake config files
[16.569s] Level 1:colcon.colcon_core.environment:checking '/home/insa/ros2_ws/install/projet_siot/lib'
[16.569s] Level 1:colcon.colcon_core.environment:checking '/home/insa/ros2_ws/install/projet_siot/bin'
[16.570s] Level 1:colcon.colcon_core.environment:checking '/home/insa/ros2_ws/install/projet_siot/lib/pkgconfig/projet_siot.pc'
[16.571s] Level 1:colcon.colcon_core.environment:checking '/home/insa/ros2_ws/install/projet_siot/lib/python3.10/site-packages'
[16.572s] Level 1:colcon.colcon_core.shell:create_environment_hook('projet_siot', 'pythonpath')
[16.560s] DEBUG:colcon.colcon_core.event_handler.log_command:Invoked command in '/home/insa/ros2_ws/src/projet_siot' returned '0': PYTHONPATH=/home/insa/ros2_ws/build/projet_siot/prefix_override:/usr/lib/python3/dist-packages/colcon_core/task/python/colcon_distutils_commands:/home/insa/ros2_ws/install/projet_siot/lib/python3.10/site-packages:${PYTHONPATH} /usr/bin/python3 -W ignore:setup.py install is deprecated -W ignore:easy_install command is deprecated setup.py egg_info --egg-base ../../build/projet_siot build --build-base /home/insa/ros2_ws/build/projet_siot/build install --record /home/insa/ros2_ws/build/projet_siot/install.log --single-version-externally-managed install_data
[16.573s] INFO:colcon.colcon_core.shell:Creating environment hook '/home/insa/ros2_ws/install/projet_siot/share/projet_siot/hook/pythonpath.ps1'
[16.579s] INFO:colcon.colcon_core.shell:Creating environment descriptor '/home/insa/ros2_ws/install/projet_siot/share/projet_siot/hook/pythonpath.dsv'
[16.582s] INFO:colcon.colcon_core.shell:Creating environment hook '/home/insa/ros2_ws/install/projet_siot/share/projet_siot/hook/pythonpath.sh'
[16.587s] Level 1:colcon.colcon_core.environment:checking '/home/insa/ros2_ws/install/projet_siot/bin'
[16.587s] Level 1:colcon.colcon_core.environment:create_environment_scripts_only(projet_siot)
[16.589s] INFO:colcon.colcon_core.shell:Creating package script '/home/insa/ros2_ws/install/projet_siot/share/projet_siot/package.ps1'
[16.593s] INFO:colcon.colcon_core.shell:Creating package descriptor '/home/insa/ros2_ws/install/projet_siot/share/projet_siot/package.dsv'
[16.596s] INFO:colcon.colcon_core.shell:Creating package script '/home/insa/ros2_ws/install/projet_siot/share/projet_siot/package.sh'
[16.599s] INFO:colcon.colcon_core.shell:Creating package script '/home/insa/ros2_ws/install/projet_siot/share/projet_siot/package.bash'
[16.618s] INFO:colcon.colcon_core.shell:Creating package script '/home/insa/ros2_ws/install/projet_siot/share/projet_siot/package.zsh'
[16.623s] Level 1:colcon.colcon_core.environment:create_file_with_runtime_dependencies(/home/insa/ros2_ws/install/projet_siot/share/colcon-core/packages/projet_siot)
[17.378s] Level 1:colcon.colcon_core.environment:checking '/home/insa/ros2_ws/install/ros2_icm20948' for CMake module files
[17.384s] Level 1:colcon.colcon_core.environment:checking '/home/insa/ros2_ws/install/ros2_icm20948' for CMake config files
[17.393s] DEBUG:colcon.colcon_core.event_handler.log_command:Invoked command in '/home/insa/ros2_ws/src/ros2_icm20948' returned '0': PYTHONPATH=/home/insa/ros2_ws/build/ros2_icm20948/prefix_override:/usr/lib/python3/dist-packages/colcon_core/task/python/colcon_distutils_commands:/home/insa/ros2_ws/install/ros2_icm20948/lib/python3.10/site-packages:${PYTHONPATH} /usr/bin/python3 -W ignore:setup.py install is deprecated -W ignore:easy_install command is deprecated setup.py egg_info --egg-base ../../build/ros2_icm20948 build --build-base /home/insa/ros2_ws/build/ros2_icm20948/build install --record /home/insa/ros2_ws/build/ros2_icm20948/install.log --single-version-externally-managed install_data
[17.396s] Level 1:colcon.colcon_core.environment:checking '/home/insa/ros2_ws/install/ros2_icm20948/lib'
[17.398s] Level 1:colcon.colcon_core.environment:checking '/home/insa/ros2_ws/install/ros2_icm20948/bin'
[17.398s] Level 1:colcon.colcon_core.environment:checking '/home/insa/ros2_ws/install/ros2_icm20948/lib/pkgconfig/ros2_icm20948.pc'
[17.399s] Level 1:colcon.colcon_core.environment:checking '/home/insa/ros2_ws/install/ros2_icm20948/lib/python3.10/site-packages'
[17.399s] Level 1:colcon.colcon_core.shell:create_environment_hook('ros2_icm20948', 'pythonpath')
[17.401s] INFO:colcon.colcon_core.shell:Creating environment hook '/home/insa/ros2_ws/install/ros2_icm20948/share/ros2_icm20948/hook/pythonpath.ps1'
[17.404s] INFO:colcon.colcon_core.shell:Creating environment descriptor '/home/insa/ros2_ws/install/ros2_icm20948/share/ros2_icm20948/hook/pythonpath.dsv'
[17.409s] INFO:colcon.colcon_core.shell:Creating environment hook '/home/insa/ros2_ws/install/ros2_icm20948/share/ros2_icm20948/hook/pythonpath.sh'
[17.416s] Level 1:colcon.colcon_core.environment:checking '/home/insa/ros2_ws/install/ros2_icm20948/bin'
[17.416s] Level 1:colcon.colcon_core.environment:create_environment_scripts_only(ros2_icm20948)
[17.417s] INFO:colcon.colcon_core.shell:Creating package script '/home/insa/ros2_ws/install/ros2_icm20948/share/ros2_icm20948/package.ps1'
[17.422s] INFO:colcon.colcon_core.shell:Creating package descriptor '/home/insa/ros2_ws/install/ros2_icm20948/share/ros2_icm20948/package.dsv'
[17.425s] INFO:colcon.colcon_core.shell:Creating package script '/home/insa/ros2_ws/install/ros2_icm20948/share/ros2_icm20948/package.sh'
[17.429s] INFO:colcon.colcon_core.shell:Creating package script '/home/insa/ros2_ws/install/ros2_icm20948/share/ros2_icm20948/package.bash'
[17.435s] INFO:colcon.colcon_core.shell:Creating package script '/home/insa/ros2_ws/install/ros2_icm20948/share/ros2_icm20948/package.zsh'
[17.438s] Level 1:colcon.colcon_core.environment:create_file_with_runtime_dependencies(/home/insa/ros2_ws/install/ros2_icm20948/share/colcon-core/packages/ros2_icm20948)
[17.443s] DEBUG:colcon.colcon_parallel_executor.executor.parallel:closing loop
[17.444s] DEBUG:colcon.colcon_parallel_executor.executor.parallel:loop closed
[17.445s] DEBUG:colcon.colcon_parallel_executor.executor.parallel:run_until_complete finished with '0'
[17.445s] DEBUG:colcon.colcon_core.event_reactor:joining thread
[17.493s] INFO:colcon.colcon_core.plugin_system:Skipping extension 'colcon_notification.desktop_notification.terminal_notifier': Not used on non-Darwin systems
[17.493s] INFO:colcon.colcon_core.plugin_system:Skipping extension 'colcon_notification.desktop_notification.win32': Not used on non-Windows systems
[17.494s] INFO:colcon.colcon_notification.desktop_notification:Sending desktop notification using 'notify2'
[17.596s] DEBUG:colcon.colcon_core.event_reactor:joined thread
[17.600s] INFO:colcon.colcon_core.shell:Creating prefix script '/home/insa/ros2_ws/install/local_setup.ps1'
[17.610s] INFO:colcon.colcon_core.shell:Creating prefix util module '/home/insa/ros2_ws/install/_local_setup_util_ps1.py'
[17.631s] INFO:colcon.colcon_core.shell:Creating prefix chain script '/home/insa/ros2_ws/install/setup.ps1'
[17.645s] INFO:colcon.colcon_core.shell:Creating prefix script '/home/insa/ros2_ws/install/local_setup.sh'
[17.650s] INFO:colcon.colcon_core.shell:Creating prefix util module '/home/insa/ros2_ws/install/_local_setup_util_sh.py'
[17.659s] INFO:colcon.colcon_core.shell:Creating prefix chain script '/home/insa/ros2_ws/install/setup.sh'
[17.669s] INFO:colcon.colcon_core.shell:Creating prefix script '/home/insa/ros2_ws/install/local_setup.bash'
[17.675s] INFO:colcon.colcon_core.shell:Creating prefix chain script '/home/insa/ros2_ws/install/setup.bash'
[17.772s] INFO:colcon.colcon_core.shell:Creating prefix script '/home/insa/ros2_ws/install/local_setup.zsh'
[17.775s] INFO:colcon.colcon_core.shell:Creating prefix chain script '/home/insa/ros2_ws/install/setup.zsh'
