running egg_info
creating ../../build/imu_to_odom/imu_to_odom.egg-info
writing ../../build/imu_to_odom/imu_to_odom.egg-info/PKG-INFO
writing dependency_links to ../../build/imu_to_odom/imu_to_odom.egg-info/dependency_links.txt
writing entry points to ../../build/imu_to_odom/imu_to_odom.egg-info/entry_points.txt
writing requirements to ../../build/imu_to_odom/imu_to_odom.egg-info/requires.txt
writing top-level names to ../../build/imu_to_odom/imu_to_odom.egg-info/top_level.txt
writing manifest file '../../build/imu_to_odom/imu_to_odom.egg-info/SOURCES.txt'
reading manifest file '../../build/imu_to_odom/imu_to_odom.egg-info/SOURCES.txt'
writing manifest file '../../build/imu_to_odom/imu_to_odom.egg-info/SOURCES.txt'
running build
running build_py
creating /home/insa/ros2_ws/build/imu_to_odom/build
creating /home/insa/ros2_ws/build/imu_to_odom/build/lib
creating /home/insa/ros2_ws/build/imu_to_odom/build/lib/imu_to_odom
copying imu_to_odom/__init__.py -> /home/insa/ros2_ws/build/imu_to_odom/build/lib/imu_to_odom
copying imu_to_odom/imu_to_odom.py -> /home/insa/ros2_ws/build/imu_to_odom/build/lib/imu_to_odom
running install
running install_lib
creating /home/insa/ros2_ws/install/imu_to_odom/lib/python3.10/site-packages/imu_to_odom
copying /home/insa/ros2_ws/build/imu_to_odom/build/lib/imu_to_odom/__init__.py -> /home/insa/ros2_ws/install/imu_to_odom/lib/python3.10/site-packages/imu_to_odom
copying /home/insa/ros2_ws/build/imu_to_odom/build/lib/imu_to_odom/imu_to_odom.py -> /home/insa/ros2_ws/install/imu_to_odom/lib/python3.10/site-packages/imu_to_odom
byte-compiling /home/insa/ros2_ws/install/imu_to_odom/lib/python3.10/site-packages/imu_to_odom/__init__.py to __init__.cpython-310.pyc
byte-compiling /home/insa/ros2_ws/install/imu_to_odom/lib/python3.10/site-packages/imu_to_odom/imu_to_odom.py to imu_to_odom.cpython-310.pyc
running install_data
creating /home/insa/ros2_ws/install/imu_to_odom/share/ament_index
creating /home/insa/ros2_ws/install/imu_to_odom/share/ament_index/resource_index
creating /home/insa/ros2_ws/install/imu_to_odom/share/ament_index/resource_index/packages
copying resource/imu_to_odom -> /home/insa/ros2_ws/install/imu_to_odom/share/ament_index/resource_index/packages
copying package.xml -> /home/insa/ros2_ws/install/imu_to_odom/share/imu_to_odom
running install_egg_info
Copying ../../build/imu_to_odom/imu_to_odom.egg-info to /home/insa/ros2_ws/install/imu_to_odom/lib/python3.10/site-packages/imu_to_odom-0.0.0-py3.10.egg-info
running install_scripts
Installing imu_to_odom script to /home/insa/ros2_ws/install/imu_to_odom/lib/imu_to_odom
writing list of installed files to '/home/insa/ros2_ws/build/imu_to_odom/install.log'
