[7.204s] Invoking command in '/home/insa/ros2_ws/src/imu_to_odom': PYTHONPATH=/home/insa/ros2_ws/build/imu_to_odom/prefix_override:/usr/lib/python3/dist-packages/colcon_core/task/python/colcon_distutils_commands:/home/insa/ros2_ws/install/imu_to_odom/lib/python3.10/site-packages:${PYTHONPATH} /usr/bin/python3 -W ignore:setup.py install is deprecated -W ignore:easy_install command is deprecated setup.py egg_info --egg-base ../../build/imu_to_odom build --build-base /home/insa/ros2_ws/build/imu_to_odom/build install --record /home/insa/ros2_ws/build/imu_to_odom/install.log --single-version-externally-managed install_data
[8.868s] running egg_info
[8.871s] creating ../../build/imu_to_odom/imu_to_odom.egg-info
[8.872s] writing ../../build/imu_to_odom/imu_to_odom.egg-info/PKG-INFO
[8.874s] writing dependency_links to ../../build/imu_to_odom/imu_to_odom.egg-info/dependency_links.txt
[8.875s] writing entry points to ../../build/imu_to_odom/imu_to_odom.egg-info/entry_points.txt
[8.878s] writing requirements to ../../build/imu_to_odom/imu_to_odom.egg-info/requires.txt
[8.880s] writing top-level names to ../../build/imu_to_odom/imu_to_odom.egg-info/top_level.txt
[8.884s] writing manifest file '../../build/imu_to_odom/imu_to_odom.egg-info/SOURCES.txt'
[8.895s] reading manifest file '../../build/imu_to_odom/imu_to_odom.egg-info/SOURCES.txt'
[8.899s] writing manifest file '../../build/imu_to_odom/imu_to_odom.egg-info/SOURCES.txt'
[8.901s] running build
[8.902s] running build_py
[8.903s] creating /home/insa/ros2_ws/build/imu_to_odom/build
[8.904s] creating /home/insa/ros2_ws/build/imu_to_odom/build/lib
[8.905s] creating /home/insa/ros2_ws/build/imu_to_odom/build/lib/imu_to_odom
[8.906s] copying imu_to_odom/__init__.py -> /home/insa/ros2_ws/build/imu_to_odom/build/lib/imu_to_odom
[8.907s] copying imu_to_odom/imu_to_odom.py -> /home/insa/ros2_ws/build/imu_to_odom/build/lib/imu_to_odom
[8.908s] running install
[8.910s] running install_lib
[8.913s] creating /home/insa/ros2_ws/install/imu_to_odom/lib/python3.10/site-packages/imu_to_odom
[8.914s] copying /home/insa/ros2_ws/build/imu_to_odom/build/lib/imu_to_odom/__init__.py -> /home/insa/ros2_ws/install/imu_to_odom/lib/python3.10/site-packages/imu_to_odom
[8.915s] copying /home/insa/ros2_ws/build/imu_to_odom/build/lib/imu_to_odom/imu_to_odom.py -> /home/insa/ros2_ws/install/imu_to_odom/lib/python3.10/site-packages/imu_to_odom
[8.918s] byte-compiling /home/insa/ros2_ws/install/imu_to_odom/lib/python3.10/site-packages/imu_to_odom/__init__.py to __init__.cpython-310.pyc
[8.920s] byte-compiling /home/insa/ros2_ws/install/imu_to_odom/lib/python3.10/site-packages/imu_to_odom/imu_to_odom.py to imu_to_odom.cpython-310.pyc
[8.922s] running install_data
[8.923s] creating /home/insa/ros2_ws/install/imu_to_odom/share/ament_index
[8.924s] creating /home/insa/ros2_ws/install/imu_to_odom/share/ament_index/resource_index
[8.925s] creating /home/insa/ros2_ws/install/imu_to_odom/share/ament_index/resource_index/packages
[8.926s] copying resource/imu_to_odom -> /home/insa/ros2_ws/install/imu_to_odom/share/ament_index/resource_index/packages
[8.927s] copying package.xml -> /home/insa/ros2_ws/install/imu_to_odom/share/imu_to_odom
[8.927s] running install_egg_info
[8.936s] Copying ../../build/imu_to_odom/imu_to_odom.egg-info to /home/insa/ros2_ws/install/imu_to_odom/lib/python3.10/site-packages/imu_to_odom-0.0.0-py3.10.egg-info
[8.945s] running install_scripts
[9.088s] Installing imu_to_odom script to /home/insa/ros2_ws/install/imu_to_odom/lib/imu_to_odom
[9.093s] writing list of installed files to '/home/insa/ros2_ws/build/imu_to_odom/install.log'
[9.424s] Invoked command in '/home/insa/ros2_ws/src/imu_to_odom' returned '0': PYTHONPATH=/home/insa/ros2_ws/build/imu_to_odom/prefix_override:/usr/lib/python3/dist-packages/colcon_core/task/python/colcon_distutils_commands:/home/insa/ros2_ws/install/imu_to_odom/lib/python3.10/site-packages:${PYTHONPATH} /usr/bin/python3 -W ignore:setup.py install is deprecated -W ignore:easy_install command is deprecated setup.py egg_info --egg-base ../../build/imu_to_odom build --build-base /home/insa/ros2_ws/build/imu_to_odom/build install --record /home/insa/ros2_ws/build/imu_to_odom/install.log --single-version-externally-managed install_data
