running egg_info
creating ../../build/projet_siot/projet_siot.egg-info
writing ../../build/projet_siot/projet_siot.egg-info/PKG-INFO
writing dependency_links to ../../build/projet_siot/projet_siot.egg-info/dependency_links.txt
writing entry points to ../../build/projet_siot/projet_siot.egg-info/entry_points.txt
writing requirements to ../../build/projet_siot/projet_siot.egg-info/requires.txt
writing top-level names to ../../build/projet_siot/projet_siot.egg-info/top_level.txt
writing manifest file '../../build/projet_siot/projet_siot.egg-info/SOURCES.txt'
reading manifest file '../../build/projet_siot/projet_siot.egg-info/SOURCES.txt'
writing manifest file '../../build/projet_siot/projet_siot.egg-info/SOURCES.txt'
running build
running build_py
creating /home/insa/ros2_ws/build/projet_siot/build
creating /home/insa/ros2_ws/build/projet_siot/build/lib
creating /home/insa/ros2_ws/build/projet_siot/build/lib/projet_siot
copying projet_siot/__init__.py -> /home/insa/ros2_ws/build/projet_siot/build/lib/projet_siot
copying projet_siot/lidar_data_processing.py -> /home/insa/ros2_ws/build/projet_siot/build/lib/projet_siot
running install
running install_lib
creating /home/insa/ros2_ws/install/projet_siot/lib/python3.10/site-packages/projet_siot
copying /home/insa/ros2_ws/build/projet_siot/build/lib/projet_siot/__init__.py -> /home/insa/ros2_ws/install/projet_siot/lib/python3.10/site-packages/projet_siot
copying /home/insa/ros2_ws/build/projet_siot/build/lib/projet_siot/lidar_data_processing.py -> /home/insa/ros2_ws/install/projet_siot/lib/python3.10/site-packages/projet_siot
byte-compiling /home/insa/ros2_ws/install/projet_siot/lib/python3.10/site-packages/projet_siot/__init__.py to __init__.cpython-310.pyc
byte-compiling /home/insa/ros2_ws/install/projet_siot/lib/python3.10/site-packages/projet_siot/lidar_data_processing.py to lidar_data_processing.cpython-310.pyc
running install_data
creating /home/insa/ros2_ws/install/projet_siot/share/ament_index
creating /home/insa/ros2_ws/install/projet_siot/share/ament_index/resource_index
creating /home/insa/ros2_ws/install/projet_siot/share/ament_index/resource_index/packages
copying resource/projet_siot -> /home/insa/ros2_ws/install/projet_siot/share/ament_index/resource_index/packages
copying package.xml -> /home/insa/ros2_ws/install/projet_siot/share/projet_siot
running install_egg_info
Copying ../../build/projet_siot/projet_siot.egg-info to /home/insa/ros2_ws/install/projet_siot/lib/python3.10/site-packages/projet_siot-0.0.0-py3.10.egg-info
running install_scripts
Installing lidar_data_processing script to /home/insa/ros2_ws/install/projet_siot/lib/projet_siot
writing list of installed files to '/home/insa/ros2_ws/build/projet_siot/install.log'
