running egg_info
creating ../../build/ros2_icm20948/ros2_icm20948.egg-info
writing ../../build/ros2_icm20948/ros2_icm20948.egg-info/PKG-INFO
writing dependency_links to ../../build/ros2_icm20948/ros2_icm20948.egg-info/dependency_links.txt
writing entry points to ../../build/ros2_icm20948/ros2_icm20948.egg-info/entry_points.txt
writing requirements to ../../build/ros2_icm20948/ros2_icm20948.egg-info/requires.txt
writing top-level names to ../../build/ros2_icm20948/ros2_icm20948.egg-info/top_level.txt
writing manifest file '../../build/ros2_icm20948/ros2_icm20948.egg-info/SOURCES.txt'
reading manifest file '../../build/ros2_icm20948/ros2_icm20948.egg-info/SOURCES.txt'
writing manifest file '../../build/ros2_icm20948/ros2_icm20948.egg-info/SOURCES.txt'
running build
running build_py
creating /home/insa/ros2_ws/build/ros2_icm20948/build
creating /home/insa/ros2_ws/build/ros2_icm20948/build/lib
creating /home/insa/ros2_ws/build/ros2_icm20948/build/lib/ros2_icm20948
copying ros2_icm20948/icm20948_node.py -> /home/insa/ros2_ws/build/ros2_icm20948/build/lib/ros2_icm20948
copying ros2_icm20948/__init__.py -> /home/insa/ros2_ws/build/ros2_icm20948/build/lib/ros2_icm20948
running install
running install_lib
creating /home/insa/ros2_ws/install/ros2_icm20948/lib/python3.10/site-packages/ros2_icm20948
copying /home/insa/ros2_ws/build/ros2_icm20948/build/lib/ros2_icm20948/icm20948_node.py -> /home/insa/ros2_ws/install/ros2_icm20948/lib/python3.10/site-packages/ros2_icm20948
copying /home/insa/ros2_ws/build/ros2_icm20948/build/lib/ros2_icm20948/__init__.py -> /home/insa/ros2_ws/install/ros2_icm20948/lib/python3.10/site-packages/ros2_icm20948
byte-compiling /home/insa/ros2_ws/install/ros2_icm20948/lib/python3.10/site-packages/ros2_icm20948/icm20948_node.py to icm20948_node.cpython-310.pyc
byte-compiling /home/insa/ros2_ws/install/ros2_icm20948/lib/python3.10/site-packages/ros2_icm20948/__init__.py to __init__.cpython-310.pyc
running install_data
creating /home/insa/ros2_ws/install/ros2_icm20948/share/ament_index
creating /home/insa/ros2_ws/install/ros2_icm20948/share/ament_index/resource_index
creating /home/insa/ros2_ws/install/ros2_icm20948/share/ament_index/resource_index/packages
copying resource/ros2_icm20948 -> /home/insa/ros2_ws/install/ros2_icm20948/share/ament_index/resource_index/packages
copying package.xml -> /home/insa/ros2_ws/install/ros2_icm20948/share/ros2_icm20948
copying launch/icm20948_node_launch.py -> /home/insa/ros2_ws/install/ros2_icm20948/share/ros2_icm20948
running install_egg_info
Copying ../../build/ros2_icm20948/ros2_icm20948.egg-info to /home/insa/ros2_ws/install/ros2_icm20948/lib/python3.10/site-packages/ros2_icm20948-0.0.1-py3.10.egg-info
running install_scripts
Installing icm20948_node script to /home/insa/ros2_ws/install/ros2_icm20948/lib/ros2_icm20948
writing list of installed files to '/home/insa/ros2_ws/build/ros2_icm20948/install.log'
