[9.234s] Invoking command in '/home/insa/ros2_ws/src/ros2_icm20948': PYTHONPATH=/home/insa/ros2_ws/build/ros2_icm20948/prefix_override:/usr/lib/python3/dist-packages/colcon_core/task/python/colcon_distutils_commands:/home/insa/ros2_ws/install/ros2_icm20948/lib/python3.10/site-packages:${PYTHONPATH} /usr/bin/python3 -W ignore:setup.py install is deprecated -W ignore:easy_install command is deprecated setup.py egg_info --egg-base ../../build/ros2_icm20948 build --build-base /home/insa/ros2_ws/build/ros2_icm20948/build install --record /home/insa/ros2_ws/build/ros2_icm20948/install.log --single-version-externally-managed install_data
[12.016s] running egg_info
[12.034s] creating ../../build/ros2_icm20948/ros2_icm20948.egg-info
[12.037s] writing ../../build/ros2_icm20948/ros2_icm20948.egg-info/PKG-INFO
[12.048s] writing dependency_links to ../../build/ros2_icm20948/ros2_icm20948.egg-info/dependency_links.txt
[12.061s] writing entry points to ../../build/ros2_icm20948/ros2_icm20948.egg-info/entry_points.txt
[12.082s] writing requirements to ../../build/ros2_icm20948/ros2_icm20948.egg-info/requires.txt
[12.092s] writing top-level names to ../../build/ros2_icm20948/ros2_icm20948.egg-info/top_level.txt
[12.095s] writing manifest file '../../build/ros2_icm20948/ros2_icm20948.egg-info/SOURCES.txt'
[12.096s] reading manifest file '../../build/ros2_icm20948/ros2_icm20948.egg-info/SOURCES.txt'
[12.097s] writing manifest file '../../build/ros2_icm20948/ros2_icm20948.egg-info/SOURCES.txt'
[12.097s] running build
[12.098s] running build_py
[12.098s] creating /home/insa/ros2_ws/build/ros2_icm20948/build
[12.099s] creating /home/insa/ros2_ws/build/ros2_icm20948/build/lib
[12.099s] creating /home/insa/ros2_ws/build/ros2_icm20948/build/lib/ros2_icm20948
[12.100s] copying ros2_icm20948/icm20948_node.py -> /home/insa/ros2_ws/build/ros2_icm20948/build/lib/ros2_icm20948
[12.106s] copying ros2_icm20948/__init__.py -> /home/insa/ros2_ws/build/ros2_icm20948/build/lib/ros2_icm20948
[12.122s] running install
[12.125s] running install_lib
[12.128s] creating /home/insa/ros2_ws/install/ros2_icm20948/lib/python3.10/site-packages/ros2_icm20948
[12.134s] copying /home/insa/ros2_ws/build/ros2_icm20948/build/lib/ros2_icm20948/icm20948_node.py -> /home/insa/ros2_ws/install/ros2_icm20948/lib/python3.10/site-packages/ros2_icm20948
[12.137s] copying /home/insa/ros2_ws/build/ros2_icm20948/build/lib/ros2_icm20948/__init__.py -> /home/insa/ros2_ws/install/ros2_icm20948/lib/python3.10/site-packages/ros2_icm20948
[12.140s] byte-compiling /home/insa/ros2_ws/install/ros2_icm20948/lib/python3.10/site-packages/ros2_icm20948/icm20948_node.py to icm20948_node.cpython-310.pyc
[12.144s] byte-compiling /home/insa/ros2_ws/install/ros2_icm20948/lib/python3.10/site-packages/ros2_icm20948/__init__.py to __init__.cpython-310.pyc
[12.145s] running install_data
[12.146s] creating /home/insa/ros2_ws/install/ros2_icm20948/share/ament_index
[12.146s] creating /home/insa/ros2_ws/install/ros2_icm20948/share/ament_index/resource_index
[12.147s] creating /home/insa/ros2_ws/install/ros2_icm20948/share/ament_index/resource_index/packages
[12.148s] copying resource/ros2_icm20948 -> /home/insa/ros2_ws/install/ros2_icm20948/share/ament_index/resource_index/packages
[12.149s] copying package.xml -> /home/insa/ros2_ws/install/ros2_icm20948/share/ros2_icm20948
[12.150s] copying launch/icm20948_node_launch.py -> /home/insa/ros2_ws/install/ros2_icm20948/share/ros2_icm20948
[12.151s] running install_egg_info
[12.152s] Copying ../../build/ros2_icm20948/ros2_icm20948.egg-info to /home/insa/ros2_ws/install/ros2_icm20948/lib/python3.10/site-packages/ros2_icm20948-0.0.1-py3.10.egg-info
[12.153s] running install_scripts
[12.349s] Installing icm20948_node script to /home/insa/ros2_ws/install/ros2_icm20948/lib/ros2_icm20948
[12.354s] writing list of installed files to '/home/insa/ros2_ws/build/ros2_icm20948/install.log'
[12.789s] Invoked command in '/home/insa/ros2_ws/src/ros2_icm20948' returned '0': PYTHONPATH=/home/insa/ros2_ws/build/ros2_icm20948/prefix_override:/usr/lib/python3/dist-packages/colcon_core/task/python/colcon_distutils_commands:/home/insa/ros2_ws/install/ros2_icm20948/lib/python3.10/site-packages:${PYTHONPATH} /usr/bin/python3 -W ignore:setup.py install is deprecated -W ignore:easy_install command is deprecated setup.py egg_info --egg-base ../../build/ros2_icm20948 build --build-base /home/insa/ros2_ws/build/ros2_icm20948/build install --record /home/insa/ros2_ws/build/ros2_icm20948/install.log --single-version-externally-managed install_data
