[1.471s] Invoking command in '/home/insa/ros2_ws/build/ldlidar_ros2': CMAKE_PREFIX_PATH=${CMAKE_PREFIX_PATH}:/home/insa/ros2_ws/install/imu_to_odom:/home/insa/ros2_ws/install/ros2_icm20948:/home/insa/ros2_ws/install/projet_siot:/opt/ros/humble /usr/bin/cmake --build /home/insa/ros2_ws/build/ldlidar_ros2 -- -j4 -l4
[2.908s] [ 84%] Built target ldlidar_driver
[2.910s] [100%] Built target ldlidar_ros2_node
[2.919s] Invoked command in '/home/insa/ros2_ws/build/ldlidar_ros2' returned '0': CMAKE_PREFIX_PATH=${CMAKE_PREFIX_PATH}:/home/insa/ros2_ws/install/imu_to_odom:/home/insa/ros2_ws/install/ros2_icm20948:/home/insa/ros2_ws/install/projet_siot:/opt/ros/humble /usr/bin/cmake --build /home/insa/ros2_ws/build/ldlidar_ros2 -- -j4 -l4
[2.960s] Invoking command in '/home/insa/ros2_ws/build/ldlidar_ros2': CMAKE_PREFIX_PATH=${CMAKE_PREFIX_PATH}:/home/insa/ros2_ws/install/imu_to_odom:/home/insa/ros2_ws/install/ros2_icm20948:/home/insa/ros2_ws/install/projet_siot:/opt/ros/humble /usr/bin/cmake --install /home/insa/ros2_ws/build/ldlidar_ros2
[4.309s] -- Install configuration: ""
[4.310s] -- Up-to-date: /home/insa/ros2_ws/install/ldlidar_ros2/lib/ldlidar_ros2/ldlidar_ros2_node
[4.311s] -- Up-to-date: /home/insa/ros2_ws/install/ldlidar_ros2/share/ldlidar_ros2//launch
[4.312s] -- Up-to-date: /home/insa/ros2_ws/install/ldlidar_ros2/share/ldlidar_ros2//launch/viewer_ld06.launch.py
[4.313s] -- Up-to-date: /home/insa/ros2_ws/install/ldlidar_ros2/share/ldlidar_ros2//launch/ld14p.launch.py
[4.316s] -- Up-to-date: /home/insa/ros2_ws/install/ldlidar_ros2/share/ldlidar_ros2//launch/ld14.launch.py
[4.319s] -- Up-to-date: /home/insa/ros2_ws/install/ldlidar_ros2/share/ldlidar_ros2//launch/viewer_ld14.launch.py
[4.321s] -- Up-to-date: /home/insa/ros2_ws/install/ldlidar_ros2/share/ldlidar_ros2//launch/ld19.launch.py
[4.323s] -- Up-to-date: /home/insa/ros2_ws/install/ldlidar_ros2/share/ldlidar_ros2//launch/viewer_ld14p.launch.py
[4.328s] -- Up-to-date: /home/insa/ros2_ws/install/ldlidar_ros2/share/ldlidar_ros2//launch/viewer_ld19.launch.py
[4.329s] -- Up-to-date: /home/insa/ros2_ws/install/ldlidar_ros2/share/ldlidar_ros2//launch/ld06.launch.py
[4.330s] -- Up-to-date: /home/insa/ros2_ws/install/ldlidar_ros2/share/ldlidar_ros2//rviz2
[4.331s] -- Up-to-date: /home/insa/ros2_ws/install/ldlidar_ros2/share/ldlidar_ros2//rviz2/ldlidar.rviz
[4.332s] -- Up-to-date: /home/insa/ros2_ws/install/ldlidar_ros2/share/ldlidar_ros2//scripts
[4.332s] -- Up-to-date: /home/insa/ros2_ws/install/ldlidar_ros2/share/ldlidar_ros2//scripts/ldlidar.rules
[4.333s] -- Up-to-date: /home/insa/ros2_ws/install/ldlidar_ros2/share/ldlidar_ros2//scripts/create_udev_rules.sh
[4.333s] -- Up-to-date: /home/insa/ros2_ws/install/ldlidar_ros2/share/ldlidar_ros2//scripts/delete_udev_rules.sh
[4.334s] -- Up-to-date: /home/insa/ros2_ws/install/ldlidar_ros2/share/ament_index/resource_index/package_run_dependencies/ldlidar_ros2
[4.335s] -- Up-to-date: /home/insa/ros2_ws/install/ldlidar_ros2/share/ament_index/resource_index/parent_prefix_path/ldlidar_ros2
[4.335s] -- Up-to-date: /home/insa/ros2_ws/install/ldlidar_ros2/share/ldlidar_ros2/environment/ament_prefix_path.sh
[4.336s] -- Up-to-date: /home/insa/ros2_ws/install/ldlidar_ros2/share/ldlidar_ros2/environment/ament_prefix_path.dsv
[4.337s] -- Up-to-date: /home/insa/ros2_ws/install/ldlidar_ros2/share/ldlidar_ros2/environment/path.sh
[4.338s] -- Up-to-date: /home/insa/ros2_ws/install/ldlidar_ros2/share/ldlidar_ros2/environment/path.dsv
[4.339s] -- Up-to-date: /home/insa/ros2_ws/install/ldlidar_ros2/share/ldlidar_ros2/local_setup.bash
[4.341s] -- Up-to-date: /home/insa/ros2_ws/install/ldlidar_ros2/share/ldlidar_ros2/local_setup.sh
[4.345s] -- Up-to-date: /home/insa/ros2_ws/install/ldlidar_ros2/share/ldlidar_ros2/local_setup.zsh
[4.347s] -- Up-to-date: /home/insa/ros2_ws/install/ldlidar_ros2/share/ldlidar_ros2/local_setup.dsv
[4.350s] -- Installing: /home/insa/ros2_ws/install/ldlidar_ros2/share/ldlidar_ros2/package.dsv
[4.351s] -- Up-to-date: /home/insa/ros2_ws/install/ldlidar_ros2/share/ament_index/resource_index/packages/ldlidar_ros2
[4.351s] -- Up-to-date: /home/insa/ros2_ws/install/ldlidar_ros2/share/ldlidar_ros2/cmake/ldlidar_ros2Config.cmake
[4.352s] -- Up-to-date: /home/insa/ros2_ws/install/ldlidar_ros2/share/ldlidar_ros2/cmake/ldlidar_ros2Config-version.cmake
[4.353s] -- Up-to-date: /home/insa/ros2_ws/install/ldlidar_ros2/share/ldlidar_ros2/package.xml
[4.356s] Invoked command in '/home/insa/ros2_ws/build/ldlidar_ros2' returned '0': CMAKE_PREFIX_PATH=${CMAKE_PREFIX_PATH}:/home/insa/ros2_ws/install/imu_to_odom:/home/insa/ros2_ws/install/ros2_icm20948:/home/insa/ros2_ws/install/projet_siot:/opt/ros/humble /usr/bin/cmake --install /home/insa/ros2_ws/build/ldlidar_ros2
