[1.442s] Invoking command in '/home/insa/ros2_ws/build/ldlidar_ros2': CMAKE_PREFIX_PATH=${CMAKE_PREFIX_PATH}:/home/insa/ros2_ws/install/ros2_icm20948:/home/insa/ros2_ws/install/projet_siot:/opt/ros/humble /usr/bin/cmake --build /home/insa/ros2_ws/build/ldlidar_ros2 -- -j4 -l4
[2.836s] [ 84%] Built target ldlidar_driver
[2.838s] [100%] Built target ldlidar_ros2_node
[2.841s] Invoked command in '/home/insa/ros2_ws/build/ldlidar_ros2' returned '0': CMAKE_PREFIX_PATH=${CMAKE_PREFIX_PATH}:/home/insa/ros2_ws/install/ros2_icm20948:/home/insa/ros2_ws/install/projet_siot:/opt/ros/humble /usr/bin/cmake --build /home/insa/ros2_ws/build/ldlidar_ros2 -- -j4 -l4
[2.880s] Invoking command in '/home/insa/ros2_ws/build/ldlidar_ros2': CMAKE_PREFIX_PATH=${CMAKE_PREFIX_PATH}:/home/insa/ros2_ws/install/ros2_icm20948:/home/insa/ros2_ws/install/projet_siot:/opt/ros/humble /usr/bin/cmake --install /home/insa/ros2_ws/build/ldlidar_ros2
[4.237s] -- Install configuration: ""
[4.239s] -- Up-to-date: /home/insa/ros2_ws/install/ldlidar_ros2/lib/ldlidar_ros2/ldlidar_ros2_node
[4.241s] -- Up-to-date: /home/insa/ros2_ws/install/ldlidar_ros2/share/ldlidar_ros2//launch
[4.242s] -- Up-to-date: /home/insa/ros2_ws/install/ldlidar_ros2/share/ldlidar_ros2//launch/viewer_ld06.launch.py
[4.242s] -- Up-to-date: /home/insa/ros2_ws/install/ldlidar_ros2/share/ldlidar_ros2//launch/ld14p.launch.py
[4.243s] -- Up-to-date: /home/insa/ros2_ws/install/ldlidar_ros2/share/ldlidar_ros2//launch/ld14.launch.py
[4.244s] -- Up-to-date: /home/insa/ros2_ws/install/ldlidar_ros2/share/ldlidar_ros2//launch/viewer_ld14.launch.py
[4.245s] -- Up-to-date: /home/insa/ros2_ws/install/ldlidar_ros2/share/ldlidar_ros2//launch/ld19.launch.py
[4.248s] -- Up-to-date: /home/insa/ros2_ws/install/ldlidar_ros2/share/ldlidar_ros2//launch/viewer_ld14p.launch.py
[4.250s] -- Up-to-date: /home/insa/ros2_ws/install/ldlidar_ros2/share/ldlidar_ros2//launch/viewer_ld19.launch.py
[4.251s] -- Up-to-date: /home/insa/ros2_ws/install/ldlidar_ros2/share/ldlidar_ros2//launch/ld06.launch.py
[4.253s] -- Up-to-date: /home/insa/ros2_ws/install/ldlidar_ros2/share/ldlidar_ros2//rviz2
[4.254s] -- Up-to-date: /home/insa/ros2_ws/install/ldlidar_ros2/share/ldlidar_ros2//rviz2/ldlidar.rviz
[4.255s] -- Up-to-date: /home/insa/ros2_ws/install/ldlidar_ros2/share/ldlidar_ros2//scripts
[4.256s] -- Up-to-date: /home/insa/ros2_ws/install/ldlidar_ros2/share/ldlidar_ros2//scripts/ldlidar.rules
[4.257s] -- Up-to-date: /home/insa/ros2_ws/install/ldlidar_ros2/share/ldlidar_ros2//scripts/create_udev_rules.sh
[4.258s] -- Up-to-date: /home/insa/ros2_ws/install/ldlidar_ros2/share/ldlidar_ros2//scripts/delete_udev_rules.sh
[4.258s] -- Up-to-date: /home/insa/ros2_ws/install/ldlidar_ros2/share/ament_index/resource_index/package_run_dependencies/ldlidar_ros2
[4.260s] -- Up-to-date: /home/insa/ros2_ws/install/ldlidar_ros2/share/ament_index/resource_index/parent_prefix_path/ldlidar_ros2
[4.261s] -- Up-to-date: /home/insa/ros2_ws/install/ldlidar_ros2/share/ldlidar_ros2/environment/ament_prefix_path.sh
[4.265s] -- Up-to-date: /home/insa/ros2_ws/install/ldlidar_ros2/share/ldlidar_ros2/environment/ament_prefix_path.dsv
[4.266s] -- Up-to-date: /home/insa/ros2_ws/install/ldlidar_ros2/share/ldlidar_ros2/environment/path.sh
[4.266s] -- Up-to-date: /home/insa/ros2_ws/install/ldlidar_ros2/share/ldlidar_ros2/environment/path.dsv
[4.266s] -- Up-to-date: /home/insa/ros2_ws/install/ldlidar_ros2/share/ldlidar_ros2/local_setup.bash
[4.267s] -- Up-to-date: /home/insa/ros2_ws/install/ldlidar_ros2/share/ldlidar_ros2/local_setup.sh
[4.267s] -- Up-to-date: /home/insa/ros2_ws/install/ldlidar_ros2/share/ldlidar_ros2/local_setup.zsh
[4.267s] -- Up-to-date: /home/insa/ros2_ws/install/ldlidar_ros2/share/ldlidar_ros2/local_setup.dsv
[4.269s] -- Installing: /home/insa/ros2_ws/install/ldlidar_ros2/share/ldlidar_ros2/package.dsv
[4.269s] -- Up-to-date: /home/insa/ros2_ws/install/ldlidar_ros2/share/ament_index/resource_index/packages/ldlidar_ros2
[4.270s] -- Up-to-date: /home/insa/ros2_ws/install/ldlidar_ros2/share/ldlidar_ros2/cmake/ldlidar_ros2Config.cmake
[4.270s] -- Up-to-date: /home/insa/ros2_ws/install/ldlidar_ros2/share/ldlidar_ros2/cmake/ldlidar_ros2Config-version.cmake
[4.270s] -- Up-to-date: /home/insa/ros2_ws/install/ldlidar_ros2/share/ldlidar_ros2/package.xml
[4.274s] Invoked command in '/home/insa/ros2_ws/build/ldlidar_ros2' returned '0': CMAKE_PREFIX_PATH=${CMAKE_PREFIX_PATH}:/home/insa/ros2_ws/install/ros2_icm20948:/home/insa/ros2_ws/install/projet_siot:/opt/ros/humble /usr/bin/cmake --install /home/insa/ros2_ws/build/ldlidar_ros2
