[6.799s] Invoking command in '/home/insa/ros2_ws/src/projet_siot': PYTHONPATH=/home/insa/ros2_ws/build/projet_siot/prefix_override:/usr/lib/python3/dist-packages/colcon_core/task/python/colcon_distutils_commands:/home/insa/ros2_ws/install/projet_siot/lib/python3.10/site-packages:${PYTHONPATH} /usr/bin/python3 -W ignore:setup.py install is deprecated -W ignore:easy_install command is deprecated setup.py egg_info --egg-base ../../build/projet_siot build --build-base /home/insa/ros2_ws/build/projet_siot/build install --record /home/insa/ros2_ws/build/projet_siot/install.log --single-version-externally-managed install_data
[8.568s] running egg_info
[8.572s] writing ../../build/projet_siot/projet_siot.egg-info/PKG-INFO
[8.574s] writing dependency_links to ../../build/projet_siot/projet_siot.egg-info/dependency_links.txt
[8.575s] writing entry points to ../../build/projet_siot/projet_siot.egg-info/entry_points.txt
[8.577s] writing requirements to ../../build/projet_siot/projet_siot.egg-info/requires.txt
[8.577s] writing top-level names to ../../build/projet_siot/projet_siot.egg-info/top_level.txt
[8.586s] reading manifest file '../../build/projet_siot/projet_siot.egg-info/SOURCES.txt'
[8.621s] writing manifest file '../../build/projet_siot/projet_siot.egg-info/SOURCES.txt'
[8.622s] running build
[8.622s] running build_py
[8.626s] running install
[8.627s] running install_lib
[8.633s] running install_data
[8.636s] running install_egg_info
[8.646s] removing '/home/insa/ros2_ws/install/projet_siot/lib/python3.10/site-packages/projet_siot-0.0.0-py3.10.egg-info' (and everything under it)
[8.649s] Copying ../../build/projet_siot/projet_siot.egg-info to /home/insa/ros2_ws/install/projet_siot/lib/python3.10/site-packages/projet_siot-0.0.0-py3.10.egg-info
[8.660s] running install_scripts
[8.776s] Installing lidar_data_processing script to /home/insa/ros2_ws/install/projet_siot/lib/projet_siot
[8.777s] writing list of installed files to '/home/insa/ros2_ws/build/projet_siot/install.log'
[9.005s] Invoked command in '/home/insa/ros2_ws/src/projet_siot' returned '0': PYTHONPATH=/home/insa/ros2_ws/build/projet_siot/prefix_override:/usr/lib/python3/dist-packages/colcon_core/task/python/colcon_distutils_commands:/home/insa/ros2_ws/install/projet_siot/lib/python3.10/site-packages:${PYTHONPATH} /usr/bin/python3 -W ignore:setup.py install is deprecated -W ignore:easy_install command is deprecated setup.py egg_info --egg-base ../../build/projet_siot build --build-base /home/insa/ros2_ws/build/projet_siot/build install --record /home/insa/ros2_ws/build/projet_siot/install.log --single-version-externally-managed install_data
