[0.180s] Invoking command in '/home/insa/ros2_ws/build/ldlidar_ros2': CMAKE_PREFIX_PATH=${CMAKE_PREFIX_PATH}:/home/insa/ros2_ws/install/ros2_icm20948:/home/insa/ros2_ws/install/projet_siot:/opt/ros/humble /usr/bin/cmake --build /home/insa/ros2_ws/build/ldlidar_ros2 -- -j4 -l4
[2.738s] [ 84%] Built target ldlidar_driver
[2.739s] [100%] Built target ldlidar_ros2_node
[5.031s] Invoked command in '/home/insa/ros2_ws/build/ldlidar_ros2' returned '0': CMAKE_PREFIX_PATH=${CMAKE_PREFIX_PATH}:/home/insa/ros2_ws/install/ros2_icm20948:/home/insa/ros2_ws/install/projet_siot:/opt/ros/humble /usr/bin/cmake --build /home/insa/ros2_ws/build/ldlidar_ros2 -- -j4 -l4
[5.088s] Invoking command in '/home/insa/ros2_ws/build/ldlidar_ros2': CMAKE_PREFIX_PATH=${CMAKE_PREFIX_PATH}:/home/insa/ros2_ws/install/ros2_icm20948:/home/insa/ros2_ws/install/projet_siot:/opt/ros/humble /usr/bin/cmake --install /home/insa/ros2_ws/build/ldlidar_ros2
[5.230s] -- Install configuration: ""
[5.231s] -- Up-to-date: /home/insa/ros2_ws/install/ldlidar_ros2/lib/ldlidar_ros2/ldlidar_ros2_node
[5.237s] -- Up-to-date: /home/insa/ros2_ws/install/ldlidar_ros2/share/ldlidar_ros2//launch
[5.253s] -- Up-to-date: /home/insa/ros2_ws/install/ldlidar_ros2/share/ldlidar_ros2//launch/viewer_ld06.launch.py
[5.256s] -- Up-to-date: /home/insa/ros2_ws/install/ldlidar_ros2/share/ldlidar_ros2//launch/ld14p.launch.py
[5.262s] -- Up-to-date: /home/insa/ros2_ws/install/ldlidar_ros2/share/ldlidar_ros2//launch/ld14.launch.py
[5.262s] -- Up-to-date: /home/insa/ros2_ws/install/ldlidar_ros2/share/ldlidar_ros2//launch/viewer_ld14.launch.py
[5.263s] -- Up-to-date: /home/insa/ros2_ws/install/ldlidar_ros2/share/ldlidar_ros2//launch/ld19.launch.py
[5.308s] -- Up-to-date: /home/insa/ros2_ws/install/ldlidar_ros2/share/ldlidar_ros2//launch/viewer_ld14p.launch.py
[5.309s] -- Up-to-date: /home/insa/ros2_ws/install/ldlidar_ros2/share/ldlidar_ros2//launch/viewer_ld19.launch.py
[5.310s] -- Up-to-date: /home/insa/ros2_ws/install/ldlidar_ros2/share/ldlidar_ros2//launch/ld06.launch.py
[5.322s] -- Up-to-date: /home/insa/ros2_ws/install/ldlidar_ros2/share/ldlidar_ros2//rviz2
[5.323s] -- Up-to-date: /home/insa/ros2_ws/install/ldlidar_ros2/share/ldlidar_ros2//rviz2/ldlidar.rviz
[5.323s] -- Up-to-date: /home/insa/ros2_ws/install/ldlidar_ros2/share/ldlidar_ros2//scripts
[5.324s] -- Up-to-date: /home/insa/ros2_ws/install/ldlidar_ros2/share/ldlidar_ros2//scripts/ldlidar.rules
[5.325s] -- Up-to-date: /home/insa/ros2_ws/install/ldlidar_ros2/share/ldlidar_ros2//scripts/create_udev_rules.sh
[5.325s] -- Up-to-date: /home/insa/ros2_ws/install/ldlidar_ros2/share/ldlidar_ros2//scripts/delete_udev_rules.sh
[5.326s] -- Up-to-date: /home/insa/ros2_ws/install/ldlidar_ros2/share/ament_index/resource_index/package_run_dependencies/ldlidar_ros2
[5.326s] -- Up-to-date: /home/insa/ros2_ws/install/ldlidar_ros2/share/ament_index/resource_index/parent_prefix_path/ldlidar_ros2
[5.339s] -- Up-to-date: /home/insa/ros2_ws/install/ldlidar_ros2/share/ldlidar_ros2/environment/ament_prefix_path.sh
[5.340s] -- Up-to-date: /home/insa/ros2_ws/install/ldlidar_ros2/share/ldlidar_ros2/environment/ament_prefix_path.dsv
[5.340s] -- Up-to-date: /home/insa/ros2_ws/install/ldlidar_ros2/share/ldlidar_ros2/environment/path.sh
[5.341s] -- Up-to-date: /home/insa/ros2_ws/install/ldlidar_ros2/share/ldlidar_ros2/environment/path.dsv
[5.341s] -- Up-to-date: /home/insa/ros2_ws/install/ldlidar_ros2/share/ldlidar_ros2/local_setup.bash
[5.342s] -- Up-to-date: /home/insa/ros2_ws/install/ldlidar_ros2/share/ldlidar_ros2/local_setup.sh
[5.342s] -- Up-to-date: /home/insa/ros2_ws/install/ldlidar_ros2/share/ldlidar_ros2/local_setup.zsh
[5.343s] -- Up-to-date: /home/insa/ros2_ws/install/ldlidar_ros2/share/ldlidar_ros2/local_setup.dsv
[5.344s] -- Installing: /home/insa/ros2_ws/install/ldlidar_ros2/share/ldlidar_ros2/package.dsv
[5.344s] -- Up-to-date: /home/insa/ros2_ws/install/ldlidar_ros2/share/ament_index/resource_index/packages/ldlidar_ros2
[5.345s] -- Up-to-date: /home/insa/ros2_ws/install/ldlidar_ros2/share/ldlidar_ros2/cmake/ldlidar_ros2Config.cmake
[5.345s] -- Up-to-date: /home/insa/ros2_ws/install/ldlidar_ros2/share/ldlidar_ros2/cmake/ldlidar_ros2Config-version.cmake
[5.346s] -- Up-to-date: /home/insa/ros2_ws/install/ldlidar_ros2/share/ldlidar_ros2/package.xml
[5.347s] Invoked command in '/home/insa/ros2_ws/build/ldlidar_ros2' returned '0': CMAKE_PREFIX_PATH=${CMAKE_PREFIX_PATH}:/home/insa/ros2_ws/install/ros2_icm20948:/home/insa/ros2_ws/install/projet_siot:/opt/ros/humble /usr/bin/cmake --install /home/insa/ros2_ws/build/ldlidar_ros2
