[0.470s] DEBUG:colcon:Command line arguments: ['/usr/bin/colcon', 'build']
[0.471s] DEBUG:colcon:Parsed command line arguments: Namespace(log_base=None, log_level=None, verb_name='build', build_base='build', install_base='install', merge_install=False, symlink_install=False, test_result_base=None, continue_on_error=False, executor='parallel', parallel_workers=4, event_handlers=None, ignore_user_meta=False, metas=['./colcon.meta'], base_paths=['.'], packages_ignore=None, packages_ignore_regex=None, paths=None, packages_up_to=None, packages_up_to_regex=None, packages_above=None, packages_above_and_dependencies=None, packages_above_depth=None, packages_select_by_dep=None, packages_skip_by_dep=None, packages_skip_up_to=None, packages_select_build_failed=False, packages_skip_build_finished=False, packages_select_test_failures=False, packages_skip_test_passed=False, packages_select=None, packages_skip=None, packages_select_regex=None, packages_skip_regex=None, packages_start=None, packages_end=None, allow_overriding=[], cmake_args=None, cmake_target=None, cmake_target_skip_unavailable=False, cmake_clean_cache=False, cmake_clean_first=False, cmake_force_configure=False, ament_cmake_args=None, catkin_cmake_args=None, catkin_skip_building_tests=False, mixin_files=None, mixin=None, verb_parser=<colcon_mixin.mixin.mixin_argument.MixinArgumentDecorator object at 0xffff8f386980>, verb_extension=<colcon_core.verb.build.BuildVerb object at 0xffff8f51f910>, main=<bound method BuildVerb.main of <colcon_core.verb.build.BuildVerb object at 0xffff8f51f910>>, mixin_verb=('build',))
[1.298s] Level 1:colcon.colcon_core.package_discovery:discover_packages(colcon_meta) check parameters
[1.299s] Level 1:colcon.colcon_core.package_discovery:discover_packages(recursive) check parameters
[1.299s] Level 1:colcon.colcon_core.package_discovery:discover_packages(ignore) check parameters
[1.299s] Level 1:colcon.colcon_core.package_discovery:discover_packages(path) check parameters
[1.299s] Level 1:colcon.colcon_core.package_discovery:discover_packages(colcon_meta) discover
[1.300s] Level 1:colcon.colcon_core.package_discovery:discover_packages(recursive) discover
[1.300s] INFO:colcon.colcon_core.package_discovery:Crawling recursively for packages in '/home/insa/ros2_ws'
[1.300s] Level 1:colcon.colcon_core.package_identification:_identify(.) by extensions ['ignore', 'ignore_ament_install']
[1.301s] Level 1:colcon.colcon_core.package_identification:_identify(.) by extension 'ignore'
[1.301s] Level 1:colcon.colcon_core.package_identification:_identify(.) by extension 'ignore_ament_install'
[1.301s] Level 1:colcon.colcon_core.package_identification:_identify(.) by extensions ['colcon_pkg']
[1.301s] Level 1:colcon.colcon_core.package_identification:_identify(.) by extension 'colcon_pkg'
[1.301s] Level 1:colcon.colcon_core.package_identification:_identify(.) by extensions ['colcon_meta']
[1.301s] Level 1:colcon.colcon_core.package_identification:_identify(.) by extension 'colcon_meta'
[1.302s] Level 1:colcon.colcon_core.package_identification:_identify(.) by extensions ['ros']
[1.302s] Level 1:colcon.colcon_core.package_identification:_identify(.) by extension 'ros'
[1.345s] Level 1:colcon.colcon_core.package_identification:_identify(.) by extensions ['cmake', 'python']
[1.346s] Level 1:colcon.colcon_core.package_identification:_identify(.) by extension 'cmake'
[1.346s] Level 1:colcon.colcon_core.package_identification:_identify(.) by extension 'python'
[1.346s] Level 1:colcon.colcon_core.package_identification:_identify(.) by extensions ['python_setup_py']
[1.346s] Level 1:colcon.colcon_core.package_identification:_identify(.) by extension 'python_setup_py'
[1.347s] Level 1:colcon.colcon_core.package_identification:_identify(build) by extensions ['ignore', 'ignore_ament_install']
[1.347s] Level 1:colcon.colcon_core.package_identification:_identify(build) by extension 'ignore'
[1.347s] Level 1:colcon.colcon_core.package_identification:_identify(build) ignored
[1.348s] Level 1:colcon.colcon_core.package_identification:_identify(install) by extensions ['ignore', 'ignore_ament_install']
[1.348s] Level 1:colcon.colcon_core.package_identification:_identify(install) by extension 'ignore'
[1.348s] Level 1:colcon.colcon_core.package_identification:_identify(install) ignored
[1.349s] Level 1:colcon.colcon_core.package_identification:_identify(log) by extensions ['ignore', 'ignore_ament_install']
[1.350s] Level 1:colcon.colcon_core.package_identification:_identify(log) by extension 'ignore'
[1.350s] Level 1:colcon.colcon_core.package_identification:_identify(log) ignored
[1.350s] Level 1:colcon.colcon_core.package_identification:_identify(src) by extensions ['ignore', 'ignore_ament_install']
[1.351s] Level 1:colcon.colcon_core.package_identification:_identify(src) by extension 'ignore'
[1.351s] Level 1:colcon.colcon_core.package_identification:_identify(src) by extension 'ignore_ament_install'
[1.351s] Level 1:colcon.colcon_core.package_identification:_identify(src) by extensions ['colcon_pkg']
[1.351s] Level 1:colcon.colcon_core.package_identification:_identify(src) by extension 'colcon_pkg'
[1.351s] Level 1:colcon.colcon_core.package_identification:_identify(src) by extensions ['colcon_meta']
[1.351s] Level 1:colcon.colcon_core.package_identification:_identify(src) by extension 'colcon_meta'
[1.351s] Level 1:colcon.colcon_core.package_identification:_identify(src) by extensions ['ros']
[1.352s] Level 1:colcon.colcon_core.package_identification:_identify(src) by extension 'ros'
[1.352s] Level 1:colcon.colcon_core.package_identification:_identify(src) by extensions ['cmake', 'python']
[1.352s] Level 1:colcon.colcon_core.package_identification:_identify(src) by extension 'cmake'
[1.352s] Level 1:colcon.colcon_core.package_identification:_identify(src) by extension 'python'
[1.352s] Level 1:colcon.colcon_core.package_identification:_identify(src) by extensions ['python_setup_py']
[1.352s] Level 1:colcon.colcon_core.package_identification:_identify(src) by extension 'python_setup_py'
[1.353s] Level 1:colcon.colcon_core.package_identification:_identify(src/imu_to_odom) by extensions ['ignore', 'ignore_ament_install']
[1.353s] Level 1:colcon.colcon_core.package_identification:_identify(src/imu_to_odom) by extension 'ignore'
[1.353s] Level 1:colcon.colcon_core.package_identification:_identify(src/imu_to_odom) by extension 'ignore_ament_install'
[1.354s] Level 1:colcon.colcon_core.package_identification:_identify(src/imu_to_odom) by extensions ['colcon_pkg']
[1.354s] Level 1:colcon.colcon_core.package_identification:_identify(src/imu_to_odom) by extension 'colcon_pkg'
[1.354s] Level 1:colcon.colcon_core.package_identification:_identify(src/imu_to_odom) by extensions ['colcon_meta']
[1.354s] Level 1:colcon.colcon_core.package_identification:_identify(src/imu_to_odom) by extension 'colcon_meta'
[1.354s] Level 1:colcon.colcon_core.package_identification:_identify(src/imu_to_odom) by extensions ['ros']
[1.354s] Level 1:colcon.colcon_core.package_identification:_identify(src/imu_to_odom) by extension 'ros'
[1.363s] DEBUG:colcon.colcon_core.package_identification:Package 'src/imu_to_odom' with type 'ros.ament_python' and name 'imu_to_odom'
[1.363s] Level 1:colcon.colcon_core.package_identification:_identify(src/ldlidar_ros2) by extensions ['ignore', 'ignore_ament_install']
[1.364s] Level 1:colcon.colcon_core.package_identification:_identify(src/ldlidar_ros2) by extension 'ignore'
[1.364s] Level 1:colcon.colcon_core.package_identification:_identify(src/ldlidar_ros2) by extension 'ignore_ament_install'
[1.364s] Level 1:colcon.colcon_core.package_identification:_identify(src/ldlidar_ros2) by extensions ['colcon_pkg']
[1.364s] Level 1:colcon.colcon_core.package_identification:_identify(src/ldlidar_ros2) by extension 'colcon_pkg'
[1.364s] Level 1:colcon.colcon_core.package_identification:_identify(src/ldlidar_ros2) by extensions ['colcon_meta']
[1.365s] Level 1:colcon.colcon_core.package_identification:_identify(src/ldlidar_ros2) by extension 'colcon_meta'
[1.365s] Level 1:colcon.colcon_core.package_identification:_identify(src/ldlidar_ros2) by extensions ['ros']
[1.365s] Level 1:colcon.colcon_core.package_identification:_identify(src/ldlidar_ros2) by extension 'ros'
[1.368s] DEBUG:colcon.colcon_core.package_identification:Package 'src/ldlidar_ros2' with type 'ros.ament_cmake' and name 'ldlidar_ros2'
[1.369s] Level 1:colcon.colcon_core.package_identification:_identify(src/my_slam) by extensions ['ignore', 'ignore_ament_install']
[1.369s] Level 1:colcon.colcon_core.package_identification:_identify(src/my_slam) by extension 'ignore'
[1.370s] Level 1:colcon.colcon_core.package_identification:_identify(src/my_slam) by extension 'ignore_ament_install'
[1.370s] Level 1:colcon.colcon_core.package_identification:_identify(src/my_slam) by extensions ['colcon_pkg']
[1.370s] Level 1:colcon.colcon_core.package_identification:_identify(src/my_slam) by extension 'colcon_pkg'
[1.370s] Level 1:colcon.colcon_core.package_identification:_identify(src/my_slam) by extensions ['colcon_meta']
[1.370s] Level 1:colcon.colcon_core.package_identification:_identify(src/my_slam) by extension 'colcon_meta'
[1.371s] Level 1:colcon.colcon_core.package_identification:_identify(src/my_slam) by extensions ['ros']
[1.371s] Level 1:colcon.colcon_core.package_identification:_identify(src/my_slam) by extension 'ros'
[1.371s] Level 1:colcon.colcon_core.package_identification:_identify(src/my_slam) by extensions ['cmake', 'python']
[1.371s] Level 1:colcon.colcon_core.package_identification:_identify(src/my_slam) by extension 'cmake'
[1.371s] Level 1:colcon.colcon_core.package_identification:_identify(src/my_slam) by extension 'python'
[1.371s] Level 1:colcon.colcon_core.package_identification:_identify(src/my_slam) by extensions ['python_setup_py']
[1.372s] Level 1:colcon.colcon_core.package_identification:_identify(src/my_slam) by extension 'python_setup_py'
[1.372s] Level 1:colcon.colcon_core.package_identification:_identify(src/my_slam/launch) by extensions ['ignore', 'ignore_ament_install']
[1.372s] Level 1:colcon.colcon_core.package_identification:_identify(src/my_slam/launch) by extension 'ignore'
[1.372s] Level 1:colcon.colcon_core.package_identification:_identify(src/my_slam/launch) by extension 'ignore_ament_install'
[1.373s] Level 1:colcon.colcon_core.package_identification:_identify(src/my_slam/launch) by extensions ['colcon_pkg']
[1.373s] Level 1:colcon.colcon_core.package_identification:_identify(src/my_slam/launch) by extension 'colcon_pkg'
[1.373s] Level 1:colcon.colcon_core.package_identification:_identify(src/my_slam/launch) by extensions ['colcon_meta']
[1.373s] Level 1:colcon.colcon_core.package_identification:_identify(src/my_slam/launch) by extension 'colcon_meta'
[1.373s] Level 1:colcon.colcon_core.package_identification:_identify(src/my_slam/launch) by extensions ['ros']
[1.373s] Level 1:colcon.colcon_core.package_identification:_identify(src/my_slam/launch) by extension 'ros'
[1.374s] Level 1:colcon.colcon_core.package_identification:_identify(src/my_slam/launch) by extensions ['cmake', 'python']
[1.374s] Level 1:colcon.colcon_core.package_identification:_identify(src/my_slam/launch) by extension 'cmake'
[1.374s] Level 1:colcon.colcon_core.package_identification:_identify(src/my_slam/launch) by extension 'python'
[1.374s] Level 1:colcon.colcon_core.package_identification:_identify(src/my_slam/launch) by extensions ['python_setup_py']
[1.374s] Level 1:colcon.colcon_core.package_identification:_identify(src/my_slam/launch) by extension 'python_setup_py'
[1.375s] Level 1:colcon.colcon_core.package_identification:_identify(src/my_slam/launch/__pycache__) by extensions ['ignore', 'ignore_ament_install']
[1.375s] Level 1:colcon.colcon_core.package_identification:_identify(src/my_slam/launch/__pycache__) by extension 'ignore'
[1.375s] Level 1:colcon.colcon_core.package_identification:_identify(src/my_slam/launch/__pycache__) by extension 'ignore_ament_install'
[1.376s] Level 1:colcon.colcon_core.package_identification:_identify(src/my_slam/launch/__pycache__) by extensions ['colcon_pkg']
[1.376s] Level 1:colcon.colcon_core.package_identification:_identify(src/my_slam/launch/__pycache__) by extension 'colcon_pkg'
[1.376s] Level 1:colcon.colcon_core.package_identification:_identify(src/my_slam/launch/__pycache__) by extensions ['colcon_meta']
[1.376s] Level 1:colcon.colcon_core.package_identification:_identify(src/my_slam/launch/__pycache__) by extension 'colcon_meta'
[1.376s] Level 1:colcon.colcon_core.package_identification:_identify(src/my_slam/launch/__pycache__) by extensions ['ros']
[1.376s] Level 1:colcon.colcon_core.package_identification:_identify(src/my_slam/launch/__pycache__) by extension 'ros'
[1.377s] Level 1:colcon.colcon_core.package_identification:_identify(src/my_slam/launch/__pycache__) by extensions ['cmake', 'python']
[1.377s] Level 1:colcon.colcon_core.package_identification:_identify(src/my_slam/launch/__pycache__) by extension 'cmake'
[1.377s] Level 1:colcon.colcon_core.package_identification:_identify(src/my_slam/launch/__pycache__) by extension 'python'
[1.377s] Level 1:colcon.colcon_core.package_identification:_identify(src/my_slam/launch/__pycache__) by extensions ['python_setup_py']
[1.377s] Level 1:colcon.colcon_core.package_identification:_identify(src/my_slam/launch/__pycache__) by extension 'python_setup_py'
[1.378s] Level 1:colcon.colcon_core.package_identification:_identify(src/projet_siot) by extensions ['ignore', 'ignore_ament_install']
[1.378s] Level 1:colcon.colcon_core.package_identification:_identify(src/projet_siot) by extension 'ignore'
[1.378s] Level 1:colcon.colcon_core.package_identification:_identify(src/projet_siot) by extension 'ignore_ament_install'
[1.379s] Level 1:colcon.colcon_core.package_identification:_identify(src/projet_siot) by extensions ['colcon_pkg']
[1.379s] Level 1:colcon.colcon_core.package_identification:_identify(src/projet_siot) by extension 'colcon_pkg'
[1.379s] Level 1:colcon.colcon_core.package_identification:_identify(src/projet_siot) by extensions ['colcon_meta']
[1.379s] Level 1:colcon.colcon_core.package_identification:_identify(src/projet_siot) by extension 'colcon_meta'
[1.379s] Level 1:colcon.colcon_core.package_identification:_identify(src/projet_siot) by extensions ['ros']
[1.379s] Level 1:colcon.colcon_core.package_identification:_identify(src/projet_siot) by extension 'ros'
[1.381s] DEBUG:colcon.colcon_core.package_identification:Package 'src/projet_siot' with type 'ros.ament_python' and name 'projet_siot'
[1.382s] Level 1:colcon.colcon_core.package_identification:_identify(src/ros2_icm20948) by extensions ['ignore', 'ignore_ament_install']
[1.382s] Level 1:colcon.colcon_core.package_identification:_identify(src/ros2_icm20948) by extension 'ignore'
[1.382s] Level 1:colcon.colcon_core.package_identification:_identify(src/ros2_icm20948) by extension 'ignore_ament_install'
[1.383s] Level 1:colcon.colcon_core.package_identification:_identify(src/ros2_icm20948) by extensions ['colcon_pkg']
[1.383s] Level 1:colcon.colcon_core.package_identification:_identify(src/ros2_icm20948) by extension 'colcon_pkg'
[1.383s] Level 1:colcon.colcon_core.package_identification:_identify(src/ros2_icm20948) by extensions ['colcon_meta']
[1.383s] Level 1:colcon.colcon_core.package_identification:_identify(src/ros2_icm20948) by extension 'colcon_meta'
[1.383s] Level 1:colcon.colcon_core.package_identification:_identify(src/ros2_icm20948) by extensions ['ros']
[1.383s] Level 1:colcon.colcon_core.package_identification:_identify(src/ros2_icm20948) by extension 'ros'
[1.386s] DEBUG:colcon.colcon_core.package_identification:Package 'src/ros2_icm20948' with type 'ros.ament_python' and name 'ros2_icm20948'
[1.386s] Level 1:colcon.colcon_core.package_discovery:discover_packages(recursive) using defaults
[1.386s] Level 1:colcon.colcon_core.package_discovery:discover_packages(ignore) discover
[1.386s] Level 1:colcon.colcon_core.package_discovery:discover_packages(ignore) using defaults
[1.387s] Level 1:colcon.colcon_core.package_discovery:discover_packages(path) discover
[1.387s] Level 1:colcon.colcon_core.package_discovery:discover_packages(path) using defaults
[1.509s] Level 1:colcon.colcon_core.package_discovery:discover_packages(prefix_path) check parameters
[1.510s] Level 1:colcon.colcon_core.package_discovery:discover_packages(prefix_path) discover
[1.519s] DEBUG:colcon.colcon_installed_package_information.package_discovery:Found 4 installed packages in /home/insa/ros2_ws/install
[1.530s] DEBUG:colcon.colcon_installed_package_information.package_discovery:Found 319 installed packages in /opt/ros/humble
[1.537s] Level 1:colcon.colcon_core.package_discovery:discover_packages(prefix_path) using defaults
[1.728s] Level 5:colcon.colcon_core.verb:set package 'imu_to_odom' build argument 'cmake_args' from command line to 'None'
[1.728s] Level 5:colcon.colcon_core.verb:set package 'imu_to_odom' build argument 'cmake_target' from command line to 'None'
[1.728s] Level 5:colcon.colcon_core.verb:set package 'imu_to_odom' build argument 'cmake_target_skip_unavailable' from command line to 'False'
[1.728s] Level 5:colcon.colcon_core.verb:set package 'imu_to_odom' build argument 'cmake_clean_cache' from command line to 'False'
[1.728s] Level 5:colcon.colcon_core.verb:set package 'imu_to_odom' build argument 'cmake_clean_first' from command line to 'False'
[1.729s] Level 5:colcon.colcon_core.verb:set package 'imu_to_odom' build argument 'cmake_force_configure' from command line to 'False'
[1.729s] Level 5:colcon.colcon_core.verb:set package 'imu_to_odom' build argument 'ament_cmake_args' from command line to 'None'
[1.729s] Level 5:colcon.colcon_core.verb:set package 'imu_to_odom' build argument 'catkin_cmake_args' from command line to 'None'
[1.729s] Level 5:colcon.colcon_core.verb:set package 'imu_to_odom' build argument 'catkin_skip_building_tests' from command line to 'False'
[1.729s] DEBUG:colcon.colcon_core.verb:Building package 'imu_to_odom' with the following arguments: {'ament_cmake_args': None, 'build_base': '/home/insa/ros2_ws/build/imu_to_odom', 'catkin_cmake_args': None, 'catkin_skip_building_tests': False, 'cmake_args': None, 'cmake_clean_cache': False, 'cmake_clean_first': False, 'cmake_force_configure': False, 'cmake_target': None, 'cmake_target_skip_unavailable': False, 'install_base': '/home/insa/ros2_ws/install/imu_to_odom', 'merge_install': False, 'path': '/home/insa/ros2_ws/src/imu_to_odom', 'symlink_install': False, 'test_result_base': None}
[1.730s] Level 5:colcon.colcon_core.verb:set package 'ldlidar_ros2' build argument 'cmake_args' from command line to 'None'
[1.731s] Level 5:colcon.colcon_core.verb:set package 'ldlidar_ros2' build argument 'cmake_target' from command line to 'None'
[1.731s] Level 5:colcon.colcon_core.verb:set package 'ldlidar_ros2' build argument 'cmake_target_skip_unavailable' from command line to 'False'
[1.731s] Level 5:colcon.colcon_core.verb:set package 'ldlidar_ros2' build argument 'cmake_clean_cache' from command line to 'False'
[1.731s] Level 5:colcon.colcon_core.verb:set package 'ldlidar_ros2' build argument 'cmake_clean_first' from command line to 'False'
[1.731s] Level 5:colcon.colcon_core.verb:set package 'ldlidar_ros2' build argument 'cmake_force_configure' from command line to 'False'
[1.731s] Level 5:colcon.colcon_core.verb:set package 'ldlidar_ros2' build argument 'ament_cmake_args' from command line to 'None'
[1.731s] Level 5:colcon.colcon_core.verb:set package 'ldlidar_ros2' build argument 'catkin_cmake_args' from command line to 'None'
[1.731s] Level 5:colcon.colcon_core.verb:set package 'ldlidar_ros2' build argument 'catkin_skip_building_tests' from command line to 'False'
[1.731s] DEBUG:colcon.colcon_core.verb:Building package 'ldlidar_ros2' with the following arguments: {'ament_cmake_args': None, 'build_base': '/home/insa/ros2_ws/build/ldlidar_ros2', 'catkin_cmake_args': None, 'catkin_skip_building_tests': False, 'cmake_args': None, 'cmake_clean_cache': False, 'cmake_clean_first': False, 'cmake_force_configure': False, 'cmake_target': None, 'cmake_target_skip_unavailable': False, 'install_base': '/home/insa/ros2_ws/install/ldlidar_ros2', 'merge_install': False, 'path': '/home/insa/ros2_ws/src/ldlidar_ros2', 'symlink_install': False, 'test_result_base': None}
[1.733s] Level 5:colcon.colcon_core.verb:set package 'projet_siot' build argument 'cmake_args' from command line to 'None'
[1.733s] Level 5:colcon.colcon_core.verb:set package 'projet_siot' build argument 'cmake_target' from command line to 'None'
[1.733s] Level 5:colcon.colcon_core.verb:set package 'projet_siot' build argument 'cmake_target_skip_unavailable' from command line to 'False'
[1.733s] Level 5:colcon.colcon_core.verb:set package 'projet_siot' build argument 'cmake_clean_cache' from command line to 'False'
[1.733s] Level 5:colcon.colcon_core.verb:set package 'projet_siot' build argument 'cmake_clean_first' from command line to 'False'
[1.733s] Level 5:colcon.colcon_core.verb:set package 'projet_siot' build argument 'cmake_force_configure' from command line to 'False'
[1.733s] Level 5:colcon.colcon_core.verb:set package 'projet_siot' build argument 'ament_cmake_args' from command line to 'None'
[1.734s] Level 5:colcon.colcon_core.verb:set package 'projet_siot' build argument 'catkin_cmake_args' from command line to 'None'
[1.734s] Level 5:colcon.colcon_core.verb:set package 'projet_siot' build argument 'catkin_skip_building_tests' from command line to 'False'
[1.734s] DEBUG:colcon.colcon_core.verb:Building package 'projet_siot' with the following arguments: {'ament_cmake_args': None, 'build_base': '/home/insa/ros2_ws/build/projet_siot', 'catkin_cmake_args': None, 'catkin_skip_building_tests': False, 'cmake_args': None, 'cmake_clean_cache': False, 'cmake_clean_first': False, 'cmake_force_configure': False, 'cmake_target': None, 'cmake_target_skip_unavailable': False, 'install_base': '/home/insa/ros2_ws/install/projet_siot', 'merge_install': False, 'path': '/home/insa/ros2_ws/src/projet_siot', 'symlink_install': False, 'test_result_base': None}
[1.735s] Level 5:colcon.colcon_core.verb:set package 'ros2_icm20948' build argument 'cmake_args' from command line to 'None'
[1.735s] Level 5:colcon.colcon_core.verb:set package 'ros2_icm20948' build argument 'cmake_target' from command line to 'None'
[1.735s] Level 5:colcon.colcon_core.verb:set package 'ros2_icm20948' build argument 'cmake_target_skip_unavailable' from command line to 'False'
[1.736s] Level 5:colcon.colcon_core.verb:set package 'ros2_icm20948' build argument 'cmake_clean_cache' from command line to 'False'
[1.736s] Level 5:colcon.colcon_core.verb:set package 'ros2_icm20948' build argument 'cmake_clean_first' from command line to 'False'
[1.736s] Level 5:colcon.colcon_core.verb:set package 'ros2_icm20948' build argument 'cmake_force_configure' from command line to 'False'
[1.736s] Level 5:colcon.colcon_core.verb:set package 'ros2_icm20948' build argument 'ament_cmake_args' from command line to 'None'
[1.736s] Level 5:colcon.colcon_core.verb:set package 'ros2_icm20948' build argument 'catkin_cmake_args' from command line to 'None'
[1.736s] Level 5:colcon.colcon_core.verb:set package 'ros2_icm20948' build argument 'catkin_skip_building_tests' from command line to 'False'
[1.736s] DEBUG:colcon.colcon_core.verb:Building package 'ros2_icm20948' with the following arguments: {'ament_cmake_args': None, 'build_base': '/home/insa/ros2_ws/build/ros2_icm20948', 'catkin_cmake_args': None, 'catkin_skip_building_tests': False, 'cmake_args': None, 'cmake_clean_cache': False, 'cmake_clean_first': False, 'cmake_force_configure': False, 'cmake_target': None, 'cmake_target_skip_unavailable': False, 'install_base': '/home/insa/ros2_ws/install/ros2_icm20948', 'merge_install': False, 'path': '/home/insa/ros2_ws/src/ros2_icm20948', 'symlink_install': False, 'test_result_base': None}
[1.737s] INFO:colcon.colcon_core.executor:Executing jobs using 'parallel' executor
[1.740s] DEBUG:colcon.colcon_parallel_executor.executor.parallel:run_until_complete
[1.741s] INFO:colcon.colcon_ros.task.ament_python.build:Building ROS package in '/home/insa/ros2_ws/src/imu_to_odom' with build type 'ament_python'
[1.741s] Level 1:colcon.colcon_core.shell:create_environment_hook('imu_to_odom', 'ament_prefix_path')
[1.750s] INFO:colcon.colcon_core.plugin_system:Skipping extension 'colcon_core.shell.bat': Not used on non-Windows systems
[1.751s] INFO:colcon.colcon_core.shell:Creating environment hook '/home/insa/ros2_ws/install/imu_to_odom/share/imu_to_odom/hook/ament_prefix_path.ps1'
[1.755s] INFO:colcon.colcon_core.shell:Creating environment descriptor '/home/insa/ros2_ws/install/imu_to_odom/share/imu_to_odom/hook/ament_prefix_path.dsv'
[1.757s] INFO:colcon.colcon_core.shell:Creating environment hook '/home/insa/ros2_ws/install/imu_to_odom/share/imu_to_odom/hook/ament_prefix_path.sh'
[1.762s] INFO:colcon.colcon_core.shell:Skip shell extension 'powershell' for command environment: Not usable outside of PowerShell
[1.762s] DEBUG:colcon.colcon_core.shell:Skip shell extension 'dsv' for command environment
[1.787s] INFO:colcon.colcon_ros.task.ament_cmake.build:Building ROS package in '/home/insa/ros2_ws/src/ldlidar_ros2' with build type 'ament_cmake'
[1.788s] INFO:colcon.colcon_cmake.task.cmake.build:Building CMake package in '/home/insa/ros2_ws/src/ldlidar_ros2'
[1.790s] INFO:colcon.colcon_core.shell:Skip shell extension 'powershell' for command environment: Not usable outside of PowerShell
[1.791s] DEBUG:colcon.colcon_core.shell:Skip shell extension 'dsv' for command environment
[1.818s] INFO:colcon.colcon_ros.task.ament_python.build:Building ROS package in '/home/insa/ros2_ws/src/projet_siot' with build type 'ament_python'
[1.819s] Level 1:colcon.colcon_core.shell:create_environment_hook('projet_siot', 'ament_prefix_path')
[1.821s] INFO:colcon.colcon_core.shell:Creating environment hook '/home/insa/ros2_ws/install/projet_siot/share/projet_siot/hook/ament_prefix_path.ps1'
[1.826s] INFO:colcon.colcon_core.shell:Creating environment descriptor '/home/insa/ros2_ws/install/projet_siot/share/projet_siot/hook/ament_prefix_path.dsv'
[1.829s] INFO:colcon.colcon_core.shell:Creating environment hook '/home/insa/ros2_ws/install/projet_siot/share/projet_siot/hook/ament_prefix_path.sh'
[1.832s] INFO:colcon.colcon_core.shell:Skip shell extension 'powershell' for command environment: Not usable outside of PowerShell
[1.833s] DEBUG:colcon.colcon_core.shell:Skip shell extension 'dsv' for command environment
[1.859s] INFO:colcon.colcon_ros.task.ament_python.build:Building ROS package in '/home/insa/ros2_ws/src/ros2_icm20948' with build type 'ament_python'
[1.860s] Level 1:colcon.colcon_core.shell:create_environment_hook('ros2_icm20948', 'ament_prefix_path')
[1.863s] INFO:colcon.colcon_core.shell:Creating environment hook '/home/insa/ros2_ws/install/ros2_icm20948/share/ros2_icm20948/hook/ament_prefix_path.ps1'
[1.866s] INFO:colcon.colcon_core.shell:Creating environment descriptor '/home/insa/ros2_ws/install/ros2_icm20948/share/ros2_icm20948/hook/ament_prefix_path.dsv'
[1.869s] INFO:colcon.colcon_core.shell:Creating environment hook '/home/insa/ros2_ws/install/ros2_icm20948/share/ros2_icm20948/hook/ament_prefix_path.sh'
[1.873s] INFO:colcon.colcon_core.shell:Skip shell extension 'powershell' for command environment: Not usable outside of PowerShell
[1.873s] DEBUG:colcon.colcon_core.shell:Skip shell extension 'dsv' for command environment
[3.257s] INFO:colcon.colcon_core.task.python.build:Building Python package in '/home/insa/ros2_ws/src/imu_to_odom'
[3.258s] INFO:colcon.colcon_core.shell:Skip shell extension 'powershell' for command environment: Not usable outside of PowerShell
[3.259s] DEBUG:colcon.colcon_core.shell:Skip shell extension 'dsv' for command environment
[3.294s] DEBUG:colcon.colcon_core.event_handler.log_command:Invoking command in '/home/insa/ros2_ws/build/ldlidar_ros2': CMAKE_PREFIX_PATH=${CMAKE_PREFIX_PATH}:/home/insa/ros2_ws/install/imu_to_odom:/home/insa/ros2_ws/install/ros2_icm20948:/home/insa/ros2_ws/install/projet_siot:/opt/ros/humble /usr/bin/cmake --build /home/insa/ros2_ws/build/ldlidar_ros2 -- -j4 -l4
[4.696s] INFO:colcon.colcon_core.task.python.build:Building Python package in '/home/insa/ros2_ws/src/projet_siot'
[4.697s] INFO:colcon.colcon_core.shell:Skip shell extension 'powershell' for command environment: Not usable outside of PowerShell
[4.698s] DEBUG:colcon.colcon_core.shell:Skip shell extension 'dsv' for command environment
[6.060s] INFO:colcon.colcon_core.task.python.build:Building Python package in '/home/insa/ros2_ws/src/ros2_icm20948'
[6.061s] INFO:colcon.colcon_core.shell:Skip shell extension 'powershell' for command environment: Not usable outside of PowerShell
[6.061s] DEBUG:colcon.colcon_core.shell:Skip shell extension 'dsv' for command environment
[6.087s] DEBUG:colcon.colcon_core.event_handler.log_command:Invoked command in '/home/insa/ros2_ws/build/ldlidar_ros2' returned '0': CMAKE_PREFIX_PATH=${CMAKE_PREFIX_PATH}:/home/insa/ros2_ws/install/imu_to_odom:/home/insa/ros2_ws/install/ros2_icm20948:/home/insa/ros2_ws/install/projet_siot:/opt/ros/humble /usr/bin/cmake --build /home/insa/ros2_ws/build/ldlidar_ros2 -- -j4 -l4
[6.129s] DEBUG:colcon.colcon_core.event_handler.log_command:Invoking command in '/home/insa/ros2_ws/build/ldlidar_ros2': CMAKE_PREFIX_PATH=${CMAKE_PREFIX_PATH}:/home/insa/ros2_ws/install/imu_to_odom:/home/insa/ros2_ws/install/ros2_icm20948:/home/insa/ros2_ws/install/projet_siot:/opt/ros/humble /usr/bin/cmake --install /home/insa/ros2_ws/build/ldlidar_ros2
[6.204s] Level 1:colcon.colcon_core.environment:create_environment_scripts_only(ldlidar_ros2)
[6.222s] Level 1:colcon.colcon_core.environment:checking '/home/insa/ros2_ws/install/ldlidar_ros2' for CMake module files
[6.224s] DEBUG:colcon.colcon_core.event_handler.log_command:Invoked command in '/home/insa/ros2_ws/build/ldlidar_ros2' returned '0': CMAKE_PREFIX_PATH=${CMAKE_PREFIX_PATH}:/home/insa/ros2_ws/install/imu_to_odom:/home/insa/ros2_ws/install/ros2_icm20948:/home/insa/ros2_ws/install/projet_siot:/opt/ros/humble /usr/bin/cmake --install /home/insa/ros2_ws/build/ldlidar_ros2
[6.230s] Level 1:colcon.colcon_core.environment:checking '/home/insa/ros2_ws/install/ldlidar_ros2' for CMake config files
[6.236s] Level 1:colcon.colcon_core.shell:create_environment_hook('ldlidar_ros2', 'cmake_prefix_path')
[6.239s] INFO:colcon.colcon_core.shell:Creating environment hook '/home/insa/ros2_ws/install/ldlidar_ros2/share/ldlidar_ros2/hook/cmake_prefix_path.ps1'
[6.243s] INFO:colcon.colcon_core.shell:Creating environment descriptor '/home/insa/ros2_ws/install/ldlidar_ros2/share/ldlidar_ros2/hook/cmake_prefix_path.dsv'
[6.248s] INFO:colcon.colcon_core.shell:Creating environment hook '/home/insa/ros2_ws/install/ldlidar_ros2/share/ldlidar_ros2/hook/cmake_prefix_path.sh'
[6.253s] Level 1:colcon.colcon_core.environment:checking '/home/insa/ros2_ws/install/ldlidar_ros2/lib'
[6.255s] Level 1:colcon.colcon_core.environment:checking '/home/insa/ros2_ws/install/ldlidar_ros2/bin'
[6.256s] Level 1:colcon.colcon_core.environment:checking '/home/insa/ros2_ws/install/ldlidar_ros2/lib/pkgconfig/ldlidar_ros2.pc'
[6.257s] Level 1:colcon.colcon_core.environment:checking '/home/insa/ros2_ws/install/ldlidar_ros2/lib/python3.10/site-packages'
[6.259s] Level 1:colcon.colcon_core.environment:checking '/home/insa/ros2_ws/install/ldlidar_ros2/bin'
[6.261s] INFO:colcon.colcon_core.shell:Creating package script '/home/insa/ros2_ws/install/ldlidar_ros2/share/ldlidar_ros2/package.ps1'
[6.267s] INFO:colcon.colcon_core.shell:Creating package descriptor '/home/insa/ros2_ws/install/ldlidar_ros2/share/ldlidar_ros2/package.dsv'
[6.272s] INFO:colcon.colcon_core.shell:Creating package script '/home/insa/ros2_ws/install/ldlidar_ros2/share/ldlidar_ros2/package.sh'
[6.280s] INFO:colcon.colcon_core.shell:Creating package script '/home/insa/ros2_ws/install/ldlidar_ros2/share/ldlidar_ros2/package.bash'
[6.285s] INFO:colcon.colcon_core.shell:Creating package script '/home/insa/ros2_ws/install/ldlidar_ros2/share/ldlidar_ros2/package.zsh'
[6.289s] Level 1:colcon.colcon_core.environment:create_file_with_runtime_dependencies(/home/insa/ros2_ws/install/ldlidar_ros2/share/colcon-core/packages/ldlidar_ros2)
[6.292s] Level 1:colcon.colcon_core.environment:create_environment_scripts_only(ldlidar_ros2)
[6.294s] Level 1:colcon.colcon_core.environment:checking '/home/insa/ros2_ws/install/ldlidar_ros2' for CMake module files
[6.297s] Level 1:colcon.colcon_core.environment:checking '/home/insa/ros2_ws/install/ldlidar_ros2' for CMake config files
[6.301s] Level 1:colcon.colcon_core.shell:create_environment_hook('ldlidar_ros2', 'cmake_prefix_path')
[6.303s] INFO:colcon.colcon_core.shell:Creating environment hook '/home/insa/ros2_ws/install/ldlidar_ros2/share/ldlidar_ros2/hook/cmake_prefix_path.ps1'
[6.305s] INFO:colcon.colcon_core.shell:Creating environment descriptor '/home/insa/ros2_ws/install/ldlidar_ros2/share/ldlidar_ros2/hook/cmake_prefix_path.dsv'
[6.308s] INFO:colcon.colcon_core.shell:Creating environment hook '/home/insa/ros2_ws/install/ldlidar_ros2/share/ldlidar_ros2/hook/cmake_prefix_path.sh'
[6.312s] Level 1:colcon.colcon_core.environment:checking '/home/insa/ros2_ws/install/ldlidar_ros2/lib'
[6.313s] Level 1:colcon.colcon_core.environment:checking '/home/insa/ros2_ws/install/ldlidar_ros2/bin'
[6.314s] Level 1:colcon.colcon_core.environment:checking '/home/insa/ros2_ws/install/ldlidar_ros2/lib/pkgconfig/ldlidar_ros2.pc'
[6.315s] Level 1:colcon.colcon_core.environment:checking '/home/insa/ros2_ws/install/ldlidar_ros2/lib/python3.10/site-packages'
[6.318s] Level 1:colcon.colcon_core.environment:checking '/home/insa/ros2_ws/install/ldlidar_ros2/bin'
[6.319s] INFO:colcon.colcon_core.shell:Creating package script '/home/insa/ros2_ws/install/ldlidar_ros2/share/ldlidar_ros2/package.ps1'
[6.323s] INFO:colcon.colcon_core.shell:Creating package descriptor '/home/insa/ros2_ws/install/ldlidar_ros2/share/ldlidar_ros2/package.dsv'
[6.325s] INFO:colcon.colcon_core.shell:Creating package script '/home/insa/ros2_ws/install/ldlidar_ros2/share/ldlidar_ros2/package.sh'
[6.328s] INFO:colcon.colcon_core.shell:Creating package script '/home/insa/ros2_ws/install/ldlidar_ros2/share/ldlidar_ros2/package.bash'
[6.332s] INFO:colcon.colcon_core.shell:Creating package script '/home/insa/ros2_ws/install/ldlidar_ros2/share/ldlidar_ros2/package.zsh'
[6.340s] Level 1:colcon.colcon_core.environment:create_file_with_runtime_dependencies(/home/insa/ros2_ws/install/ldlidar_ros2/share/colcon-core/packages/ldlidar_ros2)
[8.576s] DEBUG:colcon.colcon_core.event_handler.log_command:Invoking command in '/home/insa/ros2_ws/src/imu_to_odom': PYTHONPATH=/home/insa/ros2_ws/build/imu_to_odom/prefix_override:/usr/lib/python3/dist-packages/colcon_core/task/python/colcon_distutils_commands:/home/insa/ros2_ws/install/imu_to_odom/lib/python3.10/site-packages:${PYTHONPATH} /usr/bin/python3 -W ignore:setup.py install is deprecated -W ignore:easy_install command is deprecated setup.py egg_info --egg-base ../../build/imu_to_odom build --build-base /home/insa/ros2_ws/build/imu_to_odom/build install --record /home/insa/ros2_ws/build/imu_to_odom/install.log --single-version-externally-managed install_data
[8.630s] DEBUG:colcon.colcon_core.event_handler.log_command:Invoking command in '/home/insa/ros2_ws/src/ros2_icm20948': PYTHONPATH=/home/insa/ros2_ws/build/ros2_icm20948/prefix_override:/usr/lib/python3/dist-packages/colcon_core/task/python/colcon_distutils_commands:/home/insa/ros2_ws/install/ros2_icm20948/lib/python3.10/site-packages:${PYTHONPATH} /usr/bin/python3 -W ignore:setup.py install is deprecated -W ignore:easy_install command is deprecated setup.py egg_info --egg-base ../../build/ros2_icm20948 build --build-base /home/insa/ros2_ws/build/ros2_icm20948/build install --record /home/insa/ros2_ws/build/ros2_icm20948/install.log --single-version-externally-managed install_data
[8.639s] DEBUG:colcon.colcon_core.event_handler.log_command:Invoking command in '/home/insa/ros2_ws/src/projet_siot': PYTHONPATH=/home/insa/ros2_ws/build/projet_siot/prefix_override:/usr/lib/python3/dist-packages/colcon_core/task/python/colcon_distutils_commands:/home/insa/ros2_ws/install/projet_siot/lib/python3.10/site-packages:${PYTHONPATH} /usr/bin/python3 -W ignore:setup.py install is deprecated -W ignore:easy_install command is deprecated setup.py egg_info --egg-base ../../build/projet_siot build --build-base /home/insa/ros2_ws/build/projet_siot/build install --record /home/insa/ros2_ws/build/projet_siot/install.log --single-version-externally-managed install_data
[10.778s] Level 1:colcon.colcon_core.environment:checking '/home/insa/ros2_ws/install/imu_to_odom' for CMake module files
[10.784s] DEBUG:colcon.colcon_core.event_handler.log_command:Invoked command in '/home/insa/ros2_ws/src/imu_to_odom' returned '0': PYTHONPATH=/home/insa/ros2_ws/build/imu_to_odom/prefix_override:/usr/lib/python3/dist-packages/colcon_core/task/python/colcon_distutils_commands:/home/insa/ros2_ws/install/imu_to_odom/lib/python3.10/site-packages:${PYTHONPATH} /usr/bin/python3 -W ignore:setup.py install is deprecated -W ignore:easy_install command is deprecated setup.py egg_info --egg-base ../../build/imu_to_odom build --build-base /home/insa/ros2_ws/build/imu_to_odom/build install --record /home/insa/ros2_ws/build/imu_to_odom/install.log --single-version-externally-managed install_data
[10.787s] Level 1:colcon.colcon_core.environment:checking '/home/insa/ros2_ws/install/imu_to_odom' for CMake config files
[10.800s] Level 1:colcon.colcon_core.environment:checking '/home/insa/ros2_ws/install/imu_to_odom/lib'
[10.802s] Level 1:colcon.colcon_core.environment:checking '/home/insa/ros2_ws/install/imu_to_odom/bin'
[10.804s] Level 1:colcon.colcon_core.environment:checking '/home/insa/ros2_ws/install/imu_to_odom/lib/pkgconfig/imu_to_odom.pc'
[10.806s] Level 1:colcon.colcon_core.environment:checking '/home/insa/ros2_ws/install/imu_to_odom/lib/python3.10/site-packages'
[10.807s] Level 1:colcon.colcon_core.shell:create_environment_hook('imu_to_odom', 'pythonpath')
[10.808s] INFO:colcon.colcon_core.shell:Creating environment hook '/home/insa/ros2_ws/install/imu_to_odom/share/imu_to_odom/hook/pythonpath.ps1'
[10.812s] INFO:colcon.colcon_core.shell:Creating environment descriptor '/home/insa/ros2_ws/install/imu_to_odom/share/imu_to_odom/hook/pythonpath.dsv'
[10.815s] INFO:colcon.colcon_core.shell:Creating environment hook '/home/insa/ros2_ws/install/imu_to_odom/share/imu_to_odom/hook/pythonpath.sh'
[10.825s] Level 1:colcon.colcon_core.environment:checking '/home/insa/ros2_ws/install/imu_to_odom/bin'
[10.826s] Level 1:colcon.colcon_core.environment:create_environment_scripts_only(imu_to_odom)
[10.828s] INFO:colcon.colcon_core.shell:Creating package script '/home/insa/ros2_ws/install/imu_to_odom/share/imu_to_odom/package.ps1'
[10.832s] INFO:colcon.colcon_core.shell:Creating package descriptor '/home/insa/ros2_ws/install/imu_to_odom/share/imu_to_odom/package.dsv'
[10.835s] INFO:colcon.colcon_core.shell:Creating package script '/home/insa/ros2_ws/install/imu_to_odom/share/imu_to_odom/package.sh'
[10.841s] INFO:colcon.colcon_core.shell:Creating package script '/home/insa/ros2_ws/install/imu_to_odom/share/imu_to_odom/package.bash'
[10.843s] INFO:colcon.colcon_core.shell:Creating package script '/home/insa/ros2_ws/install/imu_to_odom/share/imu_to_odom/package.zsh'
[10.845s] Level 1:colcon.colcon_core.environment:create_file_with_runtime_dependencies(/home/insa/ros2_ws/install/imu_to_odom/share/colcon-core/packages/imu_to_odom)
[10.850s] Level 1:colcon.colcon_core.environment:checking '/home/insa/ros2_ws/install/projet_siot' for CMake module files
[10.852s] DEBUG:colcon.colcon_core.event_handler.log_command:Invoked command in '/home/insa/ros2_ws/src/projet_siot' returned '0': PYTHONPATH=/home/insa/ros2_ws/build/projet_siot/prefix_override:/usr/lib/python3/dist-packages/colcon_core/task/python/colcon_distutils_commands:/home/insa/ros2_ws/install/projet_siot/lib/python3.10/site-packages:${PYTHONPATH} /usr/bin/python3 -W ignore:setup.py install is deprecated -W ignore:easy_install command is deprecated setup.py egg_info --egg-base ../../build/projet_siot build --build-base /home/insa/ros2_ws/build/projet_siot/build install --record /home/insa/ros2_ws/build/projet_siot/install.log --single-version-externally-managed install_data
[10.854s] Level 1:colcon.colcon_core.environment:checking '/home/insa/ros2_ws/install/projet_siot' for CMake config files
[10.858s] Level 1:colcon.colcon_core.environment:checking '/home/insa/ros2_ws/install/projet_siot/lib'
[10.859s] Level 1:colcon.colcon_core.environment:checking '/home/insa/ros2_ws/install/projet_siot/bin'
[10.859s] Level 1:colcon.colcon_core.environment:checking '/home/insa/ros2_ws/install/projet_siot/lib/pkgconfig/projet_siot.pc'
[10.860s] Level 1:colcon.colcon_core.environment:checking '/home/insa/ros2_ws/install/projet_siot/lib/python3.10/site-packages'
[10.861s] Level 1:colcon.colcon_core.shell:create_environment_hook('projet_siot', 'pythonpath')
[10.862s] INFO:colcon.colcon_core.shell:Creating environment hook '/home/insa/ros2_ws/install/projet_siot/share/projet_siot/hook/pythonpath.ps1'
[10.864s] INFO:colcon.colcon_core.shell:Creating environment descriptor '/home/insa/ros2_ws/install/projet_siot/share/projet_siot/hook/pythonpath.dsv'
[10.867s] INFO:colcon.colcon_core.shell:Creating environment hook '/home/insa/ros2_ws/install/projet_siot/share/projet_siot/hook/pythonpath.sh'
[10.870s] Level 1:colcon.colcon_core.environment:checking '/home/insa/ros2_ws/install/projet_siot/bin'
[10.871s] Level 1:colcon.colcon_core.environment:create_environment_scripts_only(projet_siot)
[10.872s] INFO:colcon.colcon_core.shell:Creating package script '/home/insa/ros2_ws/install/projet_siot/share/projet_siot/package.ps1'
[10.875s] INFO:colcon.colcon_core.shell:Creating package descriptor '/home/insa/ros2_ws/install/projet_siot/share/projet_siot/package.dsv'
[10.877s] INFO:colcon.colcon_core.shell:Creating package script '/home/insa/ros2_ws/install/projet_siot/share/projet_siot/package.sh'
[10.880s] INFO:colcon.colcon_core.shell:Creating package script '/home/insa/ros2_ws/install/projet_siot/share/projet_siot/package.bash'
[10.886s] INFO:colcon.colcon_core.shell:Creating package script '/home/insa/ros2_ws/install/projet_siot/share/projet_siot/package.zsh'
[10.889s] Level 1:colcon.colcon_core.environment:create_file_with_runtime_dependencies(/home/insa/ros2_ws/install/projet_siot/share/colcon-core/packages/projet_siot)
[10.893s] Level 1:colcon.colcon_core.environment:checking '/home/insa/ros2_ws/install/ros2_icm20948' for CMake module files
[10.898s] DEBUG:colcon.colcon_core.event_handler.log_command:Invoked command in '/home/insa/ros2_ws/src/ros2_icm20948' returned '0': PYTHONPATH=/home/insa/ros2_ws/build/ros2_icm20948/prefix_override:/usr/lib/python3/dist-packages/colcon_core/task/python/colcon_distutils_commands:/home/insa/ros2_ws/install/ros2_icm20948/lib/python3.10/site-packages:${PYTHONPATH} /usr/bin/python3 -W ignore:setup.py install is deprecated -W ignore:easy_install command is deprecated setup.py egg_info --egg-base ../../build/ros2_icm20948 build --build-base /home/insa/ros2_ws/build/ros2_icm20948/build install --record /home/insa/ros2_ws/build/ros2_icm20948/install.log --single-version-externally-managed install_data
[10.899s] Level 1:colcon.colcon_core.environment:checking '/home/insa/ros2_ws/install/ros2_icm20948' for CMake config files
[10.903s] Level 1:colcon.colcon_core.environment:checking '/home/insa/ros2_ws/install/ros2_icm20948/lib'
[10.903s] Level 1:colcon.colcon_core.environment:checking '/home/insa/ros2_ws/install/ros2_icm20948/bin'
[10.904s] Level 1:colcon.colcon_core.environment:checking '/home/insa/ros2_ws/install/ros2_icm20948/lib/pkgconfig/ros2_icm20948.pc'
[10.905s] Level 1:colcon.colcon_core.environment:checking '/home/insa/ros2_ws/install/ros2_icm20948/lib/python3.10/site-packages'
[10.905s] Level 1:colcon.colcon_core.shell:create_environment_hook('ros2_icm20948', 'pythonpath')
[10.906s] INFO:colcon.colcon_core.shell:Creating environment hook '/home/insa/ros2_ws/install/ros2_icm20948/share/ros2_icm20948/hook/pythonpath.ps1'
[10.909s] INFO:colcon.colcon_core.shell:Creating environment descriptor '/home/insa/ros2_ws/install/ros2_icm20948/share/ros2_icm20948/hook/pythonpath.dsv'
[10.911s] INFO:colcon.colcon_core.shell:Creating environment hook '/home/insa/ros2_ws/install/ros2_icm20948/share/ros2_icm20948/hook/pythonpath.sh'
[10.919s] Level 1:colcon.colcon_core.environment:checking '/home/insa/ros2_ws/install/ros2_icm20948/bin'
[10.920s] Level 1:colcon.colcon_core.environment:create_environment_scripts_only(ros2_icm20948)
[10.922s] INFO:colcon.colcon_core.shell:Creating package script '/home/insa/ros2_ws/install/ros2_icm20948/share/ros2_icm20948/package.ps1'
[10.926s] INFO:colcon.colcon_core.shell:Creating package descriptor '/home/insa/ros2_ws/install/ros2_icm20948/share/ros2_icm20948/package.dsv'
[10.929s] INFO:colcon.colcon_core.shell:Creating package script '/home/insa/ros2_ws/install/ros2_icm20948/share/ros2_icm20948/package.sh'
[10.931s] INFO:colcon.colcon_core.shell:Creating package script '/home/insa/ros2_ws/install/ros2_icm20948/share/ros2_icm20948/package.bash'
[10.934s] INFO:colcon.colcon_core.shell:Creating package script '/home/insa/ros2_ws/install/ros2_icm20948/share/ros2_icm20948/package.zsh'
[10.936s] Level 1:colcon.colcon_core.environment:create_file_with_runtime_dependencies(/home/insa/ros2_ws/install/ros2_icm20948/share/colcon-core/packages/ros2_icm20948)
[10.938s] DEBUG:colcon.colcon_parallel_executor.executor.parallel:closing loop
[10.939s] DEBUG:colcon.colcon_parallel_executor.executor.parallel:loop closed
[10.940s] DEBUG:colcon.colcon_parallel_executor.executor.parallel:run_until_complete finished with '0'
[10.940s] DEBUG:colcon.colcon_core.event_reactor:joining thread
[10.972s] INFO:colcon.colcon_core.plugin_system:Skipping extension 'colcon_notification.desktop_notification.terminal_notifier': Not used on non-Darwin systems
[10.973s] INFO:colcon.colcon_core.plugin_system:Skipping extension 'colcon_notification.desktop_notification.win32': Not used on non-Windows systems
[10.973s] INFO:colcon.colcon_notification.desktop_notification:Sending desktop notification using 'notify2'
[11.028s] DEBUG:colcon.colcon_core.event_reactor:joined thread
[11.029s] INFO:colcon.colcon_core.shell:Creating prefix script '/home/insa/ros2_ws/install/local_setup.ps1'
[11.034s] INFO:colcon.colcon_core.shell:Creating prefix util module '/home/insa/ros2_ws/install/_local_setup_util_ps1.py'
[11.042s] INFO:colcon.colcon_core.shell:Creating prefix chain script '/home/insa/ros2_ws/install/setup.ps1'
[11.049s] INFO:colcon.colcon_core.shell:Creating prefix script '/home/insa/ros2_ws/install/local_setup.sh'
[11.052s] INFO:colcon.colcon_core.shell:Creating prefix util module '/home/insa/ros2_ws/install/_local_setup_util_sh.py'
[11.055s] INFO:colcon.colcon_core.shell:Creating prefix chain script '/home/insa/ros2_ws/install/setup.sh'
[11.062s] INFO:colcon.colcon_core.shell:Creating prefix script '/home/insa/ros2_ws/install/local_setup.bash'
[11.066s] INFO:colcon.colcon_core.shell:Creating prefix chain script '/home/insa/ros2_ws/install/setup.bash'
[11.073s] INFO:colcon.colcon_core.shell:Creating prefix script '/home/insa/ros2_ws/install/local_setup.zsh'
[11.077s] INFO:colcon.colcon_core.shell:Creating prefix chain script '/home/insa/ros2_ws/install/setup.zsh'
