[1.479s] Invoking command in '/home/insa/ros2_ws/build/ldlidar_ros2': CMAKE_PREFIX_PATH=${CMAKE_PREFIX_PATH}:/home/insa/ros2_ws/install/imu_to_odom:/home/insa/ros2_ws/install/ros2_icm20948:/home/insa/ros2_ws/install/projet_siot:/opt/ros/humble /usr/bin/cmake --build /home/insa/ros2_ws/build/ldlidar_ros2 -- -j4 -l4
[2.895s] [ 84%] Built target ldlidar_driver
[2.897s] [100%] Built target ldlidar_ros2_node
[4.246s] Invoked command in '/home/insa/ros2_ws/build/ldlidar_ros2' returned '0': CMAKE_PREFIX_PATH=${CMAKE_PREFIX_PATH}:/home/insa/ros2_ws/install/imu_to_odom:/home/insa/ros2_ws/install/ros2_icm20948:/home/insa/ros2_ws/install/projet_siot:/opt/ros/humble /usr/bin/cmake --build /home/insa/ros2_ws/build/ldlidar_ros2 -- -j4 -l4
[4.287s] Invoking command in '/home/insa/ros2_ws/build/ldlidar_ros2': CMAKE_PREFIX_PATH=${CMAKE_PREFIX_PATH}:/home/insa/ros2_ws/install/imu_to_odom:/home/insa/ros2_ws/install/ros2_icm20948:/home/insa/ros2_ws/install/projet_siot:/opt/ros/humble /usr/bin/cmake --install /home/insa/ros2_ws/build/ldlidar_ros2
[4.320s] -- Install configuration: ""
[4.338s] -- Up-to-date: /home/insa/ros2_ws/install/ldlidar_ros2/lib/ldlidar_ros2/ldlidar_ros2_node
[4.338s] -- Up-to-date: /home/insa/ros2_ws/install/ldlidar_ros2/share/ldlidar_ros2//launch
[4.341s] -- Up-to-date: /home/insa/ros2_ws/install/ldlidar_ros2/share/ldlidar_ros2//launch/viewer_ld06.launch.py
[4.343s] -- Up-to-date: /home/insa/ros2_ws/install/ldlidar_ros2/share/ldlidar_ros2//launch/ld14p.launch.py
[4.345s] -- Up-to-date: /home/insa/ros2_ws/install/ldlidar_ros2/share/ldlidar_ros2//launch/ld14.launch.py
[4.348s] -- Up-to-date: /home/insa/ros2_ws/install/ldlidar_ros2/share/ldlidar_ros2//launch/viewer_ld14.launch.py
[4.350s] -- Up-to-date: /home/insa/ros2_ws/install/ldlidar_ros2/share/ldlidar_ros2//launch/ld19.launch.py
[4.351s] -- Up-to-date: /home/insa/ros2_ws/install/ldlidar_ros2/share/ldlidar_ros2//launch/viewer_ld14p.launch.py
[4.356s] -- Up-to-date: /home/insa/ros2_ws/install/ldlidar_ros2/share/ldlidar_ros2//launch/viewer_ld19.launch.py
[4.357s] -- Up-to-date: /home/insa/ros2_ws/install/ldlidar_ros2/share/ldlidar_ros2//launch/ld06.launch.py
[4.359s] -- Up-to-date: /home/insa/ros2_ws/install/ldlidar_ros2/share/ldlidar_ros2//rviz2
[4.361s] -- Up-to-date: /home/insa/ros2_ws/install/ldlidar_ros2/share/ldlidar_ros2//rviz2/ldlidar.rviz
[4.362s] -- Up-to-date: /home/insa/ros2_ws/install/ldlidar_ros2/share/ldlidar_ros2//scripts
[4.363s] -- Up-to-date: /home/insa/ros2_ws/install/ldlidar_ros2/share/ldlidar_ros2//scripts/ldlidar.rules
[4.365s] -- Up-to-date: /home/insa/ros2_ws/install/ldlidar_ros2/share/ldlidar_ros2//scripts/create_udev_rules.sh
[4.366s] -- Up-to-date: /home/insa/ros2_ws/install/ldlidar_ros2/share/ldlidar_ros2//scripts/delete_udev_rules.sh
[4.368s] -- Up-to-date: /home/insa/ros2_ws/install/ldlidar_ros2/share/ament_index/resource_index/package_run_dependencies/ldlidar_ros2
[4.370s] -- Up-to-date: /home/insa/ros2_ws/install/ldlidar_ros2/share/ament_index/resource_index/parent_prefix_path/ldlidar_ros2
[4.372s] -- Up-to-date: /home/insa/ros2_ws/install/ldlidar_ros2/share/ldlidar_ros2/environment/ament_prefix_path.sh
[4.374s] -- Up-to-date: /home/insa/ros2_ws/install/ldlidar_ros2/share/ldlidar_ros2/environment/ament_prefix_path.dsv
[4.376s] -- Up-to-date: /home/insa/ros2_ws/install/ldlidar_ros2/share/ldlidar_ros2/environment/path.sh
[4.379s] -- Up-to-date: /home/insa/ros2_ws/install/ldlidar_ros2/share/ldlidar_ros2/environment/path.dsv
[4.380s] -- Up-to-date: /home/insa/ros2_ws/install/ldlidar_ros2/share/ldlidar_ros2/local_setup.bash
[4.384s] -- Up-to-date: /home/insa/ros2_ws/install/ldlidar_ros2/share/ldlidar_ros2/local_setup.sh
[4.385s] -- Up-to-date: /home/insa/ros2_ws/install/ldlidar_ros2/share/ldlidar_ros2/local_setup.zsh
[4.389s] -- Up-to-date: /home/insa/ros2_ws/install/ldlidar_ros2/share/ldlidar_ros2/local_setup.dsv
[4.390s] -- Installing: /home/insa/ros2_ws/install/ldlidar_ros2/share/ldlidar_ros2/package.dsv
[4.394s] -- Up-to-date: /home/insa/ros2_ws/install/ldlidar_ros2/share/ament_index/resource_index/packages/ldlidar_ros2
[4.395s] -- Up-to-date: /home/insa/ros2_ws/install/ldlidar_ros2/share/ldlidar_ros2/cmake/ldlidar_ros2Config.cmake
[4.399s] -- Up-to-date: /home/insa/ros2_ws/install/ldlidar_ros2/share/ldlidar_ros2/cmake/ldlidar_ros2Config-version.cmake
[4.400s] -- Up-to-date: /home/insa/ros2_ws/install/ldlidar_ros2/share/ldlidar_ros2/package.xml
[4.415s] Invoked command in '/home/insa/ros2_ws/build/ldlidar_ros2' returned '0': CMAKE_PREFIX_PATH=${CMAKE_PREFIX_PATH}:/home/insa/ros2_ws/install/imu_to_odom:/home/insa/ros2_ws/install/ros2_icm20948:/home/insa/ros2_ws/install/projet_siot:/opt/ros/humble /usr/bin/cmake --install /home/insa/ros2_ws/build/ldlidar_ros2
