[1.050s] DEBUG:colcon:Command line arguments: ['/usr/bin/colcon', 'build']
[1.051s] DEBUG:colcon:Parsed command line arguments: Namespace(log_base=None, log_level=None, verb_name='build', build_base='build', install_base='install', merge_install=False, symlink_install=False, test_result_base=None, continue_on_error=False, executor='parallel', parallel_workers=4, event_handlers=None, ignore_user_meta=False, metas=['./colcon.meta'], base_paths=['.'], packages_ignore=None, packages_ignore_regex=None, paths=None, packages_up_to=None, packages_up_to_regex=None, packages_above=None, packages_above_and_dependencies=None, packages_above_depth=None, packages_select_by_dep=None, packages_skip_by_dep=None, packages_skip_up_to=None, packages_select_build_failed=False, packages_skip_build_finished=False, packages_select_test_failures=False, packages_skip_test_passed=False, packages_select=None, packages_skip=None, packages_select_regex=None, packages_skip_regex=None, packages_start=None, packages_end=None, allow_overriding=[], cmake_args=None, cmake_target=None, cmake_target_skip_unavailable=False, cmake_clean_cache=False, cmake_clean_first=False, cmake_force_configure=False, ament_cmake_args=None, catkin_cmake_args=None, catkin_skip_building_tests=False, mixin_files=None, mixin=None, verb_parser=<colcon_mixin.mixin.mixin_argument.MixinArgumentDecorator object at 0xffffb59d2080>, verb_extension=<colcon_core.verb.build.BuildVerb object at 0xffffb5b7f010>, main=<bound method BuildVerb.main of <colcon_core.verb.build.BuildVerb object at 0xffffb5b7f010>>, mixin_verb=('build',))
[2.946s] Level 1:colcon.colcon_core.package_discovery:discover_packages(colcon_meta) check parameters
[2.947s] Level 1:colcon.colcon_core.package_discovery:discover_packages(recursive) check parameters
[2.947s] Level 1:colcon.colcon_core.package_discovery:discover_packages(ignore) check parameters
[2.947s] Level 1:colcon.colcon_core.package_discovery:discover_packages(path) check parameters
[2.947s] Level 1:colcon.colcon_core.package_discovery:discover_packages(colcon_meta) discover
[2.948s] Level 1:colcon.colcon_core.package_discovery:discover_packages(recursive) discover
[2.948s] INFO:colcon.colcon_core.package_discovery:Crawling recursively for packages in '/home/insa/ros2_ws'
[2.949s] Level 1:colcon.colcon_core.package_identification:_identify(.) by extensions ['ignore', 'ignore_ament_install']
[2.949s] Level 1:colcon.colcon_core.package_identification:_identify(.) by extension 'ignore'
[2.950s] Level 1:colcon.colcon_core.package_identification:_identify(.) by extension 'ignore_ament_install'
[2.950s] Level 1:colcon.colcon_core.package_identification:_identify(.) by extensions ['colcon_pkg']
[2.950s] Level 1:colcon.colcon_core.package_identification:_identify(.) by extension 'colcon_pkg'
[2.951s] Level 1:colcon.colcon_core.package_identification:_identify(.) by extensions ['colcon_meta']
[2.951s] Level 1:colcon.colcon_core.package_identification:_identify(.) by extension 'colcon_meta'
[2.951s] Level 1:colcon.colcon_core.package_identification:_identify(.) by extensions ['ros']
[2.951s] Level 1:colcon.colcon_core.package_identification:_identify(.) by extension 'ros'
[3.025s] Level 1:colcon.colcon_core.package_identification:_identify(.) by extensions ['cmake', 'python']
[3.026s] Level 1:colcon.colcon_core.package_identification:_identify(.) by extension 'cmake'
[3.026s] Level 1:colcon.colcon_core.package_identification:_identify(.) by extension 'python'
[3.026s] Level 1:colcon.colcon_core.package_identification:_identify(.) by extensions ['python_setup_py']
[3.027s] Level 1:colcon.colcon_core.package_identification:_identify(.) by extension 'python_setup_py'
[3.028s] Level 1:colcon.colcon_core.package_identification:_identify(build) by extensions ['ignore', 'ignore_ament_install']
[3.028s] Level 1:colcon.colcon_core.package_identification:_identify(build) by extension 'ignore'
[3.028s] Level 1:colcon.colcon_core.package_identification:_identify(build) ignored
[3.030s] Level 1:colcon.colcon_core.package_identification:_identify(install) by extensions ['ignore', 'ignore_ament_install']
[3.030s] Level 1:colcon.colcon_core.package_identification:_identify(install) by extension 'ignore'
[3.031s] Level 1:colcon.colcon_core.package_identification:_identify(install) ignored
[3.032s] Level 1:colcon.colcon_core.package_identification:_identify(log) by extensions ['ignore', 'ignore_ament_install']
[3.032s] Level 1:colcon.colcon_core.package_identification:_identify(log) by extension 'ignore'
[3.033s] Level 1:colcon.colcon_core.package_identification:_identify(log) ignored
[3.034s] Level 1:colcon.colcon_core.package_identification:_identify(src) by extensions ['ignore', 'ignore_ament_install']
[3.034s] Level 1:colcon.colcon_core.package_identification:_identify(src) by extension 'ignore'
[3.035s] Level 1:colcon.colcon_core.package_identification:_identify(src) by extension 'ignore_ament_install'
[3.036s] Level 1:colcon.colcon_core.package_identification:_identify(src) by extensions ['colcon_pkg']
[3.036s] Level 1:colcon.colcon_core.package_identification:_identify(src) by extension 'colcon_pkg'
[3.037s] Level 1:colcon.colcon_core.package_identification:_identify(src) by extensions ['colcon_meta']
[3.037s] Level 1:colcon.colcon_core.package_identification:_identify(src) by extension 'colcon_meta'
[3.038s] Level 1:colcon.colcon_core.package_identification:_identify(src) by extensions ['ros']
[3.038s] Level 1:colcon.colcon_core.package_identification:_identify(src) by extension 'ros'
[3.039s] Level 1:colcon.colcon_core.package_identification:_identify(src) by extensions ['cmake', 'python']
[3.039s] Level 1:colcon.colcon_core.package_identification:_identify(src) by extension 'cmake'
[3.040s] Level 1:colcon.colcon_core.package_identification:_identify(src) by extension 'python'
[3.040s] Level 1:colcon.colcon_core.package_identification:_identify(src) by extensions ['python_setup_py']
[3.041s] Level 1:colcon.colcon_core.package_identification:_identify(src) by extension 'python_setup_py'
[3.043s] Level 1:colcon.colcon_core.package_identification:_identify(src/ldlidar_ros2) by extensions ['ignore', 'ignore_ament_install']
[3.043s] Level 1:colcon.colcon_core.package_identification:_identify(src/ldlidar_ros2) by extension 'ignore'
[3.044s] Level 1:colcon.colcon_core.package_identification:_identify(src/ldlidar_ros2) by extension 'ignore_ament_install'
[3.045s] Level 1:colcon.colcon_core.package_identification:_identify(src/ldlidar_ros2) by extensions ['colcon_pkg']
[3.045s] Level 1:colcon.colcon_core.package_identification:_identify(src/ldlidar_ros2) by extension 'colcon_pkg'
[3.046s] Level 1:colcon.colcon_core.package_identification:_identify(src/ldlidar_ros2) by extensions ['colcon_meta']
[3.046s] Level 1:colcon.colcon_core.package_identification:_identify(src/ldlidar_ros2) by extension 'colcon_meta'
[3.046s] Level 1:colcon.colcon_core.package_identification:_identify(src/ldlidar_ros2) by extensions ['ros']
[3.047s] Level 1:colcon.colcon_core.package_identification:_identify(src/ldlidar_ros2) by extension 'ros'
[3.064s] DEBUG:colcon.colcon_core.package_identification:Package 'src/ldlidar_ros2' with type 'ros.ament_cmake' and name 'ldlidar_ros2'
[3.065s] Level 1:colcon.colcon_core.package_identification:_identify(src/my_slam) by extensions ['ignore', 'ignore_ament_install']
[3.066s] Level 1:colcon.colcon_core.package_identification:_identify(src/my_slam) by extension 'ignore'
[3.066s] Level 1:colcon.colcon_core.package_identification:_identify(src/my_slam) by extension 'ignore_ament_install'
[3.067s] Level 1:colcon.colcon_core.package_identification:_identify(src/my_slam) by extensions ['colcon_pkg']
[3.067s] Level 1:colcon.colcon_core.package_identification:_identify(src/my_slam) by extension 'colcon_pkg'
[3.068s] Level 1:colcon.colcon_core.package_identification:_identify(src/my_slam) by extensions ['colcon_meta']
[3.068s] Level 1:colcon.colcon_core.package_identification:_identify(src/my_slam) by extension 'colcon_meta'
[3.069s] Level 1:colcon.colcon_core.package_identification:_identify(src/my_slam) by extensions ['ros']
[3.069s] Level 1:colcon.colcon_core.package_identification:_identify(src/my_slam) by extension 'ros'
[3.070s] Level 1:colcon.colcon_core.package_identification:_identify(src/my_slam) by extensions ['cmake', 'python']
[3.070s] Level 1:colcon.colcon_core.package_identification:_identify(src/my_slam) by extension 'cmake'
[3.070s] Level 1:colcon.colcon_core.package_identification:_identify(src/my_slam) by extension 'python'
[3.071s] Level 1:colcon.colcon_core.package_identification:_identify(src/my_slam) by extensions ['python_setup_py']
[3.071s] Level 1:colcon.colcon_core.package_identification:_identify(src/my_slam) by extension 'python_setup_py'
[3.073s] Level 1:colcon.colcon_core.package_identification:_identify(src/my_slam/launch) by extensions ['ignore', 'ignore_ament_install']
[3.074s] Level 1:colcon.colcon_core.package_identification:_identify(src/my_slam/launch) by extension 'ignore'
[3.074s] Level 1:colcon.colcon_core.package_identification:_identify(src/my_slam/launch) by extension 'ignore_ament_install'
[3.075s] Level 1:colcon.colcon_core.package_identification:_identify(src/my_slam/launch) by extensions ['colcon_pkg']
[3.075s] Level 1:colcon.colcon_core.package_identification:_identify(src/my_slam/launch) by extension 'colcon_pkg'
[3.075s] Level 1:colcon.colcon_core.package_identification:_identify(src/my_slam/launch) by extensions ['colcon_meta']
[3.076s] Level 1:colcon.colcon_core.package_identification:_identify(src/my_slam/launch) by extension 'colcon_meta'
[3.076s] Level 1:colcon.colcon_core.package_identification:_identify(src/my_slam/launch) by extensions ['ros']
[3.077s] Level 1:colcon.colcon_core.package_identification:_identify(src/my_slam/launch) by extension 'ros'
[3.077s] Level 1:colcon.colcon_core.package_identification:_identify(src/my_slam/launch) by extensions ['cmake', 'python']
[3.078s] Level 1:colcon.colcon_core.package_identification:_identify(src/my_slam/launch) by extension 'cmake'
[3.079s] Level 1:colcon.colcon_core.package_identification:_identify(src/my_slam/launch) by extension 'python'
[3.079s] Level 1:colcon.colcon_core.package_identification:_identify(src/my_slam/launch) by extensions ['python_setup_py']
[3.080s] Level 1:colcon.colcon_core.package_identification:_identify(src/my_slam/launch) by extension 'python_setup_py'
[3.081s] Level 1:colcon.colcon_core.package_identification:_identify(src/my_slam/launch/__pycache__) by extensions ['ignore', 'ignore_ament_install']
[3.082s] Level 1:colcon.colcon_core.package_identification:_identify(src/my_slam/launch/__pycache__) by extension 'ignore'
[3.082s] Level 1:colcon.colcon_core.package_identification:_identify(src/my_slam/launch/__pycache__) by extension 'ignore_ament_install'
[3.083s] Level 1:colcon.colcon_core.package_identification:_identify(src/my_slam/launch/__pycache__) by extensions ['colcon_pkg']
[3.083s] Level 1:colcon.colcon_core.package_identification:_identify(src/my_slam/launch/__pycache__) by extension 'colcon_pkg'
[3.083s] Level 1:colcon.colcon_core.package_identification:_identify(src/my_slam/launch/__pycache__) by extensions ['colcon_meta']
[3.083s] Level 1:colcon.colcon_core.package_identification:_identify(src/my_slam/launch/__pycache__) by extension 'colcon_meta'
[3.083s] Level 1:colcon.colcon_core.package_identification:_identify(src/my_slam/launch/__pycache__) by extensions ['ros']
[3.084s] Level 1:colcon.colcon_core.package_identification:_identify(src/my_slam/launch/__pycache__) by extension 'ros'
[3.084s] Level 1:colcon.colcon_core.package_identification:_identify(src/my_slam/launch/__pycache__) by extensions ['cmake', 'python']
[3.084s] Level 1:colcon.colcon_core.package_identification:_identify(src/my_slam/launch/__pycache__) by extension 'cmake'
[3.085s] Level 1:colcon.colcon_core.package_identification:_identify(src/my_slam/launch/__pycache__) by extension 'python'
[3.085s] Level 1:colcon.colcon_core.package_identification:_identify(src/my_slam/launch/__pycache__) by extensions ['python_setup_py']
[3.086s] Level 1:colcon.colcon_core.package_identification:_identify(src/my_slam/launch/__pycache__) by extension 'python_setup_py'
[3.087s] Level 1:colcon.colcon_core.package_identification:_identify(src/projet_siot) by extensions ['ignore', 'ignore_ament_install']
[3.087s] Level 1:colcon.colcon_core.package_identification:_identify(src/projet_siot) by extension 'ignore'
[3.088s] Level 1:colcon.colcon_core.package_identification:_identify(src/projet_siot) by extension 'ignore_ament_install'
[3.088s] Level 1:colcon.colcon_core.package_identification:_identify(src/projet_siot) by extensions ['colcon_pkg']
[3.088s] Level 1:colcon.colcon_core.package_identification:_identify(src/projet_siot) by extension 'colcon_pkg'
[3.089s] Level 1:colcon.colcon_core.package_identification:_identify(src/projet_siot) by extensions ['colcon_meta']
[3.089s] Level 1:colcon.colcon_core.package_identification:_identify(src/projet_siot) by extension 'colcon_meta'
[3.089s] Level 1:colcon.colcon_core.package_identification:_identify(src/projet_siot) by extensions ['ros']
[3.089s] Level 1:colcon.colcon_core.package_identification:_identify(src/projet_siot) by extension 'ros'
[3.093s] DEBUG:colcon.colcon_core.package_identification:Package 'src/projet_siot' with type 'ros.ament_python' and name 'projet_siot'
[3.094s] Level 1:colcon.colcon_core.package_identification:_identify(src/ros2_icm20948) by extensions ['ignore', 'ignore_ament_install']
[3.095s] Level 1:colcon.colcon_core.package_identification:_identify(src/ros2_icm20948) by extension 'ignore'
[3.095s] Level 1:colcon.colcon_core.package_identification:_identify(src/ros2_icm20948) by extension 'ignore_ament_install'
[3.096s] Level 1:colcon.colcon_core.package_identification:_identify(src/ros2_icm20948) by extensions ['colcon_pkg']
[3.096s] Level 1:colcon.colcon_core.package_identification:_identify(src/ros2_icm20948) by extension 'colcon_pkg'
[3.097s] Level 1:colcon.colcon_core.package_identification:_identify(src/ros2_icm20948) by extensions ['colcon_meta']
[3.097s] Level 1:colcon.colcon_core.package_identification:_identify(src/ros2_icm20948) by extension 'colcon_meta'
[3.098s] Level 1:colcon.colcon_core.package_identification:_identify(src/ros2_icm20948) by extensions ['ros']
[3.098s] Level 1:colcon.colcon_core.package_identification:_identify(src/ros2_icm20948) by extension 'ros'
[3.103s] DEBUG:colcon.colcon_core.package_identification:Package 'src/ros2_icm20948' with type 'ros.ament_python' and name 'ros2_icm20948'
[3.103s] Level 1:colcon.colcon_core.package_discovery:discover_packages(recursive) using defaults
[3.104s] Level 1:colcon.colcon_core.package_discovery:discover_packages(ignore) discover
[3.104s] Level 1:colcon.colcon_core.package_discovery:discover_packages(ignore) using defaults
[3.104s] Level 1:colcon.colcon_core.package_discovery:discover_packages(path) discover
[3.104s] Level 1:colcon.colcon_core.package_discovery:discover_packages(path) using defaults
[3.322s] Level 1:colcon.colcon_core.package_discovery:discover_packages(prefix_path) check parameters
[3.322s] Level 1:colcon.colcon_core.package_discovery:discover_packages(prefix_path) discover
[3.344s] DEBUG:colcon.colcon_installed_package_information.package_discovery:Found 3 installed packages in /home/insa/ros2_ws/install
[3.370s] DEBUG:colcon.colcon_installed_package_information.package_discovery:Found 319 installed packages in /opt/ros/humble
[3.378s] Level 1:colcon.colcon_core.package_discovery:discover_packages(prefix_path) using defaults
[3.880s] Level 5:colcon.colcon_core.verb:set package 'ldlidar_ros2' build argument 'cmake_args' from command line to 'None'
[3.880s] Level 5:colcon.colcon_core.verb:set package 'ldlidar_ros2' build argument 'cmake_target' from command line to 'None'
[3.881s] Level 5:colcon.colcon_core.verb:set package 'ldlidar_ros2' build argument 'cmake_target_skip_unavailable' from command line to 'False'
[3.881s] Level 5:colcon.colcon_core.verb:set package 'ldlidar_ros2' build argument 'cmake_clean_cache' from command line to 'False'
[3.881s] Level 5:colcon.colcon_core.verb:set package 'ldlidar_ros2' build argument 'cmake_clean_first' from command line to 'False'
[3.881s] Level 5:colcon.colcon_core.verb:set package 'ldlidar_ros2' build argument 'cmake_force_configure' from command line to 'False'
[3.882s] Level 5:colcon.colcon_core.verb:set package 'ldlidar_ros2' build argument 'ament_cmake_args' from command line to 'None'
[3.882s] Level 5:colcon.colcon_core.verb:set package 'ldlidar_ros2' build argument 'catkin_cmake_args' from command line to 'None'
[3.882s] Level 5:colcon.colcon_core.verb:set package 'ldlidar_ros2' build argument 'catkin_skip_building_tests' from command line to 'False'
[3.883s] DEBUG:colcon.colcon_core.verb:Building package 'ldlidar_ros2' with the following arguments: {'ament_cmake_args': None, 'build_base': '/home/insa/ros2_ws/build/ldlidar_ros2', 'catkin_cmake_args': None, 'catkin_skip_building_tests': False, 'cmake_args': None, 'cmake_clean_cache': False, 'cmake_clean_first': False, 'cmake_force_configure': False, 'cmake_target': None, 'cmake_target_skip_unavailable': False, 'install_base': '/home/insa/ros2_ws/install/ldlidar_ros2', 'merge_install': False, 'path': '/home/insa/ros2_ws/src/ldlidar_ros2', 'symlink_install': False, 'test_result_base': None}
[3.884s] Level 5:colcon.colcon_core.verb:set package 'projet_siot' build argument 'cmake_args' from command line to 'None'
[3.885s] Level 5:colcon.colcon_core.verb:set package 'projet_siot' build argument 'cmake_target' from command line to 'None'
[3.885s] Level 5:colcon.colcon_core.verb:set package 'projet_siot' build argument 'cmake_target_skip_unavailable' from command line to 'False'
[3.886s] Level 5:colcon.colcon_core.verb:set package 'projet_siot' build argument 'cmake_clean_cache' from command line to 'False'
[3.886s] Level 5:colcon.colcon_core.verb:set package 'projet_siot' build argument 'cmake_clean_first' from command line to 'False'
[3.886s] Level 5:colcon.colcon_core.verb:set package 'projet_siot' build argument 'cmake_force_configure' from command line to 'False'
[3.886s] Level 5:colcon.colcon_core.verb:set package 'projet_siot' build argument 'ament_cmake_args' from command line to 'None'
[3.887s] Level 5:colcon.colcon_core.verb:set package 'projet_siot' build argument 'catkin_cmake_args' from command line to 'None'
[3.887s] Level 5:colcon.colcon_core.verb:set package 'projet_siot' build argument 'catkin_skip_building_tests' from command line to 'False'
[3.887s] DEBUG:colcon.colcon_core.verb:Building package 'projet_siot' with the following arguments: {'ament_cmake_args': None, 'build_base': '/home/insa/ros2_ws/build/projet_siot', 'catkin_cmake_args': None, 'catkin_skip_building_tests': False, 'cmake_args': None, 'cmake_clean_cache': False, 'cmake_clean_first': False, 'cmake_force_configure': False, 'cmake_target': None, 'cmake_target_skip_unavailable': False, 'install_base': '/home/insa/ros2_ws/install/projet_siot', 'merge_install': False, 'path': '/home/insa/ros2_ws/src/projet_siot', 'symlink_install': False, 'test_result_base': None}
[3.889s] Level 5:colcon.colcon_core.verb:set package 'ros2_icm20948' build argument 'cmake_args' from command line to 'None'
[3.890s] Level 5:colcon.colcon_core.verb:set package 'ros2_icm20948' build argument 'cmake_target' from command line to 'None'
[3.890s] Level 5:colcon.colcon_core.verb:set package 'ros2_icm20948' build argument 'cmake_target_skip_unavailable' from command line to 'False'
[3.890s] Level 5:colcon.colcon_core.verb:set package 'ros2_icm20948' build argument 'cmake_clean_cache' from command line to 'False'
[3.890s] Level 5:colcon.colcon_core.verb:set package 'ros2_icm20948' build argument 'cmake_clean_first' from command line to 'False'
[3.890s] Level 5:colcon.colcon_core.verb:set package 'ros2_icm20948' build argument 'cmake_force_configure' from command line to 'False'
[3.890s] Level 5:colcon.colcon_core.verb:set package 'ros2_icm20948' build argument 'ament_cmake_args' from command line to 'None'
[3.890s] Level 5:colcon.colcon_core.verb:set package 'ros2_icm20948' build argument 'catkin_cmake_args' from command line to 'None'
[3.890s] Level 5:colcon.colcon_core.verb:set package 'ros2_icm20948' build argument 'catkin_skip_building_tests' from command line to 'False'
[3.891s] DEBUG:colcon.colcon_core.verb:Building package 'ros2_icm20948' with the following arguments: {'ament_cmake_args': None, 'build_base': '/home/insa/ros2_ws/build/ros2_icm20948', 'catkin_cmake_args': None, 'catkin_skip_building_tests': False, 'cmake_args': None, 'cmake_clean_cache': False, 'cmake_clean_first': False, 'cmake_force_configure': False, 'cmake_target': None, 'cmake_target_skip_unavailable': False, 'install_base': '/home/insa/ros2_ws/install/ros2_icm20948', 'merge_install': False, 'path': '/home/insa/ros2_ws/src/ros2_icm20948', 'symlink_install': False, 'test_result_base': None}
[3.891s] INFO:colcon.colcon_core.executor:Executing jobs using 'parallel' executor
[3.895s] DEBUG:colcon.colcon_parallel_executor.executor.parallel:run_until_complete
[3.897s] INFO:colcon.colcon_ros.task.ament_cmake.build:Building ROS package in '/home/insa/ros2_ws/src/ldlidar_ros2' with build type 'ament_cmake'
[3.898s] INFO:colcon.colcon_cmake.task.cmake.build:Building CMake package in '/home/insa/ros2_ws/src/ldlidar_ros2'
[3.935s] INFO:colcon.colcon_core.plugin_system:Skipping extension 'colcon_core.shell.bat': Not used on non-Windows systems
[3.936s] INFO:colcon.colcon_core.shell:Skip shell extension 'powershell' for command environment: Not usable outside of PowerShell
[3.936s] DEBUG:colcon.colcon_core.shell:Skip shell extension 'dsv' for command environment
[3.968s] INFO:colcon.colcon_ros.task.ament_python.build:Building ROS package in '/home/insa/ros2_ws/src/projet_siot' with build type 'ament_python'
[3.970s] Level 1:colcon.colcon_core.shell:create_environment_hook('projet_siot', 'ament_prefix_path')
[3.971s] INFO:colcon.colcon_core.shell:Creating environment hook '/home/insa/ros2_ws/install/projet_siot/share/projet_siot/hook/ament_prefix_path.ps1'
[3.979s] INFO:colcon.colcon_core.shell:Creating environment descriptor '/home/insa/ros2_ws/install/projet_siot/share/projet_siot/hook/ament_prefix_path.dsv'
[4.024s] INFO:colcon.colcon_core.shell:Creating environment hook '/home/insa/ros2_ws/install/projet_siot/share/projet_siot/hook/ament_prefix_path.sh'
[4.032s] INFO:colcon.colcon_core.shell:Skip shell extension 'powershell' for command environment: Not usable outside of PowerShell
[4.033s] DEBUG:colcon.colcon_core.shell:Skip shell extension 'dsv' for command environment
[4.071s] INFO:colcon.colcon_ros.task.ament_python.build:Building ROS package in '/home/insa/ros2_ws/src/ros2_icm20948' with build type 'ament_python'
[4.072s] Level 1:colcon.colcon_core.shell:create_environment_hook('ros2_icm20948', 'ament_prefix_path')
[4.074s] INFO:colcon.colcon_core.shell:Creating environment hook '/home/insa/ros2_ws/install/ros2_icm20948/share/ros2_icm20948/hook/ament_prefix_path.ps1'
[4.078s] INFO:colcon.colcon_core.shell:Creating environment descriptor '/home/insa/ros2_ws/install/ros2_icm20948/share/ros2_icm20948/hook/ament_prefix_path.dsv'
[4.084s] INFO:colcon.colcon_core.shell:Creating environment hook '/home/insa/ros2_ws/install/ros2_icm20948/share/ros2_icm20948/hook/ament_prefix_path.sh'
[4.088s] INFO:colcon.colcon_core.shell:Skip shell extension 'powershell' for command environment: Not usable outside of PowerShell
[4.089s] DEBUG:colcon.colcon_core.shell:Skip shell extension 'dsv' for command environment
[4.182s] DEBUG:colcon.colcon_core.event_handler.log_command:Invoking command in '/home/insa/ros2_ws/build/ldlidar_ros2': CMAKE_PREFIX_PATH=${CMAKE_PREFIX_PATH}:/home/insa/ros2_ws/install/ros2_icm20948:/home/insa/ros2_ws/install/projet_siot:/opt/ros/humble /usr/bin/cmake --build /home/insa/ros2_ws/build/ldlidar_ros2 -- -j4 -l4
[6.758s] INFO:colcon.colcon_core.task.python.build:Building Python package in '/home/insa/ros2_ws/src/projet_siot'
[6.759s] INFO:colcon.colcon_core.shell:Skip shell extension 'powershell' for command environment: Not usable outside of PowerShell
[6.759s] DEBUG:colcon.colcon_core.shell:Skip shell extension 'dsv' for command environment
[8.846s] INFO:colcon.colcon_core.task.python.build:Building Python package in '/home/insa/ros2_ws/src/ros2_icm20948'
[8.848s] INFO:colcon.colcon_core.shell:Skip shell extension 'powershell' for command environment: Not usable outside of PowerShell
[8.848s] DEBUG:colcon.colcon_core.shell:Skip shell extension 'dsv' for command environment
[8.904s] DEBUG:colcon.colcon_core.event_handler.log_command:Invoked command in '/home/insa/ros2_ws/build/ldlidar_ros2' returned '0': CMAKE_PREFIX_PATH=${CMAKE_PREFIX_PATH}:/home/insa/ros2_ws/install/ros2_icm20948:/home/insa/ros2_ws/install/projet_siot:/opt/ros/humble /usr/bin/cmake --build /home/insa/ros2_ws/build/ldlidar_ros2 -- -j4 -l4
[9.110s] DEBUG:colcon.colcon_core.event_handler.log_command:Invoking command in '/home/insa/ros2_ws/build/ldlidar_ros2': CMAKE_PREFIX_PATH=${CMAKE_PREFIX_PATH}:/home/insa/ros2_ws/install/ros2_icm20948:/home/insa/ros2_ws/install/projet_siot:/opt/ros/humble /usr/bin/cmake --install /home/insa/ros2_ws/build/ldlidar_ros2
[9.491s] Level 1:colcon.colcon_core.environment:create_environment_scripts_only(ldlidar_ros2)
[9.527s] DEBUG:colcon.colcon_core.event_handler.log_command:Invoked command in '/home/insa/ros2_ws/build/ldlidar_ros2' returned '0': CMAKE_PREFIX_PATH=${CMAKE_PREFIX_PATH}:/home/insa/ros2_ws/install/ros2_icm20948:/home/insa/ros2_ws/install/projet_siot:/opt/ros/humble /usr/bin/cmake --install /home/insa/ros2_ws/build/ldlidar_ros2
[9.597s] Level 1:colcon.colcon_core.environment:checking '/home/insa/ros2_ws/install/ldlidar_ros2' for CMake module files
[9.602s] Level 1:colcon.colcon_core.environment:checking '/home/insa/ros2_ws/install/ldlidar_ros2' for CMake config files
[9.611s] Level 1:colcon.colcon_core.shell:create_environment_hook('ldlidar_ros2', 'cmake_prefix_path')
[9.613s] INFO:colcon.colcon_core.shell:Creating environment hook '/home/insa/ros2_ws/install/ldlidar_ros2/share/ldlidar_ros2/hook/cmake_prefix_path.ps1'
[9.619s] INFO:colcon.colcon_core.shell:Creating environment descriptor '/home/insa/ros2_ws/install/ldlidar_ros2/share/ldlidar_ros2/hook/cmake_prefix_path.dsv'
[9.624s] INFO:colcon.colcon_core.shell:Creating environment hook '/home/insa/ros2_ws/install/ldlidar_ros2/share/ldlidar_ros2/hook/cmake_prefix_path.sh'
[9.631s] Level 1:colcon.colcon_core.environment:checking '/home/insa/ros2_ws/install/ldlidar_ros2/lib'
[9.642s] Level 1:colcon.colcon_core.environment:checking '/home/insa/ros2_ws/install/ldlidar_ros2/bin'
[9.643s] Level 1:colcon.colcon_core.environment:checking '/home/insa/ros2_ws/install/ldlidar_ros2/lib/pkgconfig/ldlidar_ros2.pc'
[9.646s] Level 1:colcon.colcon_core.environment:checking '/home/insa/ros2_ws/install/ldlidar_ros2/lib/python3.10/site-packages'
[9.655s] Level 1:colcon.colcon_core.environment:checking '/home/insa/ros2_ws/install/ldlidar_ros2/bin'
[9.659s] INFO:colcon.colcon_core.shell:Creating package script '/home/insa/ros2_ws/install/ldlidar_ros2/share/ldlidar_ros2/package.ps1'
[9.668s] INFO:colcon.colcon_core.shell:Creating package descriptor '/home/insa/ros2_ws/install/ldlidar_ros2/share/ldlidar_ros2/package.dsv'
[9.687s] INFO:colcon.colcon_core.shell:Creating package script '/home/insa/ros2_ws/install/ldlidar_ros2/share/ldlidar_ros2/package.sh'
[9.694s] INFO:colcon.colcon_core.shell:Creating package script '/home/insa/ros2_ws/install/ldlidar_ros2/share/ldlidar_ros2/package.bash'
[9.704s] INFO:colcon.colcon_core.shell:Creating package script '/home/insa/ros2_ws/install/ldlidar_ros2/share/ldlidar_ros2/package.zsh'
[9.734s] Level 1:colcon.colcon_core.environment:create_file_with_runtime_dependencies(/home/insa/ros2_ws/install/ldlidar_ros2/share/colcon-core/packages/ldlidar_ros2)
[9.739s] Level 1:colcon.colcon_core.environment:create_environment_scripts_only(ldlidar_ros2)
[9.750s] Level 1:colcon.colcon_core.environment:checking '/home/insa/ros2_ws/install/ldlidar_ros2' for CMake module files
[9.757s] Level 1:colcon.colcon_core.environment:checking '/home/insa/ros2_ws/install/ldlidar_ros2' for CMake config files
[9.761s] Level 1:colcon.colcon_core.shell:create_environment_hook('ldlidar_ros2', 'cmake_prefix_path')
[9.763s] INFO:colcon.colcon_core.shell:Creating environment hook '/home/insa/ros2_ws/install/ldlidar_ros2/share/ldlidar_ros2/hook/cmake_prefix_path.ps1'
[9.765s] INFO:colcon.colcon_core.shell:Creating environment descriptor '/home/insa/ros2_ws/install/ldlidar_ros2/share/ldlidar_ros2/hook/cmake_prefix_path.dsv'
[9.768s] INFO:colcon.colcon_core.shell:Creating environment hook '/home/insa/ros2_ws/install/ldlidar_ros2/share/ldlidar_ros2/hook/cmake_prefix_path.sh'
[9.773s] Level 1:colcon.colcon_core.environment:checking '/home/insa/ros2_ws/install/ldlidar_ros2/lib'
[9.774s] Level 1:colcon.colcon_core.environment:checking '/home/insa/ros2_ws/install/ldlidar_ros2/bin'
[9.774s] Level 1:colcon.colcon_core.environment:checking '/home/insa/ros2_ws/install/ldlidar_ros2/lib/pkgconfig/ldlidar_ros2.pc'
[9.775s] Level 1:colcon.colcon_core.environment:checking '/home/insa/ros2_ws/install/ldlidar_ros2/lib/python3.10/site-packages'
[9.778s] Level 1:colcon.colcon_core.environment:checking '/home/insa/ros2_ws/install/ldlidar_ros2/bin'
[9.781s] INFO:colcon.colcon_core.shell:Creating package script '/home/insa/ros2_ws/install/ldlidar_ros2/share/ldlidar_ros2/package.ps1'
[9.784s] INFO:colcon.colcon_core.shell:Creating package descriptor '/home/insa/ros2_ws/install/ldlidar_ros2/share/ldlidar_ros2/package.dsv'
[9.789s] INFO:colcon.colcon_core.shell:Creating package script '/home/insa/ros2_ws/install/ldlidar_ros2/share/ldlidar_ros2/package.sh'
[9.793s] INFO:colcon.colcon_core.shell:Creating package script '/home/insa/ros2_ws/install/ldlidar_ros2/share/ldlidar_ros2/package.bash'
[9.796s] INFO:colcon.colcon_core.shell:Creating package script '/home/insa/ros2_ws/install/ldlidar_ros2/share/ldlidar_ros2/package.zsh'
[9.799s] Level 1:colcon.colcon_core.environment:create_file_with_runtime_dependencies(/home/insa/ros2_ws/install/ldlidar_ros2/share/colcon-core/packages/ldlidar_ros2)
[13.204s] DEBUG:colcon.colcon_core.event_handler.log_command:Invoking command in '/home/insa/ros2_ws/src/projet_siot': PYTHONPATH=/home/insa/ros2_ws/build/projet_siot/prefix_override:/usr/lib/python3/dist-packages/colcon_core/task/python/colcon_distutils_commands:/home/insa/ros2_ws/install/projet_siot/lib/python3.10/site-packages:${PYTHONPATH} /usr/bin/python3 -W ignore:setup.py install is deprecated -W ignore:easy_install command is deprecated setup.py egg_info --egg-base ../../build/projet_siot build --build-base /home/insa/ros2_ws/build/projet_siot/build install --record /home/insa/ros2_ws/build/projet_siot/install.log --single-version-externally-managed install_data
[13.229s] DEBUG:colcon.colcon_core.event_handler.log_command:Invoking command in '/home/insa/ros2_ws/src/ros2_icm20948': PYTHONPATH=/home/insa/ros2_ws/build/ros2_icm20948/prefix_override:/usr/lib/python3/dist-packages/colcon_core/task/python/colcon_distutils_commands:/home/insa/ros2_ws/install/ros2_icm20948/lib/python3.10/site-packages:${PYTHONPATH} /usr/bin/python3 -W ignore:setup.py install is deprecated -W ignore:easy_install command is deprecated setup.py egg_info --egg-base ../../build/ros2_icm20948 build --build-base /home/insa/ros2_ws/build/ros2_icm20948/build install --record /home/insa/ros2_ws/build/ros2_icm20948/install.log --single-version-externally-managed install_data
[16.247s] Level 1:colcon.colcon_core.environment:checking '/home/insa/ros2_ws/install/ros2_icm20948' for CMake module files
[16.253s] DEBUG:colcon.colcon_core.event_handler.log_command:Invoked command in '/home/insa/ros2_ws/src/ros2_icm20948' returned '0': PYTHONPATH=/home/insa/ros2_ws/build/ros2_icm20948/prefix_override:/usr/lib/python3/dist-packages/colcon_core/task/python/colcon_distutils_commands:/home/insa/ros2_ws/install/ros2_icm20948/lib/python3.10/site-packages:${PYTHONPATH} /usr/bin/python3 -W ignore:setup.py install is deprecated -W ignore:easy_install command is deprecated setup.py egg_info --egg-base ../../build/ros2_icm20948 build --build-base /home/insa/ros2_ws/build/ros2_icm20948/build install --record /home/insa/ros2_ws/build/ros2_icm20948/install.log --single-version-externally-managed install_data
[16.256s] Level 1:colcon.colcon_core.environment:checking '/home/insa/ros2_ws/install/ros2_icm20948' for CMake config files
[16.274s] Level 1:colcon.colcon_core.environment:checking '/home/insa/ros2_ws/install/ros2_icm20948/lib'
[16.275s] Level 1:colcon.colcon_core.environment:checking '/home/insa/ros2_ws/install/ros2_icm20948/bin'
[16.276s] Level 1:colcon.colcon_core.environment:checking '/home/insa/ros2_ws/install/ros2_icm20948/lib/pkgconfig/ros2_icm20948.pc'
[16.279s] Level 1:colcon.colcon_core.environment:checking '/home/insa/ros2_ws/install/ros2_icm20948/lib/python3.10/site-packages'
[16.280s] Level 1:colcon.colcon_core.shell:create_environment_hook('ros2_icm20948', 'pythonpath')
[16.284s] INFO:colcon.colcon_core.shell:Creating environment hook '/home/insa/ros2_ws/install/ros2_icm20948/share/ros2_icm20948/hook/pythonpath.ps1'
[16.292s] INFO:colcon.colcon_core.shell:Creating environment descriptor '/home/insa/ros2_ws/install/ros2_icm20948/share/ros2_icm20948/hook/pythonpath.dsv'
[16.297s] INFO:colcon.colcon_core.shell:Creating environment hook '/home/insa/ros2_ws/install/ros2_icm20948/share/ros2_icm20948/hook/pythonpath.sh'
[16.305s] Level 1:colcon.colcon_core.environment:checking '/home/insa/ros2_ws/install/ros2_icm20948/bin'
[16.306s] Level 1:colcon.colcon_core.environment:create_environment_scripts_only(ros2_icm20948)
[16.308s] INFO:colcon.colcon_core.shell:Creating package script '/home/insa/ros2_ws/install/ros2_icm20948/share/ros2_icm20948/package.ps1'
[16.330s] INFO:colcon.colcon_core.shell:Creating package descriptor '/home/insa/ros2_ws/install/ros2_icm20948/share/ros2_icm20948/package.dsv'
[16.337s] INFO:colcon.colcon_core.shell:Creating package script '/home/insa/ros2_ws/install/ros2_icm20948/share/ros2_icm20948/package.sh'
[16.346s] INFO:colcon.colcon_core.shell:Creating package script '/home/insa/ros2_ws/install/ros2_icm20948/share/ros2_icm20948/package.bash'
[16.353s] INFO:colcon.colcon_core.shell:Creating package script '/home/insa/ros2_ws/install/ros2_icm20948/share/ros2_icm20948/package.zsh'
[16.359s] Level 1:colcon.colcon_core.environment:create_file_with_runtime_dependencies(/home/insa/ros2_ws/install/ros2_icm20948/share/colcon-core/packages/ros2_icm20948)
[16.728s] Level 1:colcon.colcon_core.environment:checking '/home/insa/ros2_ws/install/projet_siot' for CMake module files
[16.730s] DEBUG:colcon.colcon_core.event_handler.log_command:Invoked command in '/home/insa/ros2_ws/src/projet_siot' returned '0': PYTHONPATH=/home/insa/ros2_ws/build/projet_siot/prefix_override:/usr/lib/python3/dist-packages/colcon_core/task/python/colcon_distutils_commands:/home/insa/ros2_ws/install/projet_siot/lib/python3.10/site-packages:${PYTHONPATH} /usr/bin/python3 -W ignore:setup.py install is deprecated -W ignore:easy_install command is deprecated setup.py egg_info --egg-base ../../build/projet_siot build --build-base /home/insa/ros2_ws/build/projet_siot/build install --record /home/insa/ros2_ws/build/projet_siot/install.log --single-version-externally-managed install_data
[16.739s] Level 1:colcon.colcon_core.environment:checking '/home/insa/ros2_ws/install/projet_siot' for CMake config files
[16.749s] Level 1:colcon.colcon_core.environment:checking '/home/insa/ros2_ws/install/projet_siot/lib'
[16.750s] Level 1:colcon.colcon_core.environment:checking '/home/insa/ros2_ws/install/projet_siot/bin'
[16.750s] Level 1:colcon.colcon_core.environment:checking '/home/insa/ros2_ws/install/projet_siot/lib/pkgconfig/projet_siot.pc'
[16.752s] Level 1:colcon.colcon_core.environment:checking '/home/insa/ros2_ws/install/projet_siot/lib/python3.10/site-packages'
[16.752s] Level 1:colcon.colcon_core.shell:create_environment_hook('projet_siot', 'pythonpath')
[16.754s] INFO:colcon.colcon_core.shell:Creating environment hook '/home/insa/ros2_ws/install/projet_siot/share/projet_siot/hook/pythonpath.ps1'
[16.757s] INFO:colcon.colcon_core.shell:Creating environment descriptor '/home/insa/ros2_ws/install/projet_siot/share/projet_siot/hook/pythonpath.dsv'
[16.760s] INFO:colcon.colcon_core.shell:Creating environment hook '/home/insa/ros2_ws/install/projet_siot/share/projet_siot/hook/pythonpath.sh'
[16.766s] Level 1:colcon.colcon_core.environment:checking '/home/insa/ros2_ws/install/projet_siot/bin'
[16.766s] Level 1:colcon.colcon_core.environment:create_environment_scripts_only(projet_siot)
[16.768s] INFO:colcon.colcon_core.shell:Creating package script '/home/insa/ros2_ws/install/projet_siot/share/projet_siot/package.ps1'
[16.774s] INFO:colcon.colcon_core.shell:Creating package descriptor '/home/insa/ros2_ws/install/projet_siot/share/projet_siot/package.dsv'
[16.777s] INFO:colcon.colcon_core.shell:Creating package script '/home/insa/ros2_ws/install/projet_siot/share/projet_siot/package.sh'
[16.780s] INFO:colcon.colcon_core.shell:Creating package script '/home/insa/ros2_ws/install/projet_siot/share/projet_siot/package.bash'
[16.784s] INFO:colcon.colcon_core.shell:Creating package script '/home/insa/ros2_ws/install/projet_siot/share/projet_siot/package.zsh'
[16.788s] Level 1:colcon.colcon_core.environment:create_file_with_runtime_dependencies(/home/insa/ros2_ws/install/projet_siot/share/colcon-core/packages/projet_siot)
[16.792s] DEBUG:colcon.colcon_parallel_executor.executor.parallel:closing loop
[16.793s] DEBUG:colcon.colcon_parallel_executor.executor.parallel:loop closed
[16.794s] DEBUG:colcon.colcon_parallel_executor.executor.parallel:run_until_complete finished with '0'
[16.794s] DEBUG:colcon.colcon_core.event_reactor:joining thread
[16.865s] INFO:colcon.colcon_core.plugin_system:Skipping extension 'colcon_notification.desktop_notification.terminal_notifier': Not used on non-Darwin systems
[16.866s] INFO:colcon.colcon_core.plugin_system:Skipping extension 'colcon_notification.desktop_notification.win32': Not used on non-Windows systems
[16.866s] INFO:colcon.colcon_notification.desktop_notification:Sending desktop notification using 'notify2'
[17.006s] DEBUG:colcon.colcon_core.event_reactor:joined thread
[17.008s] INFO:colcon.colcon_core.shell:Creating prefix script '/home/insa/ros2_ws/install/local_setup.ps1'
[17.018s] INFO:colcon.colcon_core.shell:Creating prefix util module '/home/insa/ros2_ws/install/_local_setup_util_ps1.py'
[17.039s] INFO:colcon.colcon_core.shell:Creating prefix chain script '/home/insa/ros2_ws/install/setup.ps1'
[17.058s] INFO:colcon.colcon_core.shell:Creating prefix script '/home/insa/ros2_ws/install/local_setup.sh'
[17.065s] INFO:colcon.colcon_core.shell:Creating prefix util module '/home/insa/ros2_ws/install/_local_setup_util_sh.py'
[17.072s] INFO:colcon.colcon_core.shell:Creating prefix chain script '/home/insa/ros2_ws/install/setup.sh'
[17.083s] INFO:colcon.colcon_core.shell:Creating prefix script '/home/insa/ros2_ws/install/local_setup.bash'
[17.091s] INFO:colcon.colcon_core.shell:Creating prefix chain script '/home/insa/ros2_ws/install/setup.bash'
[17.107s] INFO:colcon.colcon_core.shell:Creating prefix script '/home/insa/ros2_ws/install/local_setup.zsh'
[17.116s] INFO:colcon.colcon_core.shell:Creating prefix chain script '/home/insa/ros2_ws/install/setup.zsh'
