[0.472s] DEBUG:colcon:Command line arguments: ['/usr/bin/colcon', 'build']
[0.473s] DEBUG:colcon:Parsed command line arguments: Namespace(log_base=None, log_level=None, verb_name='build', build_base='build', install_base='install', merge_install=False, symlink_install=False, test_result_base=None, continue_on_error=False, executor='parallel', parallel_workers=4, event_handlers=None, ignore_user_meta=False, metas=['./colcon.meta'], base_paths=['.'], packages_ignore=None, packages_ignore_regex=None, paths=None, packages_up_to=None, packages_up_to_regex=None, packages_above=None, packages_above_and_dependencies=None, packages_above_depth=None, packages_select_by_dep=None, packages_skip_by_dep=None, packages_skip_up_to=None, packages_select_build_failed=False, packages_skip_build_finished=False, packages_select_test_failures=False, packages_skip_test_passed=False, packages_select=None, packages_skip=None, packages_select_regex=None, packages_skip_regex=None, packages_start=None, packages_end=None, allow_overriding=[], cmake_args=None, cmake_target=None, cmake_target_skip_unavailable=False, cmake_clean_cache=False, cmake_clean_first=False, cmake_force_configure=False, ament_cmake_args=None, catkin_cmake_args=None, catkin_skip_building_tests=False, mixin_files=None, mixin=None, verb_parser=<colcon_mixin.mixin.mixin_argument.MixinArgumentDecorator object at 0xffffa91b60b0>, verb_extension=<colcon_core.verb.build.BuildVerb object at 0xffffa935b040>, main=<bound method BuildVerb.main of <colcon_core.verb.build.BuildVerb object at 0xffffa935b040>>, mixin_verb=('build',))
[1.348s] Level 1:colcon.colcon_core.package_discovery:discover_packages(colcon_meta) check parameters
[1.349s] Level 1:colcon.colcon_core.package_discovery:discover_packages(recursive) check parameters
[1.349s] Level 1:colcon.colcon_core.package_discovery:discover_packages(ignore) check parameters
[1.349s] Level 1:colcon.colcon_core.package_discovery:discover_packages(path) check parameters
[1.349s] Level 1:colcon.colcon_core.package_discovery:discover_packages(colcon_meta) discover
[1.350s] Level 1:colcon.colcon_core.package_discovery:discover_packages(recursive) discover
[1.350s] INFO:colcon.colcon_core.package_discovery:Crawling recursively for packages in '/home/insa/ros2_ws'
[1.350s] Level 1:colcon.colcon_core.package_identification:_identify(.) by extensions ['ignore', 'ignore_ament_install']
[1.351s] Level 1:colcon.colcon_core.package_identification:_identify(.) by extension 'ignore'
[1.351s] Level 1:colcon.colcon_core.package_identification:_identify(.) by extension 'ignore_ament_install'
[1.351s] Level 1:colcon.colcon_core.package_identification:_identify(.) by extensions ['colcon_pkg']
[1.351s] Level 1:colcon.colcon_core.package_identification:_identify(.) by extension 'colcon_pkg'
[1.352s] Level 1:colcon.colcon_core.package_identification:_identify(.) by extensions ['colcon_meta']
[1.352s] Level 1:colcon.colcon_core.package_identification:_identify(.) by extension 'colcon_meta'
[1.352s] Level 1:colcon.colcon_core.package_identification:_identify(.) by extensions ['ros']
[1.352s] Level 1:colcon.colcon_core.package_identification:_identify(.) by extension 'ros'
[1.396s] Level 1:colcon.colcon_core.package_identification:_identify(.) by extensions ['cmake', 'python']
[1.396s] Level 1:colcon.colcon_core.package_identification:_identify(.) by extension 'cmake'
[1.396s] Level 1:colcon.colcon_core.package_identification:_identify(.) by extension 'python'
[1.396s] Level 1:colcon.colcon_core.package_identification:_identify(.) by extensions ['python_setup_py']
[1.397s] Level 1:colcon.colcon_core.package_identification:_identify(.) by extension 'python_setup_py'
[1.397s] Level 1:colcon.colcon_core.package_identification:_identify(build) by extensions ['ignore', 'ignore_ament_install']
[1.397s] Level 1:colcon.colcon_core.package_identification:_identify(build) by extension 'ignore'
[1.398s] Level 1:colcon.colcon_core.package_identification:_identify(build) ignored
[1.398s] Level 1:colcon.colcon_core.package_identification:_identify(install) by extensions ['ignore', 'ignore_ament_install']
[1.399s] Level 1:colcon.colcon_core.package_identification:_identify(install) by extension 'ignore'
[1.399s] Level 1:colcon.colcon_core.package_identification:_identify(install) ignored
[1.399s] Level 1:colcon.colcon_core.package_identification:_identify(log) by extensions ['ignore', 'ignore_ament_install']
[1.400s] Level 1:colcon.colcon_core.package_identification:_identify(log) by extension 'ignore'
[1.400s] Level 1:colcon.colcon_core.package_identification:_identify(log) ignored
[1.400s] Level 1:colcon.colcon_core.package_identification:_identify(src) by extensions ['ignore', 'ignore_ament_install']
[1.401s] Level 1:colcon.colcon_core.package_identification:_identify(src) by extension 'ignore'
[1.401s] Level 1:colcon.colcon_core.package_identification:_identify(src) by extension 'ignore_ament_install'
[1.401s] Level 1:colcon.colcon_core.package_identification:_identify(src) by extensions ['colcon_pkg']
[1.401s] Level 1:colcon.colcon_core.package_identification:_identify(src) by extension 'colcon_pkg'
[1.401s] Level 1:colcon.colcon_core.package_identification:_identify(src) by extensions ['colcon_meta']
[1.401s] Level 1:colcon.colcon_core.package_identification:_identify(src) by extension 'colcon_meta'
[1.402s] Level 1:colcon.colcon_core.package_identification:_identify(src) by extensions ['ros']
[1.402s] Level 1:colcon.colcon_core.package_identification:_identify(src) by extension 'ros'
[1.402s] Level 1:colcon.colcon_core.package_identification:_identify(src) by extensions ['cmake', 'python']
[1.402s] Level 1:colcon.colcon_core.package_identification:_identify(src) by extension 'cmake'
[1.402s] Level 1:colcon.colcon_core.package_identification:_identify(src) by extension 'python'
[1.402s] Level 1:colcon.colcon_core.package_identification:_identify(src) by extensions ['python_setup_py']
[1.403s] Level 1:colcon.colcon_core.package_identification:_identify(src) by extension 'python_setup_py'
[1.403s] Level 1:colcon.colcon_core.package_identification:_identify(src/ldlidar_ros2) by extensions ['ignore', 'ignore_ament_install']
[1.403s] Level 1:colcon.colcon_core.package_identification:_identify(src/ldlidar_ros2) by extension 'ignore'
[1.404s] Level 1:colcon.colcon_core.package_identification:_identify(src/ldlidar_ros2) by extension 'ignore_ament_install'
[1.404s] Level 1:colcon.colcon_core.package_identification:_identify(src/ldlidar_ros2) by extensions ['colcon_pkg']
[1.404s] Level 1:colcon.colcon_core.package_identification:_identify(src/ldlidar_ros2) by extension 'colcon_pkg'
[1.404s] Level 1:colcon.colcon_core.package_identification:_identify(src/ldlidar_ros2) by extensions ['colcon_meta']
[1.404s] Level 1:colcon.colcon_core.package_identification:_identify(src/ldlidar_ros2) by extension 'colcon_meta'
[1.404s] Level 1:colcon.colcon_core.package_identification:_identify(src/ldlidar_ros2) by extensions ['ros']
[1.404s] Level 1:colcon.colcon_core.package_identification:_identify(src/ldlidar_ros2) by extension 'ros'
[1.414s] DEBUG:colcon.colcon_core.package_identification:Package 'src/ldlidar_ros2' with type 'ros.ament_cmake' and name 'ldlidar_ros2'
[1.415s] Level 1:colcon.colcon_core.package_identification:_identify(src/my_slam) by extensions ['ignore', 'ignore_ament_install']
[1.415s] Level 1:colcon.colcon_core.package_identification:_identify(src/my_slam) by extension 'ignore'
[1.416s] Level 1:colcon.colcon_core.package_identification:_identify(src/my_slam) by extension 'ignore_ament_install'
[1.416s] Level 1:colcon.colcon_core.package_identification:_identify(src/my_slam) by extensions ['colcon_pkg']
[1.416s] Level 1:colcon.colcon_core.package_identification:_identify(src/my_slam) by extension 'colcon_pkg'
[1.416s] Level 1:colcon.colcon_core.package_identification:_identify(src/my_slam) by extensions ['colcon_meta']
[1.416s] Level 1:colcon.colcon_core.package_identification:_identify(src/my_slam) by extension 'colcon_meta'
[1.416s] Level 1:colcon.colcon_core.package_identification:_identify(src/my_slam) by extensions ['ros']
[1.417s] Level 1:colcon.colcon_core.package_identification:_identify(src/my_slam) by extension 'ros'
[1.417s] Level 1:colcon.colcon_core.package_identification:_identify(src/my_slam) by extensions ['cmake', 'python']
[1.417s] Level 1:colcon.colcon_core.package_identification:_identify(src/my_slam) by extension 'cmake'
[1.417s] Level 1:colcon.colcon_core.package_identification:_identify(src/my_slam) by extension 'python'
[1.417s] Level 1:colcon.colcon_core.package_identification:_identify(src/my_slam) by extensions ['python_setup_py']
[1.418s] Level 1:colcon.colcon_core.package_identification:_identify(src/my_slam) by extension 'python_setup_py'
[1.418s] Level 1:colcon.colcon_core.package_identification:_identify(src/my_slam/launch) by extensions ['ignore', 'ignore_ament_install']
[1.418s] Level 1:colcon.colcon_core.package_identification:_identify(src/my_slam/launch) by extension 'ignore'
[1.419s] Level 1:colcon.colcon_core.package_identification:_identify(src/my_slam/launch) by extension 'ignore_ament_install'
[1.419s] Level 1:colcon.colcon_core.package_identification:_identify(src/my_slam/launch) by extensions ['colcon_pkg']
[1.419s] Level 1:colcon.colcon_core.package_identification:_identify(src/my_slam/launch) by extension 'colcon_pkg'
[1.419s] Level 1:colcon.colcon_core.package_identification:_identify(src/my_slam/launch) by extensions ['colcon_meta']
[1.419s] Level 1:colcon.colcon_core.package_identification:_identify(src/my_slam/launch) by extension 'colcon_meta'
[1.419s] Level 1:colcon.colcon_core.package_identification:_identify(src/my_slam/launch) by extensions ['ros']
[1.420s] Level 1:colcon.colcon_core.package_identification:_identify(src/my_slam/launch) by extension 'ros'
[1.420s] Level 1:colcon.colcon_core.package_identification:_identify(src/my_slam/launch) by extensions ['cmake', 'python']
[1.420s] Level 1:colcon.colcon_core.package_identification:_identify(src/my_slam/launch) by extension 'cmake'
[1.420s] Level 1:colcon.colcon_core.package_identification:_identify(src/my_slam/launch) by extension 'python'
[1.420s] Level 1:colcon.colcon_core.package_identification:_identify(src/my_slam/launch) by extensions ['python_setup_py']
[1.420s] Level 1:colcon.colcon_core.package_identification:_identify(src/my_slam/launch) by extension 'python_setup_py'
[1.421s] Level 1:colcon.colcon_core.package_identification:_identify(src/my_slam/launch/__pycache__) by extensions ['ignore', 'ignore_ament_install']
[1.421s] Level 1:colcon.colcon_core.package_identification:_identify(src/my_slam/launch/__pycache__) by extension 'ignore'
[1.421s] Level 1:colcon.colcon_core.package_identification:_identify(src/my_slam/launch/__pycache__) by extension 'ignore_ament_install'
[1.422s] Level 1:colcon.colcon_core.package_identification:_identify(src/my_slam/launch/__pycache__) by extensions ['colcon_pkg']
[1.422s] Level 1:colcon.colcon_core.package_identification:_identify(src/my_slam/launch/__pycache__) by extension 'colcon_pkg'
[1.422s] Level 1:colcon.colcon_core.package_identification:_identify(src/my_slam/launch/__pycache__) by extensions ['colcon_meta']
[1.422s] Level 1:colcon.colcon_core.package_identification:_identify(src/my_slam/launch/__pycache__) by extension 'colcon_meta'
[1.422s] Level 1:colcon.colcon_core.package_identification:_identify(src/my_slam/launch/__pycache__) by extensions ['ros']
[1.422s] Level 1:colcon.colcon_core.package_identification:_identify(src/my_slam/launch/__pycache__) by extension 'ros'
[1.423s] Level 1:colcon.colcon_core.package_identification:_identify(src/my_slam/launch/__pycache__) by extensions ['cmake', 'python']
[1.423s] Level 1:colcon.colcon_core.package_identification:_identify(src/my_slam/launch/__pycache__) by extension 'cmake'
[1.423s] Level 1:colcon.colcon_core.package_identification:_identify(src/my_slam/launch/__pycache__) by extension 'python'
[1.423s] Level 1:colcon.colcon_core.package_identification:_identify(src/my_slam/launch/__pycache__) by extensions ['python_setup_py']
[1.423s] Level 1:colcon.colcon_core.package_identification:_identify(src/my_slam/launch/__pycache__) by extension 'python_setup_py'
[1.424s] Level 1:colcon.colcon_core.package_identification:_identify(src/projet_siot) by extensions ['ignore', 'ignore_ament_install']
[1.424s] Level 1:colcon.colcon_core.package_identification:_identify(src/projet_siot) by extension 'ignore'
[1.424s] Level 1:colcon.colcon_core.package_identification:_identify(src/projet_siot) by extension 'ignore_ament_install'
[1.425s] Level 1:colcon.colcon_core.package_identification:_identify(src/projet_siot) by extensions ['colcon_pkg']
[1.425s] Level 1:colcon.colcon_core.package_identification:_identify(src/projet_siot) by extension 'colcon_pkg'
[1.425s] Level 1:colcon.colcon_core.package_identification:_identify(src/projet_siot) by extensions ['colcon_meta']
[1.425s] Level 1:colcon.colcon_core.package_identification:_identify(src/projet_siot) by extension 'colcon_meta'
[1.425s] Level 1:colcon.colcon_core.package_identification:_identify(src/projet_siot) by extensions ['ros']
[1.425s] Level 1:colcon.colcon_core.package_identification:_identify(src/projet_siot) by extension 'ros'
[1.428s] DEBUG:colcon.colcon_core.package_identification:Package 'src/projet_siot' with type 'ros.ament_python' and name 'projet_siot'
[1.428s] Level 1:colcon.colcon_core.package_identification:_identify(src/ros2_icm20948) by extensions ['ignore', 'ignore_ament_install']
[1.429s] Level 1:colcon.colcon_core.package_identification:_identify(src/ros2_icm20948) by extension 'ignore'
[1.429s] Level 1:colcon.colcon_core.package_identification:_identify(src/ros2_icm20948) by extension 'ignore_ament_install'
[1.429s] Level 1:colcon.colcon_core.package_identification:_identify(src/ros2_icm20948) by extensions ['colcon_pkg']
[1.429s] Level 1:colcon.colcon_core.package_identification:_identify(src/ros2_icm20948) by extension 'colcon_pkg'
[1.429s] Level 1:colcon.colcon_core.package_identification:_identify(src/ros2_icm20948) by extensions ['colcon_meta']
[1.429s] Level 1:colcon.colcon_core.package_identification:_identify(src/ros2_icm20948) by extension 'colcon_meta'
[1.430s] Level 1:colcon.colcon_core.package_identification:_identify(src/ros2_icm20948) by extensions ['ros']
[1.430s] Level 1:colcon.colcon_core.package_identification:_identify(src/ros2_icm20948) by extension 'ros'
[1.432s] DEBUG:colcon.colcon_core.package_identification:Package 'src/ros2_icm20948' with type 'ros.ament_python' and name 'ros2_icm20948'
[1.432s] Level 1:colcon.colcon_core.package_discovery:discover_packages(recursive) using defaults
[1.433s] Level 1:colcon.colcon_core.package_discovery:discover_packages(ignore) discover
[1.433s] Level 1:colcon.colcon_core.package_discovery:discover_packages(ignore) using defaults
[1.433s] Level 1:colcon.colcon_core.package_discovery:discover_packages(path) discover
[1.433s] Level 1:colcon.colcon_core.package_discovery:discover_packages(path) using defaults
[1.555s] Level 1:colcon.colcon_core.package_discovery:discover_packages(prefix_path) check parameters
[1.555s] Level 1:colcon.colcon_core.package_discovery:discover_packages(prefix_path) discover
[1.564s] DEBUG:colcon.colcon_installed_package_information.package_discovery:Found 3 installed packages in /home/insa/ros2_ws/install
[1.574s] DEBUG:colcon.colcon_installed_package_information.package_discovery:Found 319 installed packages in /opt/ros/humble
[1.581s] Level 1:colcon.colcon_core.package_discovery:discover_packages(prefix_path) using defaults
[1.768s] Level 5:colcon.colcon_core.verb:set package 'ldlidar_ros2' build argument 'cmake_args' from command line to 'None'
[1.769s] Level 5:colcon.colcon_core.verb:set package 'ldlidar_ros2' build argument 'cmake_target' from command line to 'None'
[1.769s] Level 5:colcon.colcon_core.verb:set package 'ldlidar_ros2' build argument 'cmake_target_skip_unavailable' from command line to 'False'
[1.769s] Level 5:colcon.colcon_core.verb:set package 'ldlidar_ros2' build argument 'cmake_clean_cache' from command line to 'False'
[1.769s] Level 5:colcon.colcon_core.verb:set package 'ldlidar_ros2' build argument 'cmake_clean_first' from command line to 'False'
[1.769s] Level 5:colcon.colcon_core.verb:set package 'ldlidar_ros2' build argument 'cmake_force_configure' from command line to 'False'
[1.769s] Level 5:colcon.colcon_core.verb:set package 'ldlidar_ros2' build argument 'ament_cmake_args' from command line to 'None'
[1.769s] Level 5:colcon.colcon_core.verb:set package 'ldlidar_ros2' build argument 'catkin_cmake_args' from command line to 'None'
[1.770s] Level 5:colcon.colcon_core.verb:set package 'ldlidar_ros2' build argument 'catkin_skip_building_tests' from command line to 'False'
[1.770s] DEBUG:colcon.colcon_core.verb:Building package 'ldlidar_ros2' with the following arguments: {'ament_cmake_args': None, 'build_base': '/home/insa/ros2_ws/build/ldlidar_ros2', 'catkin_cmake_args': None, 'catkin_skip_building_tests': False, 'cmake_args': None, 'cmake_clean_cache': False, 'cmake_clean_first': False, 'cmake_force_configure': False, 'cmake_target': None, 'cmake_target_skip_unavailable': False, 'install_base': '/home/insa/ros2_ws/install/ldlidar_ros2', 'merge_install': False, 'path': '/home/insa/ros2_ws/src/ldlidar_ros2', 'symlink_install': False, 'test_result_base': None}
[1.771s] Level 5:colcon.colcon_core.verb:set package 'projet_siot' build argument 'cmake_args' from command line to 'None'
[1.771s] Level 5:colcon.colcon_core.verb:set package 'projet_siot' build argument 'cmake_target' from command line to 'None'
[1.772s] Level 5:colcon.colcon_core.verb:set package 'projet_siot' build argument 'cmake_target_skip_unavailable' from command line to 'False'
[1.772s] Level 5:colcon.colcon_core.verb:set package 'projet_siot' build argument 'cmake_clean_cache' from command line to 'False'
[1.772s] Level 5:colcon.colcon_core.verb:set package 'projet_siot' build argument 'cmake_clean_first' from command line to 'False'
[1.772s] Level 5:colcon.colcon_core.verb:set package 'projet_siot' build argument 'cmake_force_configure' from command line to 'False'
[1.772s] Level 5:colcon.colcon_core.verb:set package 'projet_siot' build argument 'ament_cmake_args' from command line to 'None'
[1.772s] Level 5:colcon.colcon_core.verb:set package 'projet_siot' build argument 'catkin_cmake_args' from command line to 'None'
[1.772s] Level 5:colcon.colcon_core.verb:set package 'projet_siot' build argument 'catkin_skip_building_tests' from command line to 'False'
[1.772s] DEBUG:colcon.colcon_core.verb:Building package 'projet_siot' with the following arguments: {'ament_cmake_args': None, 'build_base': '/home/insa/ros2_ws/build/projet_siot', 'catkin_cmake_args': None, 'catkin_skip_building_tests': False, 'cmake_args': None, 'cmake_clean_cache': False, 'cmake_clean_first': False, 'cmake_force_configure': False, 'cmake_target': None, 'cmake_target_skip_unavailable': False, 'install_base': '/home/insa/ros2_ws/install/projet_siot', 'merge_install': False, 'path': '/home/insa/ros2_ws/src/projet_siot', 'symlink_install': False, 'test_result_base': None}
[1.774s] Level 5:colcon.colcon_core.verb:set package 'ros2_icm20948' build argument 'cmake_args' from command line to 'None'
[1.774s] Level 5:colcon.colcon_core.verb:set package 'ros2_icm20948' build argument 'cmake_target' from command line to 'None'
[1.774s] Level 5:colcon.colcon_core.verb:set package 'ros2_icm20948' build argument 'cmake_target_skip_unavailable' from command line to 'False'
[1.774s] Level 5:colcon.colcon_core.verb:set package 'ros2_icm20948' build argument 'cmake_clean_cache' from command line to 'False'
[1.774s] Level 5:colcon.colcon_core.verb:set package 'ros2_icm20948' build argument 'cmake_clean_first' from command line to 'False'
[1.774s] Level 5:colcon.colcon_core.verb:set package 'ros2_icm20948' build argument 'cmake_force_configure' from command line to 'False'
[1.774s] Level 5:colcon.colcon_core.verb:set package 'ros2_icm20948' build argument 'ament_cmake_args' from command line to 'None'
[1.774s] Level 5:colcon.colcon_core.verb:set package 'ros2_icm20948' build argument 'catkin_cmake_args' from command line to 'None'
[1.775s] Level 5:colcon.colcon_core.verb:set package 'ros2_icm20948' build argument 'catkin_skip_building_tests' from command line to 'False'
[1.775s] DEBUG:colcon.colcon_core.verb:Building package 'ros2_icm20948' with the following arguments: {'ament_cmake_args': None, 'build_base': '/home/insa/ros2_ws/build/ros2_icm20948', 'catkin_cmake_args': None, 'catkin_skip_building_tests': False, 'cmake_args': None, 'cmake_clean_cache': False, 'cmake_clean_first': False, 'cmake_force_configure': False, 'cmake_target': None, 'cmake_target_skip_unavailable': False, 'install_base': '/home/insa/ros2_ws/install/ros2_icm20948', 'merge_install': False, 'path': '/home/insa/ros2_ws/src/ros2_icm20948', 'symlink_install': False, 'test_result_base': None}
[1.775s] INFO:colcon.colcon_core.executor:Executing jobs using 'parallel' executor
[1.779s] DEBUG:colcon.colcon_parallel_executor.executor.parallel:run_until_complete
[1.780s] INFO:colcon.colcon_ros.task.ament_cmake.build:Building ROS package in '/home/insa/ros2_ws/src/ldlidar_ros2' with build type 'ament_cmake'
[1.780s] INFO:colcon.colcon_cmake.task.cmake.build:Building CMake package in '/home/insa/ros2_ws/src/ldlidar_ros2'
[1.789s] INFO:colcon.colcon_core.plugin_system:Skipping extension 'colcon_core.shell.bat': Not used on non-Windows systems
[1.790s] INFO:colcon.colcon_core.shell:Skip shell extension 'powershell' for command environment: Not usable outside of PowerShell
[1.790s] DEBUG:colcon.colcon_core.shell:Skip shell extension 'dsv' for command environment
[1.816s] INFO:colcon.colcon_ros.task.ament_python.build:Building ROS package in '/home/insa/ros2_ws/src/projet_siot' with build type 'ament_python'
[1.817s] Level 1:colcon.colcon_core.shell:create_environment_hook('projet_siot', 'ament_prefix_path')
[1.818s] INFO:colcon.colcon_core.shell:Creating environment hook '/home/insa/ros2_ws/install/projet_siot/share/projet_siot/hook/ament_prefix_path.ps1'
[1.821s] INFO:colcon.colcon_core.shell:Creating environment descriptor '/home/insa/ros2_ws/install/projet_siot/share/projet_siot/hook/ament_prefix_path.dsv'
[1.824s] INFO:colcon.colcon_core.shell:Creating environment hook '/home/insa/ros2_ws/install/projet_siot/share/projet_siot/hook/ament_prefix_path.sh'
[1.830s] INFO:colcon.colcon_core.shell:Skip shell extension 'powershell' for command environment: Not usable outside of PowerShell
[1.831s] DEBUG:colcon.colcon_core.shell:Skip shell extension 'dsv' for command environment
[1.855s] INFO:colcon.colcon_ros.task.ament_python.build:Building ROS package in '/home/insa/ros2_ws/src/ros2_icm20948' with build type 'ament_python'
[1.856s] Level 1:colcon.colcon_core.shell:create_environment_hook('ros2_icm20948', 'ament_prefix_path')
[1.858s] INFO:colcon.colcon_core.shell:Creating environment hook '/home/insa/ros2_ws/install/ros2_icm20948/share/ros2_icm20948/hook/ament_prefix_path.ps1'
[1.863s] INFO:colcon.colcon_core.shell:Creating environment descriptor '/home/insa/ros2_ws/install/ros2_icm20948/share/ros2_icm20948/hook/ament_prefix_path.dsv'
[1.866s] INFO:colcon.colcon_core.shell:Creating environment hook '/home/insa/ros2_ws/install/ros2_icm20948/share/ros2_icm20948/hook/ament_prefix_path.sh'
[1.869s] INFO:colcon.colcon_core.shell:Skip shell extension 'powershell' for command environment: Not usable outside of PowerShell
[1.870s] DEBUG:colcon.colcon_core.shell:Skip shell extension 'dsv' for command environment
[1.914s] DEBUG:colcon.colcon_core.event_handler.log_command:Invoking command in '/home/insa/ros2_ws/build/ldlidar_ros2': CMAKE_PREFIX_PATH=${CMAKE_PREFIX_PATH}:/home/insa/ros2_ws/install/ros2_icm20948:/home/insa/ros2_ws/install/projet_siot:/opt/ros/humble /usr/bin/cmake --build /home/insa/ros2_ws/build/ldlidar_ros2 -- -j4 -l4
[3.286s] INFO:colcon.colcon_core.task.python.build:Building Python package in '/home/insa/ros2_ws/src/projet_siot'
[3.288s] INFO:colcon.colcon_core.shell:Skip shell extension 'powershell' for command environment: Not usable outside of PowerShell
[3.288s] DEBUG:colcon.colcon_core.shell:Skip shell extension 'dsv' for command environment
[3.317s] DEBUG:colcon.colcon_core.event_handler.log_command:Invoked command in '/home/insa/ros2_ws/build/ldlidar_ros2' returned '0': CMAKE_PREFIX_PATH=${CMAKE_PREFIX_PATH}:/home/insa/ros2_ws/install/ros2_icm20948:/home/insa/ros2_ws/install/projet_siot:/opt/ros/humble /usr/bin/cmake --build /home/insa/ros2_ws/build/ldlidar_ros2 -- -j4 -l4
[3.362s] DEBUG:colcon.colcon_core.event_handler.log_command:Invoking command in '/home/insa/ros2_ws/build/ldlidar_ros2': CMAKE_PREFIX_PATH=${CMAKE_PREFIX_PATH}:/home/insa/ros2_ws/install/ros2_icm20948:/home/insa/ros2_ws/install/projet_siot:/opt/ros/humble /usr/bin/cmake --install /home/insa/ros2_ws/build/ldlidar_ros2
[4.674s] INFO:colcon.colcon_core.task.python.build:Building Python package in '/home/insa/ros2_ws/src/ros2_icm20948'
[4.676s] INFO:colcon.colcon_core.shell:Skip shell extension 'powershell' for command environment: Not usable outside of PowerShell
[4.676s] DEBUG:colcon.colcon_core.shell:Skip shell extension 'dsv' for command environment
[4.715s] Level 1:colcon.colcon_core.environment:create_environment_scripts_only(ldlidar_ros2)
[4.730s] DEBUG:colcon.colcon_core.event_handler.log_command:Invoked command in '/home/insa/ros2_ws/build/ldlidar_ros2' returned '0': CMAKE_PREFIX_PATH=${CMAKE_PREFIX_PATH}:/home/insa/ros2_ws/install/ros2_icm20948:/home/insa/ros2_ws/install/projet_siot:/opt/ros/humble /usr/bin/cmake --install /home/insa/ros2_ws/build/ldlidar_ros2
[4.740s] Level 1:colcon.colcon_core.environment:checking '/home/insa/ros2_ws/install/ldlidar_ros2' for CMake module files
[4.744s] Level 1:colcon.colcon_core.environment:checking '/home/insa/ros2_ws/install/ldlidar_ros2' for CMake config files
[4.747s] Level 1:colcon.colcon_core.shell:create_environment_hook('ldlidar_ros2', 'cmake_prefix_path')
[4.748s] INFO:colcon.colcon_core.shell:Creating environment hook '/home/insa/ros2_ws/install/ldlidar_ros2/share/ldlidar_ros2/hook/cmake_prefix_path.ps1'
[4.754s] INFO:colcon.colcon_core.shell:Creating environment descriptor '/home/insa/ros2_ws/install/ldlidar_ros2/share/ldlidar_ros2/hook/cmake_prefix_path.dsv'
[4.757s] INFO:colcon.colcon_core.shell:Creating environment hook '/home/insa/ros2_ws/install/ldlidar_ros2/share/ldlidar_ros2/hook/cmake_prefix_path.sh'
[4.762s] Level 1:colcon.colcon_core.environment:checking '/home/insa/ros2_ws/install/ldlidar_ros2/lib'
[4.764s] Level 1:colcon.colcon_core.environment:checking '/home/insa/ros2_ws/install/ldlidar_ros2/bin'
[4.764s] Level 1:colcon.colcon_core.environment:checking '/home/insa/ros2_ws/install/ldlidar_ros2/lib/pkgconfig/ldlidar_ros2.pc'
[4.765s] Level 1:colcon.colcon_core.environment:checking '/home/insa/ros2_ws/install/ldlidar_ros2/lib/python3.10/site-packages'
[4.767s] Level 1:colcon.colcon_core.environment:checking '/home/insa/ros2_ws/install/ldlidar_ros2/bin'
[4.768s] INFO:colcon.colcon_core.shell:Creating package script '/home/insa/ros2_ws/install/ldlidar_ros2/share/ldlidar_ros2/package.ps1'
[4.772s] INFO:colcon.colcon_core.shell:Creating package descriptor '/home/insa/ros2_ws/install/ldlidar_ros2/share/ldlidar_ros2/package.dsv'
[4.775s] INFO:colcon.colcon_core.shell:Creating package script '/home/insa/ros2_ws/install/ldlidar_ros2/share/ldlidar_ros2/package.sh'
[4.780s] INFO:colcon.colcon_core.shell:Creating package script '/home/insa/ros2_ws/install/ldlidar_ros2/share/ldlidar_ros2/package.bash'
[4.784s] INFO:colcon.colcon_core.shell:Creating package script '/home/insa/ros2_ws/install/ldlidar_ros2/share/ldlidar_ros2/package.zsh'
[4.787s] Level 1:colcon.colcon_core.environment:create_file_with_runtime_dependencies(/home/insa/ros2_ws/install/ldlidar_ros2/share/colcon-core/packages/ldlidar_ros2)
[4.790s] Level 1:colcon.colcon_core.environment:create_environment_scripts_only(ldlidar_ros2)
[4.792s] Level 1:colcon.colcon_core.environment:checking '/home/insa/ros2_ws/install/ldlidar_ros2' for CMake module files
[4.795s] Level 1:colcon.colcon_core.environment:checking '/home/insa/ros2_ws/install/ldlidar_ros2' for CMake config files
[4.798s] Level 1:colcon.colcon_core.shell:create_environment_hook('ldlidar_ros2', 'cmake_prefix_path')
[4.799s] INFO:colcon.colcon_core.shell:Creating environment hook '/home/insa/ros2_ws/install/ldlidar_ros2/share/ldlidar_ros2/hook/cmake_prefix_path.ps1'
[4.802s] INFO:colcon.colcon_core.shell:Creating environment descriptor '/home/insa/ros2_ws/install/ldlidar_ros2/share/ldlidar_ros2/hook/cmake_prefix_path.dsv'
[4.804s] INFO:colcon.colcon_core.shell:Creating environment hook '/home/insa/ros2_ws/install/ldlidar_ros2/share/ldlidar_ros2/hook/cmake_prefix_path.sh'
[4.806s] Level 1:colcon.colcon_core.environment:checking '/home/insa/ros2_ws/install/ldlidar_ros2/lib'
[4.807s] Level 1:colcon.colcon_core.environment:checking '/home/insa/ros2_ws/install/ldlidar_ros2/bin'
[4.807s] Level 1:colcon.colcon_core.environment:checking '/home/insa/ros2_ws/install/ldlidar_ros2/lib/pkgconfig/ldlidar_ros2.pc'
[4.808s] Level 1:colcon.colcon_core.environment:checking '/home/insa/ros2_ws/install/ldlidar_ros2/lib/python3.10/site-packages'
[4.810s] Level 1:colcon.colcon_core.environment:checking '/home/insa/ros2_ws/install/ldlidar_ros2/bin'
[4.811s] INFO:colcon.colcon_core.shell:Creating package script '/home/insa/ros2_ws/install/ldlidar_ros2/share/ldlidar_ros2/package.ps1'
[4.814s] INFO:colcon.colcon_core.shell:Creating package descriptor '/home/insa/ros2_ws/install/ldlidar_ros2/share/ldlidar_ros2/package.dsv'
[4.817s] INFO:colcon.colcon_core.shell:Creating package script '/home/insa/ros2_ws/install/ldlidar_ros2/share/ldlidar_ros2/package.sh'
[4.819s] INFO:colcon.colcon_core.shell:Creating package script '/home/insa/ros2_ws/install/ldlidar_ros2/share/ldlidar_ros2/package.bash'
[4.822s] INFO:colcon.colcon_core.shell:Creating package script '/home/insa/ros2_ws/install/ldlidar_ros2/share/ldlidar_ros2/package.zsh'
[4.824s] Level 1:colcon.colcon_core.environment:create_file_with_runtime_dependencies(/home/insa/ros2_ws/install/ldlidar_ros2/share/colcon-core/packages/ldlidar_ros2)
[6.658s] DEBUG:colcon.colcon_core.event_handler.log_command:Invoking command in '/home/insa/ros2_ws/src/projet_siot': PYTHONPATH=/home/insa/ros2_ws/build/projet_siot/prefix_override:/usr/lib/python3/dist-packages/colcon_core/task/python/colcon_distutils_commands:/home/insa/ros2_ws/install/projet_siot/lib/python3.10/site-packages:${PYTHONPATH} /usr/bin/python3 -W ignore:setup.py install is deprecated -W ignore:easy_install command is deprecated setup.py egg_info --egg-base ../../build/projet_siot build --build-base /home/insa/ros2_ws/build/projet_siot/build install --record /home/insa/ros2_ws/build/projet_siot/install.log --single-version-externally-managed install_data
[6.834s] DEBUG:colcon.colcon_core.event_handler.log_command:Invoking command in '/home/insa/ros2_ws/src/ros2_icm20948': PYTHONPATH=/home/insa/ros2_ws/build/ros2_icm20948/prefix_override:/usr/lib/python3/dist-packages/colcon_core/task/python/colcon_distutils_commands:/home/insa/ros2_ws/install/ros2_icm20948/lib/python3.10/site-packages:${PYTHONPATH} /usr/bin/python3 -W ignore:setup.py install is deprecated -W ignore:easy_install command is deprecated setup.py egg_info --egg-base ../../build/ros2_icm20948 build --build-base /home/insa/ros2_ws/build/ros2_icm20948/build install --record /home/insa/ros2_ws/build/ros2_icm20948/install.log --single-version-externally-managed install_data
[8.468s] Level 1:colcon.colcon_core.environment:checking '/home/insa/ros2_ws/install/projet_siot' for CMake module files
[8.470s] Level 1:colcon.colcon_core.environment:checking '/home/insa/ros2_ws/install/projet_siot' for CMake config files
[8.475s] Level 1:colcon.colcon_core.environment:checking '/home/insa/ros2_ws/install/projet_siot/lib'
[8.476s] Level 1:colcon.colcon_core.environment:checking '/home/insa/ros2_ws/install/projet_siot/bin'
[8.476s] Level 1:colcon.colcon_core.environment:checking '/home/insa/ros2_ws/install/projet_siot/lib/pkgconfig/projet_siot.pc'
[8.477s] Level 1:colcon.colcon_core.environment:checking '/home/insa/ros2_ws/install/projet_siot/lib/python3.10/site-packages'
[8.478s] Level 1:colcon.colcon_core.shell:create_environment_hook('projet_siot', 'pythonpath')
[8.481s] INFO:colcon.colcon_core.shell:Creating environment hook '/home/insa/ros2_ws/install/projet_siot/share/projet_siot/hook/pythonpath.ps1'
[8.484s] DEBUG:colcon.colcon_core.event_handler.log_command:Invoked command in '/home/insa/ros2_ws/src/projet_siot' returned '0': PYTHONPATH=/home/insa/ros2_ws/build/projet_siot/prefix_override:/usr/lib/python3/dist-packages/colcon_core/task/python/colcon_distutils_commands:/home/insa/ros2_ws/install/projet_siot/lib/python3.10/site-packages:${PYTHONPATH} /usr/bin/python3 -W ignore:setup.py install is deprecated -W ignore:easy_install command is deprecated setup.py egg_info --egg-base ../../build/projet_siot build --build-base /home/insa/ros2_ws/build/projet_siot/build install --record /home/insa/ros2_ws/build/projet_siot/install.log --single-version-externally-managed install_data
[8.487s] INFO:colcon.colcon_core.shell:Creating environment descriptor '/home/insa/ros2_ws/install/projet_siot/share/projet_siot/hook/pythonpath.dsv'
[8.489s] INFO:colcon.colcon_core.shell:Creating environment hook '/home/insa/ros2_ws/install/projet_siot/share/projet_siot/hook/pythonpath.sh'
[8.495s] Level 1:colcon.colcon_core.environment:checking '/home/insa/ros2_ws/install/projet_siot/bin'
[8.496s] Level 1:colcon.colcon_core.environment:create_environment_scripts_only(projet_siot)
[8.498s] INFO:colcon.colcon_core.shell:Creating package script '/home/insa/ros2_ws/install/projet_siot/share/projet_siot/package.ps1'
[8.506s] INFO:colcon.colcon_core.shell:Creating package descriptor '/home/insa/ros2_ws/install/projet_siot/share/projet_siot/package.dsv'
[8.511s] INFO:colcon.colcon_core.shell:Creating package script '/home/insa/ros2_ws/install/projet_siot/share/projet_siot/package.sh'
[8.515s] INFO:colcon.colcon_core.shell:Creating package script '/home/insa/ros2_ws/install/projet_siot/share/projet_siot/package.bash'
[8.519s] INFO:colcon.colcon_core.shell:Creating package script '/home/insa/ros2_ws/install/projet_siot/share/projet_siot/package.zsh'
[8.523s] Level 1:colcon.colcon_core.environment:create_file_with_runtime_dependencies(/home/insa/ros2_ws/install/projet_siot/share/colcon-core/packages/projet_siot)
[8.643s] Level 1:colcon.colcon_core.environment:checking '/home/insa/ros2_ws/install/ros2_icm20948' for CMake module files
[8.645s] DEBUG:colcon.colcon_core.event_handler.log_command:Invoked command in '/home/insa/ros2_ws/src/ros2_icm20948' returned '0': PYTHONPATH=/home/insa/ros2_ws/build/ros2_icm20948/prefix_override:/usr/lib/python3/dist-packages/colcon_core/task/python/colcon_distutils_commands:/home/insa/ros2_ws/install/ros2_icm20948/lib/python3.10/site-packages:${PYTHONPATH} /usr/bin/python3 -W ignore:setup.py install is deprecated -W ignore:easy_install command is deprecated setup.py egg_info --egg-base ../../build/ros2_icm20948 build --build-base /home/insa/ros2_ws/build/ros2_icm20948/build install --record /home/insa/ros2_ws/build/ros2_icm20948/install.log --single-version-externally-managed install_data
[8.647s] Level 1:colcon.colcon_core.environment:checking '/home/insa/ros2_ws/install/ros2_icm20948' for CMake config files
[8.650s] Level 1:colcon.colcon_core.environment:checking '/home/insa/ros2_ws/install/ros2_icm20948/lib'
[8.650s] Level 1:colcon.colcon_core.environment:checking '/home/insa/ros2_ws/install/ros2_icm20948/bin'
[8.651s] Level 1:colcon.colcon_core.environment:checking '/home/insa/ros2_ws/install/ros2_icm20948/lib/pkgconfig/ros2_icm20948.pc'
[8.652s] Level 1:colcon.colcon_core.environment:checking '/home/insa/ros2_ws/install/ros2_icm20948/lib/python3.10/site-packages'
[8.652s] Level 1:colcon.colcon_core.shell:create_environment_hook('ros2_icm20948', 'pythonpath')
[8.653s] INFO:colcon.colcon_core.shell:Creating environment hook '/home/insa/ros2_ws/install/ros2_icm20948/share/ros2_icm20948/hook/pythonpath.ps1'
[8.655s] INFO:colcon.colcon_core.shell:Creating environment descriptor '/home/insa/ros2_ws/install/ros2_icm20948/share/ros2_icm20948/hook/pythonpath.dsv'
[8.656s] INFO:colcon.colcon_core.shell:Creating environment hook '/home/insa/ros2_ws/install/ros2_icm20948/share/ros2_icm20948/hook/pythonpath.sh'
[8.660s] Level 1:colcon.colcon_core.environment:checking '/home/insa/ros2_ws/install/ros2_icm20948/bin'
[8.661s] Level 1:colcon.colcon_core.environment:create_environment_scripts_only(ros2_icm20948)
[8.662s] INFO:colcon.colcon_core.shell:Creating package script '/home/insa/ros2_ws/install/ros2_icm20948/share/ros2_icm20948/package.ps1'
[8.665s] INFO:colcon.colcon_core.shell:Creating package descriptor '/home/insa/ros2_ws/install/ros2_icm20948/share/ros2_icm20948/package.dsv'
[8.668s] INFO:colcon.colcon_core.shell:Creating package script '/home/insa/ros2_ws/install/ros2_icm20948/share/ros2_icm20948/package.sh'
[8.670s] INFO:colcon.colcon_core.shell:Creating package script '/home/insa/ros2_ws/install/ros2_icm20948/share/ros2_icm20948/package.bash'
[8.673s] INFO:colcon.colcon_core.shell:Creating package script '/home/insa/ros2_ws/install/ros2_icm20948/share/ros2_icm20948/package.zsh'
[8.675s] Level 1:colcon.colcon_core.environment:create_file_with_runtime_dependencies(/home/insa/ros2_ws/install/ros2_icm20948/share/colcon-core/packages/ros2_icm20948)
[8.678s] DEBUG:colcon.colcon_parallel_executor.executor.parallel:closing loop
[8.682s] DEBUG:colcon.colcon_parallel_executor.executor.parallel:loop closed
[8.682s] DEBUG:colcon.colcon_parallel_executor.executor.parallel:run_until_complete finished with '0'
[8.683s] DEBUG:colcon.colcon_core.event_reactor:joining thread
[8.708s] INFO:colcon.colcon_core.plugin_system:Skipping extension 'colcon_notification.desktop_notification.terminal_notifier': Not used on non-Darwin systems
[8.709s] INFO:colcon.colcon_core.plugin_system:Skipping extension 'colcon_notification.desktop_notification.win32': Not used on non-Windows systems
[8.709s] INFO:colcon.colcon_notification.desktop_notification:Sending desktop notification using 'notify2'
[8.767s] DEBUG:colcon.colcon_core.event_reactor:joined thread
[8.768s] INFO:colcon.colcon_core.shell:Creating prefix script '/home/insa/ros2_ws/install/local_setup.ps1'
[8.773s] INFO:colcon.colcon_core.shell:Creating prefix util module '/home/insa/ros2_ws/install/_local_setup_util_ps1.py'
[8.781s] INFO:colcon.colcon_core.shell:Creating prefix chain script '/home/insa/ros2_ws/install/setup.ps1'
[8.786s] INFO:colcon.colcon_core.shell:Creating prefix script '/home/insa/ros2_ws/install/local_setup.sh'
[8.789s] INFO:colcon.colcon_core.shell:Creating prefix util module '/home/insa/ros2_ws/install/_local_setup_util_sh.py'
[8.793s] INFO:colcon.colcon_core.shell:Creating prefix chain script '/home/insa/ros2_ws/install/setup.sh'
[8.799s] INFO:colcon.colcon_core.shell:Creating prefix script '/home/insa/ros2_ws/install/local_setup.bash'
[8.802s] INFO:colcon.colcon_core.shell:Creating prefix chain script '/home/insa/ros2_ws/install/setup.bash'
[8.809s] INFO:colcon.colcon_core.shell:Creating prefix script '/home/insa/ros2_ws/install/local_setup.zsh'
[8.813s] INFO:colcon.colcon_core.shell:Creating prefix chain script '/home/insa/ros2_ws/install/setup.zsh'
