[4.973s] Invoking command in '/home/insa/ros2_ws/src/ros2_icm20948': PYTHONPATH=/home/insa/ros2_ws/build/ros2_icm20948/prefix_override:/usr/lib/python3/dist-packages/colcon_core/task/python/colcon_distutils_commands:/home/insa/ros2_ws/install/ros2_icm20948/lib/python3.10/site-packages:${PYTHONPATH} /usr/bin/python3 -W ignore:setup.py install is deprecated -W ignore:easy_install command is deprecated setup.py egg_info --egg-base ../../build/ros2_icm20948 build --build-base /home/insa/ros2_ws/build/ros2_icm20948/build install --record /home/insa/ros2_ws/build/ros2_icm20948/install.log --single-version-externally-managed install_data
[6.399s] running egg_info
[6.402s] writing ../../build/ros2_icm20948/ros2_icm20948.egg-info/PKG-INFO
[6.403s] writing dependency_links to ../../build/ros2_icm20948/ros2_icm20948.egg-info/dependency_links.txt
[6.406s] writing entry points to ../../build/ros2_icm20948/ros2_icm20948.egg-info/entry_points.txt
[6.406s] writing requirements to ../../build/ros2_icm20948/ros2_icm20948.egg-info/requires.txt
[6.407s] writing top-level names to ../../build/ros2_icm20948/ros2_icm20948.egg-info/top_level.txt
[6.417s] reading manifest file '../../build/ros2_icm20948/ros2_icm20948.egg-info/SOURCES.txt'
[6.421s] writing manifest file '../../build/ros2_icm20948/ros2_icm20948.egg-info/SOURCES.txt'
[6.422s] running build
[6.423s] running build_py
[6.432s] running install
[6.433s] running install_lib
[6.443s] running install_data
[6.443s] running install_egg_info
[6.455s] removing '/home/insa/ros2_ws/install/ros2_icm20948/lib/python3.10/site-packages/ros2_icm20948-0.0.1-py3.10.egg-info' (and everything under it)
[6.457s] Copying ../../build/ros2_icm20948/ros2_icm20948.egg-info to /home/insa/ros2_ws/install/ros2_icm20948/lib/python3.10/site-packages/ros2_icm20948-0.0.1-py3.10.egg-info
[6.464s] running install_scripts
[6.576s] Installing icm20948_node script to /home/insa/ros2_ws/install/ros2_icm20948/lib/ros2_icm20948
[6.580s] writing list of installed files to '/home/insa/ros2_ws/build/ros2_icm20948/install.log'
[6.800s] Invoked command in '/home/insa/ros2_ws/src/ros2_icm20948' returned '0': PYTHONPATH=/home/insa/ros2_ws/build/ros2_icm20948/prefix_override:/usr/lib/python3/dist-packages/colcon_core/task/python/colcon_distutils_commands:/home/insa/ros2_ws/install/ros2_icm20948/lib/python3.10/site-packages:${PYTHONPATH} /usr/bin/python3 -W ignore:setup.py install is deprecated -W ignore:easy_install command is deprecated setup.py egg_info --egg-base ../../build/ros2_icm20948 build --build-base /home/insa/ros2_ws/build/ros2_icm20948/build install --record /home/insa/ros2_ws/build/ros2_icm20948/install.log --single-version-externally-managed install_data
