[16.088s] Invoking command in '/home/insa/ros2_ws/src/projet_siot': PYTHONPATH=/home/insa/ros2_ws/build/projet_siot/prefix_override:/usr/lib/python3/dist-packages/colcon_core/task/python/colcon_distutils_commands:/home/insa/ros2_ws/install/projet_siot/lib/python3.10/site-packages:${PYTHONPATH} /usr/bin/python3 -W ignore:setup.py install is deprecated -W ignore:easy_install command is deprecated setup.py egg_info --egg-base ../../build/projet_siot build --build-base /home/insa/ros2_ws/build/projet_siot/build install --record /home/insa/ros2_ws/build/projet_siot/install.log --single-version-externally-managed install_data
[21.836s] running egg_info
[21.851s] writing ../../build/projet_siot/projet_siot.egg-info/PKG-INFO
[21.858s] writing dependency_links to ../../build/projet_siot/projet_siot.egg-info/dependency_links.txt
[21.858s] writing entry points to ../../build/projet_siot/projet_siot.egg-info/entry_points.txt
[21.859s] writing requirements to ../../build/projet_siot/projet_siot.egg-info/requires.txt
[21.859s] writing top-level names to ../../build/projet_siot/projet_siot.egg-info/top_level.txt
[21.894s] reading manifest file '../../build/projet_siot/projet_siot.egg-info/SOURCES.txt'
[21.939s] writing manifest file '../../build/projet_siot/projet_siot.egg-info/SOURCES.txt'
[21.959s] running build
[21.962s] running build_py
[21.968s] running install
[21.969s] running install_lib
[21.984s] running install_data
[22.006s] running install_egg_info
[22.054s] removing '/home/insa/ros2_ws/install/projet_siot/lib/python3.10/site-packages/projet_siot-0.0.0-py3.10.egg-info' (and everything under it)
[22.091s] Copying ../../build/projet_siot/projet_siot.egg-info to /home/insa/ros2_ws/install/projet_siot/lib/python3.10/site-packages/projet_siot-0.0.0-py3.10.egg-info
[22.098s] running install_scripts
[22.498s] Installing lidar_data_processing script to /home/insa/ros2_ws/install/projet_siot/lib/projet_siot
[22.518s] writing list of installed files to '/home/insa/ros2_ws/build/projet_siot/install.log'
[22.924s] Invoked command in '/home/insa/ros2_ws/src/projet_siot' returned '0': PYTHONPATH=/home/insa/ros2_ws/build/projet_siot/prefix_override:/usr/lib/python3/dist-packages/colcon_core/task/python/colcon_distutils_commands:/home/insa/ros2_ws/install/projet_siot/lib/python3.10/site-packages:${PYTHONPATH} /usr/bin/python3 -W ignore:setup.py install is deprecated -W ignore:easy_install command is deprecated setup.py egg_info --egg-base ../../build/projet_siot build --build-base /home/insa/ros2_ws/build/projet_siot/build install --record /home/insa/ros2_ws/build/projet_siot/install.log --single-version-externally-managed install_data
