[0.075s] Invoking command in '/home/insa/ros2_ws/build/ldlidar_ros2': CMAKE_PREFIX_PATH=${CMAKE_PREFIX_PATH}:/home/insa/ros2_ws/install/projet_siot:/opt/ros/humble /usr/bin/cmake /home/insa/ros2_ws/src/ldlidar_ros2 -DCMAKE_INSTALL_PREFIX=/home/insa/ros2_ws/install/ldlidar_ros2
[0.947s] -- The C compiler identification is GNU 11.4.0
[1.684s] -- The CXX compiler identification is GNU 11.4.0
[1.721s] -- Detecting C compiler ABI info
[2.081s] -- Detecting C compiler ABI info - done
[2.107s] -- Check for working C compiler: /usr/bin/cc - skipped
[2.109s] -- Detecting C compile features
[2.111s] -- Detecting C compile features - done
[2.125s] -- Detecting CXX compiler ABI info
[2.512s] -- Detecting CXX compiler ABI info - done
[2.539s] -- Check for working CXX compiler: /usr/bin/c++ - skipped
[2.539s] -- Detecting CXX compile features
[2.550s] -- Detecting CXX compile features - done
[2.579s] -- Found ament_cmake: 1.3.12 (/opt/ros/humble/share/ament_cmake/cmake)
[3.501s] -- Found Python3: /usr/bin/python3 (found version "3.10.12") found components: Interpreter 
[4.202s] -- Found rclcpp: 16.0.15 (/opt/ros/humble/share/rclcpp/cmake)
[4.626s] -- Found rosidl_generator_c: 3.1.7 (/opt/ros/humble/share/rosidl_generator_c/cmake)
[4.685s] -- Found rosidl_adapter: 3.1.7 (/opt/ros/humble/share/rosidl_adapter/cmake)
[4.759s] -- Found rosidl_generator_cpp: 3.1.7 (/opt/ros/humble/share/rosidl_generator_cpp/cmake)
[4.872s] -- Using all available rosidl_typesupport_c: rosidl_typesupport_fastrtps_c;rosidl_typesupport_introspection_c
[5.009s] -- Using all available rosidl_typesupport_cpp: rosidl_typesupport_fastrtps_cpp;rosidl_typesupport_introspection_cpp
[5.348s] -- Found rmw_implementation_cmake: 6.1.2 (/opt/ros/humble/share/rmw_implementation_cmake/cmake)
[5.376s] -- Found rmw_fastrtps_cpp: 6.2.9 (/opt/ros/humble/share/rmw_fastrtps_cpp/cmake)
[5.967s] -- Found OpenSSL: /usr/lib/aarch64-linux-gnu/libcrypto.so (found version "3.0.2")  
[6.243s] -- Found FastRTPS: /opt/ros/humble/include  
[6.686s] -- Using RMW implementation 'rmw_fastrtps_cpp' as default
[6.772s] -- Looking for pthread.h
[7.125s] -- Looking for pthread.h - found
[7.127s] -- Performing Test CMAKE_HAVE_LIBC_PTHREAD
[7.464s] -- Performing Test CMAKE_HAVE_LIBC_PTHREAD - Success
[7.468s] -- Found Threads: TRUE  
[7.754s] -- Found sensor_msgs: 4.9.0 (/opt/ros/humble/share/sensor_msgs/cmake)
[7.914s] -- Found ament_lint_auto: 0.12.14 (/opt/ros/humble/share/ament_lint_auto/cmake)
[8.421s] -- operation system is Linux-5.15.0-1090-raspi
[8.421s] -- current platform: Linux 
[8.438s] -- Added test 'copyright' to check source files copyright and LICENSE
[8.532s] -- Added test 'cppcheck' to perform static code analysis on C / C++ code
[8.533s] -- Configured cppcheck include dirs: /home/insa/ros2_ws/src/ldlidar_ros2/include;/home/insa/ros2_ws/src/ldlidar_ros2/sdk/include
[8.533s] -- Configured cppcheck exclude dirs and/or files: 
[8.625s] -- Added test 'cpplint' to check C / C++ code against the Google style
[8.626s] -- Configured cpplint exclude dirs and/or files: 
[8.639s] -- Added test 'flake8' to check Python code syntax and style conventions
[8.664s] -- Added test 'lint_cmake' to check CMake code style
[8.678s] -- Added test 'pep257' to check Python code against some of the docstring style conventions in PEP 257
[8.771s] -- Added test 'uncrustify' to check C / C++ code style
[8.771s] -- Configured uncrustify additional arguments: 
[8.786s] -- Added test 'xmllint' to check XML markup files
[8.795s] -- Configuring done
[8.866s] -- Generating done
[8.887s] -- Build files have been written to: /home/insa/ros2_ws/build/ldlidar_ros2
[8.929s] Invoked command in '/home/insa/ros2_ws/build/ldlidar_ros2' returned '0': CMAKE_PREFIX_PATH=${CMAKE_PREFIX_PATH}:/home/insa/ros2_ws/install/projet_siot:/opt/ros/humble /usr/bin/cmake /home/insa/ros2_ws/src/ldlidar_ros2 -DCMAKE_INSTALL_PREFIX=/home/insa/ros2_ws/install/ldlidar_ros2
[8.939s] Invoking command in '/home/insa/ros2_ws/build/ldlidar_ros2': CMAKE_PREFIX_PATH=${CMAKE_PREFIX_PATH}:/home/insa/ros2_ws/install/projet_siot:/opt/ros/humble /usr/bin/cmake --build /home/insa/ros2_ws/build/ldlidar_ros2 -- -j4 -l4
[9.147s] [  7%] [32mBuilding CXX object sdk/CMakeFiles/ldlidar_driver.dir/src/ldlidar_driver.cpp.o[0m
[9.149s] [ 15%] [32mBuilding CXX object sdk/CMakeFiles/ldlidar_driver.dir/src/ldlidar_driver_linux.cpp.o[0m
[9.154s] [ 23%] [32mBuilding CXX object sdk/CMakeFiles/ldlidar_driver.dir/src/ldlidar_dataprocess.cpp.o[0m
[9.170s] [ 30%] [32mBuilding CXX object sdk/CMakeFiles/ldlidar_driver.dir/src/ldlidar_protocol.cpp.o[0m
[9.400s] [ 38%] [32mBuilding CXX object sdk/CMakeFiles/ldlidar_driver.dir/src/log_module.cpp.o[0m
[10.905s] [ 46%] [32mBuilding CXX object sdk/CMakeFiles/ldlidar_driver.dir/src/network_socket_interface_linux.cpp.o[0m
[11.557s] [ 53%] [32mBuilding CXX object sdk/CMakeFiles/ldlidar_driver.dir/src/serial_interface_linux.cpp.o[0m
[13.416s] [ 61%] [32mBuilding CXX object sdk/CMakeFiles/ldlidar_driver.dir/src/sl_transform.cpp.o[0m
[13.952s] [ 69%] [32mBuilding CXX object sdk/CMakeFiles/ldlidar_driver.dir/src/slbf.cpp.o[0m
[14.530s] [ 76%] [32mBuilding CXX object sdk/CMakeFiles/ldlidar_driver.dir/src/tofbf.cpp.o[0m
[17.204s] [ 84%] [32m[1mLinking CXX static library libldlidar_driver.a[0m
[17.450s] [ 84%] Built target ldlidar_driver
[17.533s] [ 92%] [32mBuilding CXX object CMakeFiles/ldlidar_ros2_node.dir/src/demo.cpp.o[0m
[38.909s] [100%] [32m[1mLinking CXX executable ldlidar_ros2_node[0m
[40.226s] [100%] Built target ldlidar_ros2_node
[40.269s] Invoked command in '/home/insa/ros2_ws/build/ldlidar_ros2' returned '0': CMAKE_PREFIX_PATH=${CMAKE_PREFIX_PATH}:/home/insa/ros2_ws/install/projet_siot:/opt/ros/humble /usr/bin/cmake --build /home/insa/ros2_ws/build/ldlidar_ros2 -- -j4 -l4
[40.310s] Invoking command in '/home/insa/ros2_ws/build/ldlidar_ros2': CMAKE_PREFIX_PATH=${CMAKE_PREFIX_PATH}:/home/insa/ros2_ws/install/projet_siot:/opt/ros/humble /usr/bin/cmake --install /home/insa/ros2_ws/build/ldlidar_ros2
[40.335s] -- Install configuration: ""
[40.336s] -- Installing: /home/insa/ros2_ws/install/ldlidar_ros2/lib/ldlidar_ros2/ldlidar_ros2_node
[40.350s] -- Set runtime path of "/home/insa/ros2_ws/install/ldlidar_ros2/lib/ldlidar_ros2/ldlidar_ros2_node" to ""
[40.350s] -- Installing: /home/insa/ros2_ws/install/ldlidar_ros2/share/ldlidar_ros2//launch
[40.351s] -- Installing: /home/insa/ros2_ws/install/ldlidar_ros2/share/ldlidar_ros2//launch/viewer_ld06.launch.py
[40.353s] -- Installing: /home/insa/ros2_ws/install/ldlidar_ros2/share/ldlidar_ros2//launch/ld14p.launch.py
[40.355s] -- Installing: /home/insa/ros2_ws/install/ldlidar_ros2/share/ldlidar_ros2//launch/ld14.launch.py
[40.358s] -- Installing: /home/insa/ros2_ws/install/ldlidar_ros2/share/ldlidar_ros2//launch/viewer_ld14.launch.py
[40.359s] -- Installing: /home/insa/ros2_ws/install/ldlidar_ros2/share/ldlidar_ros2//launch/ld19.launch.py
[40.361s] -- Installing: /home/insa/ros2_ws/install/ldlidar_ros2/share/ldlidar_ros2//launch/viewer_ld14p.launch.py
[40.363s] -- Installing: /home/insa/ros2_ws/install/ldlidar_ros2/share/ldlidar_ros2//launch/viewer_ld19.launch.py
[40.364s] -- Installing: /home/insa/ros2_ws/install/ldlidar_ros2/share/ldlidar_ros2//launch/ld06.launch.py
[40.366s] -- Installing: /home/insa/ros2_ws/install/ldlidar_ros2/share/ldlidar_ros2//rviz2
[40.366s] -- Installing: /home/insa/ros2_ws/install/ldlidar_ros2/share/ldlidar_ros2//rviz2/ldlidar.rviz
[40.368s] -- Installing: /home/insa/ros2_ws/install/ldlidar_ros2/share/ldlidar_ros2//scripts
[40.369s] -- Installing: /home/insa/ros2_ws/install/ldlidar_ros2/share/ldlidar_ros2//scripts/ldlidar.rules
[40.370s] -- Installing: /home/insa/ros2_ws/install/ldlidar_ros2/share/ldlidar_ros2//scripts/create_udev_rules.sh
[40.372s] -- Installing: /home/insa/ros2_ws/install/ldlidar_ros2/share/ldlidar_ros2//scripts/delete_udev_rules.sh
[40.374s] -- Installing: /home/insa/ros2_ws/install/ldlidar_ros2/share/ament_index/resource_index/package_run_dependencies/ldlidar_ros2
[40.375s] -- Installing: /home/insa/ros2_ws/install/ldlidar_ros2/share/ament_index/resource_index/parent_prefix_path/ldlidar_ros2
[40.377s] -- Installing: /home/insa/ros2_ws/install/ldlidar_ros2/share/ldlidar_ros2/environment/ament_prefix_path.sh
[40.378s] -- Installing: /home/insa/ros2_ws/install/ldlidar_ros2/share/ldlidar_ros2/environment/ament_prefix_path.dsv
[40.379s] -- Installing: /home/insa/ros2_ws/install/ldlidar_ros2/share/ldlidar_ros2/environment/path.sh
[40.380s] -- Installing: /home/insa/ros2_ws/install/ldlidar_ros2/share/ldlidar_ros2/environment/path.dsv
[40.381s] -- Installing: /home/insa/ros2_ws/install/ldlidar_ros2/share/ldlidar_ros2/local_setup.bash
[40.382s] -- Installing: /home/insa/ros2_ws/install/ldlidar_ros2/share/ldlidar_ros2/local_setup.sh
[40.384s] -- Installing: /home/insa/ros2_ws/install/ldlidar_ros2/share/ldlidar_ros2/local_setup.zsh
[40.385s] -- Installing: /home/insa/ros2_ws/install/ldlidar_ros2/share/ldlidar_ros2/local_setup.dsv
[40.386s] -- Installing: /home/insa/ros2_ws/install/ldlidar_ros2/share/ldlidar_ros2/package.dsv
[40.387s] -- Installing: /home/insa/ros2_ws/install/ldlidar_ros2/share/ament_index/resource_index/packages/ldlidar_ros2
[40.388s] -- Installing: /home/insa/ros2_ws/install/ldlidar_ros2/share/ldlidar_ros2/cmake/ldlidar_ros2Config.cmake
[40.389s] -- Installing: /home/insa/ros2_ws/install/ldlidar_ros2/share/ldlidar_ros2/cmake/ldlidar_ros2Config-version.cmake
[40.391s] -- Installing: /home/insa/ros2_ws/install/ldlidar_ros2/share/ldlidar_ros2/package.xml
[40.399s] Invoked command in '/home/insa/ros2_ws/build/ldlidar_ros2' returned '0': CMAKE_PREFIX_PATH=${CMAKE_PREFIX_PATH}:/home/insa/ros2_ws/install/projet_siot:/opt/ros/humble /usr/bin/cmake --install /home/insa/ros2_ws/build/ldlidar_ros2
