[9.295s] Invoking command in '/home/insa/ros2_ws/src/projet_siot': PYTHONPATH=/home/insa/ros2_ws/build/projet_siot/prefix_override:/usr/lib/python3/dist-packages/colcon_core/task/python/colcon_distutils_commands:/home/insa/ros2_ws/install/projet_siot/lib/python3.10/site-packages:${PYTHONPATH} /usr/bin/python3 -W ignore:setup.py install is deprecated -W ignore:easy_install command is deprecated setup.py egg_info --egg-base ../../build/projet_siot build --build-base /home/insa/ros2_ws/build/projet_siot/build install --record /home/insa/ros2_ws/build/projet_siot/install.log --single-version-externally-managed install_data
[12.175s] running egg_info
[12.190s] writing ../../build/projet_siot/projet_siot.egg-info/PKG-INFO
[12.191s] writing dependency_links to ../../build/projet_siot/projet_siot.egg-info/dependency_links.txt
[12.198s] writing entry points to ../../build/projet_siot/projet_siot.egg-info/entry_points.txt
[12.200s] writing requirements to ../../build/projet_siot/projet_siot.egg-info/requires.txt
[12.200s] writing top-level names to ../../build/projet_siot/projet_siot.egg-info/top_level.txt
[12.223s] reading manifest file '../../build/projet_siot/projet_siot.egg-info/SOURCES.txt'
[12.244s] writing manifest file '../../build/projet_siot/projet_siot.egg-info/SOURCES.txt'
[12.246s] running build
[12.263s] running build_py
[12.263s] running install
[12.264s] running install_lib
[12.278s] running install_data
[12.282s] running install_egg_info
[12.300s] removing '/home/insa/ros2_ws/install/projet_siot/lib/python3.10/site-packages/projet_siot-0.0.0-py3.10.egg-info' (and everything under it)
[12.308s] Copying ../../build/projet_siot/projet_siot.egg-info to /home/insa/ros2_ws/install/projet_siot/lib/python3.10/site-packages/projet_siot-0.0.0-py3.10.egg-info
[12.339s] running install_scripts
[12.627s] Installing lidar_data_processing script to /home/insa/ros2_ws/install/projet_siot/lib/projet_siot
[12.628s] writing list of installed files to '/home/insa/ros2_ws/build/projet_siot/install.log'
[12.913s] Invoked command in '/home/insa/ros2_ws/src/projet_siot' returned '0': PYTHONPATH=/home/insa/ros2_ws/build/projet_siot/prefix_override:/usr/lib/python3/dist-packages/colcon_core/task/python/colcon_distutils_commands:/home/insa/ros2_ws/install/projet_siot/lib/python3.10/site-packages:${PYTHONPATH} /usr/bin/python3 -W ignore:setup.py install is deprecated -W ignore:easy_install command is deprecated setup.py egg_info --egg-base ../../build/projet_siot build --build-base /home/insa/ros2_ws/build/projet_siot/build install --record /home/insa/ros2_ws/build/projet_siot/install.log --single-version-externally-managed install_data
