running egg_info
writing ../../build/ros2_icm20948/ros2_icm20948.egg-info/PKG-INFO
writing dependency_links to ../../build/ros2_icm20948/ros2_icm20948.egg-info/dependency_links.txt
writing entry points to ../../build/ros2_icm20948/ros2_icm20948.egg-info/entry_points.txt
writing requirements to ../../build/ros2_icm20948/ros2_icm20948.egg-info/requires.txt
writing top-level names to ../../build/ros2_icm20948/ros2_icm20948.egg-info/top_level.txt
reading manifest file '../../build/ros2_icm20948/ros2_icm20948.egg-info/SOURCES.txt'
writing manifest file '../../build/ros2_icm20948/ros2_icm20948.egg-info/SOURCES.txt'
running build
running build_py
copying ros2_icm20948/icm20948_node.py -> /home/insa/ros2_ws/build/ros2_icm20948/build/lib/ros2_icm20948
running install
running install_lib
copying /home/insa/ros2_ws/build/ros2_icm20948/build/lib/ros2_icm20948/icm20948_node.py -> /home/insa/ros2_ws/install/ros2_icm20948/lib/python3.10/site-packages/ros2_icm20948
byte-compiling /home/insa/ros2_ws/install/ros2_icm20948/lib/python3.10/site-packages/ros2_icm20948/icm20948_node.py to icm20948_node.cpython-310.pyc
running install_data
copying launch/imu_localization_launch.py -> /home/insa/ros2_ws/install/ros2_icm20948/share/ros2_icm20948
running install_egg_info
removing '/home/insa/ros2_ws/install/ros2_icm20948/lib/python3.10/site-packages/ros2_icm20948-0.0.1-py3.10.egg-info' (and everything under it)
Copying ../../build/ros2_icm20948/ros2_icm20948.egg-info to /home/insa/ros2_ws/install/ros2_icm20948/lib/python3.10/site-packages/ros2_icm20948-0.0.1-py3.10.egg-info
running install_scripts
Installing icm20948_node script to /home/insa/ros2_ws/install/ros2_icm20948/lib/ros2_icm20948
writing list of installed files to '/home/insa/ros2_ws/build/ros2_icm20948/install.log'
