[8.997s] Invoking command in '/home/insa/ros2_ws/src/ros2_icm20948': PYTHONPATH=/home/insa/ros2_ws/build/ros2_icm20948/prefix_override:/usr/lib/python3/dist-packages/colcon_core/task/python/colcon_distutils_commands:/home/insa/ros2_ws/install/ros2_icm20948/lib/python3.10/site-packages:${PYTHONPATH} /usr/bin/python3 -W ignore:setup.py install is deprecated -W ignore:easy_install command is deprecated setup.py egg_info --egg-base ../../build/ros2_icm20948 build --build-base /home/insa/ros2_ws/build/ros2_icm20948/build install --record /home/insa/ros2_ws/build/ros2_icm20948/install.log --single-version-externally-managed install_data
[12.266s] running egg_info
[12.272s] writing ../../build/ros2_icm20948/ros2_icm20948.egg-info/PKG-INFO
[12.281s] writing dependency_links to ../../build/ros2_icm20948/ros2_icm20948.egg-info/dependency_links.txt
[12.282s] writing entry points to ../../build/ros2_icm20948/ros2_icm20948.egg-info/entry_points.txt
[12.293s] writing requirements to ../../build/ros2_icm20948/ros2_icm20948.egg-info/requires.txt
[12.299s] writing top-level names to ../../build/ros2_icm20948/ros2_icm20948.egg-info/top_level.txt
[12.326s] reading manifest file '../../build/ros2_icm20948/ros2_icm20948.egg-info/SOURCES.txt'
[12.330s] writing manifest file '../../build/ros2_icm20948/ros2_icm20948.egg-info/SOURCES.txt'
[12.331s] running build
[12.332s] running build_py
[12.332s] copying ros2_icm20948/icm20948_node.py -> /home/insa/ros2_ws/build/ros2_icm20948/build/lib/ros2_icm20948
[12.344s] running install
[12.344s] running install_lib
[12.350s] copying /home/insa/ros2_ws/build/ros2_icm20948/build/lib/ros2_icm20948/icm20948_node.py -> /home/insa/ros2_ws/install/ros2_icm20948/lib/python3.10/site-packages/ros2_icm20948
[12.354s] byte-compiling /home/insa/ros2_ws/install/ros2_icm20948/lib/python3.10/site-packages/ros2_icm20948/icm20948_node.py to icm20948_node.cpython-310.pyc
[12.360s] running install_data
[12.361s] copying launch/imu_localization_launch.py -> /home/insa/ros2_ws/install/ros2_icm20948/share/ros2_icm20948
[12.362s] running install_egg_info
[12.374s] removing '/home/insa/ros2_ws/install/ros2_icm20948/lib/python3.10/site-packages/ros2_icm20948-0.0.1-py3.10.egg-info' (and everything under it)
[12.376s] Copying ../../build/ros2_icm20948/ros2_icm20948.egg-info to /home/insa/ros2_ws/install/ros2_icm20948/lib/python3.10/site-packages/ros2_icm20948-0.0.1-py3.10.egg-info
[12.391s] running install_scripts
[12.519s] Installing icm20948_node script to /home/insa/ros2_ws/install/ros2_icm20948/lib/ros2_icm20948
[12.522s] writing list of installed files to '/home/insa/ros2_ws/build/ros2_icm20948/install.log'
[12.744s] Invoked command in '/home/insa/ros2_ws/src/ros2_icm20948' returned '0': PYTHONPATH=/home/insa/ros2_ws/build/ros2_icm20948/prefix_override:/usr/lib/python3/dist-packages/colcon_core/task/python/colcon_distutils_commands:/home/insa/ros2_ws/install/ros2_icm20948/lib/python3.10/site-packages:${PYTHONPATH} /usr/bin/python3 -W ignore:setup.py install is deprecated -W ignore:easy_install command is deprecated setup.py egg_info --egg-base ../../build/ros2_icm20948 build --build-base /home/insa/ros2_ws/build/ros2_icm20948/build install --record /home/insa/ros2_ws/build/ros2_icm20948/install.log --single-version-externally-managed install_data
