[0.133s] Invoking command in '/home/insa/ros2_ws/build/ldlidar_ros2': CMAKE_PREFIX_PATH=${CMAKE_PREFIX_PATH}:/home/insa/ros2_ws/install/ros2_icm20948:/home/insa/ros2_ws/install/projet_siot:/opt/ros/humble /usr/bin/cmake --build /home/insa/ros2_ws/build/ldlidar_ros2 -- -j4 -l4
[1.543s] [ 84%] Built target ldlidar_driver
[1.544s] [100%] Built target ldlidar_ros2_node
[1.544s] Invoked command in '/home/insa/ros2_ws/build/ldlidar_ros2' returned '0': CMAKE_PREFIX_PATH=${CMAKE_PREFIX_PATH}:/home/insa/ros2_ws/install/ros2_icm20948:/home/insa/ros2_ws/install/projet_siot:/opt/ros/humble /usr/bin/cmake --build /home/insa/ros2_ws/build/ldlidar_ros2 -- -j4 -l4
[1.589s] Invoking command in '/home/insa/ros2_ws/build/ldlidar_ros2': CMAKE_PREFIX_PATH=${CMAKE_PREFIX_PATH}:/home/insa/ros2_ws/install/ros2_icm20948:/home/insa/ros2_ws/install/projet_siot:/opt/ros/humble /usr/bin/cmake --install /home/insa/ros2_ws/build/ldlidar_ros2
[2.941s] -- Install configuration: ""
[2.942s] -- Up-to-date: /home/insa/ros2_ws/install/ldlidar_ros2/lib/ldlidar_ros2/ldlidar_ros2_node
[2.943s] -- Up-to-date: /home/insa/ros2_ws/install/ldlidar_ros2/share/ldlidar_ros2//launch
[2.944s] -- Up-to-date: /home/insa/ros2_ws/install/ldlidar_ros2/share/ldlidar_ros2//launch/viewer_ld06.launch.py
[2.946s] -- Up-to-date: /home/insa/ros2_ws/install/ldlidar_ros2/share/ldlidar_ros2//launch/ld14p.launch.py
[2.947s] -- Up-to-date: /home/insa/ros2_ws/install/ldlidar_ros2/share/ldlidar_ros2//launch/ld14.launch.py
[2.947s] -- Up-to-date: /home/insa/ros2_ws/install/ldlidar_ros2/share/ldlidar_ros2//launch/viewer_ld14.launch.py
[2.949s] -- Up-to-date: /home/insa/ros2_ws/install/ldlidar_ros2/share/ldlidar_ros2//launch/ld19.launch.py
[2.950s] -- Up-to-date: /home/insa/ros2_ws/install/ldlidar_ros2/share/ldlidar_ros2//launch/viewer_ld14p.launch.py
[2.954s] -- Up-to-date: /home/insa/ros2_ws/install/ldlidar_ros2/share/ldlidar_ros2//launch/viewer_ld19.launch.py
[2.956s] -- Up-to-date: /home/insa/ros2_ws/install/ldlidar_ros2/share/ldlidar_ros2//launch/ld06.launch.py
[2.957s] -- Up-to-date: /home/insa/ros2_ws/install/ldlidar_ros2/share/ldlidar_ros2//rviz2
[2.960s] -- Up-to-date: /home/insa/ros2_ws/install/ldlidar_ros2/share/ldlidar_ros2//rviz2/ldlidar.rviz
[2.961s] -- Up-to-date: /home/insa/ros2_ws/install/ldlidar_ros2/share/ldlidar_ros2//scripts
[2.962s] -- Up-to-date: /home/insa/ros2_ws/install/ldlidar_ros2/share/ldlidar_ros2//scripts/ldlidar.rules
[2.963s] -- Up-to-date: /home/insa/ros2_ws/install/ldlidar_ros2/share/ldlidar_ros2//scripts/create_udev_rules.sh
[2.965s] -- Up-to-date: /home/insa/ros2_ws/install/ldlidar_ros2/share/ldlidar_ros2//scripts/delete_udev_rules.sh
[2.966s] -- Up-to-date: /home/insa/ros2_ws/install/ldlidar_ros2/share/ament_index/resource_index/package_run_dependencies/ldlidar_ros2
[2.968s] -- Up-to-date: /home/insa/ros2_ws/install/ldlidar_ros2/share/ament_index/resource_index/parent_prefix_path/ldlidar_ros2
[2.971s] -- Up-to-date: /home/insa/ros2_ws/install/ldlidar_ros2/share/ldlidar_ros2/environment/ament_prefix_path.sh
[2.972s] -- Up-to-date: /home/insa/ros2_ws/install/ldlidar_ros2/share/ldlidar_ros2/environment/ament_prefix_path.dsv
[2.973s] -- Up-to-date: /home/insa/ros2_ws/install/ldlidar_ros2/share/ldlidar_ros2/environment/path.sh
[2.974s] -- Up-to-date: /home/insa/ros2_ws/install/ldlidar_ros2/share/ldlidar_ros2/environment/path.dsv
[2.975s] -- Up-to-date: /home/insa/ros2_ws/install/ldlidar_ros2/share/ldlidar_ros2/local_setup.bash
[2.976s] -- Up-to-date: /home/insa/ros2_ws/install/ldlidar_ros2/share/ldlidar_ros2/local_setup.sh
[2.976s] -- Up-to-date: /home/insa/ros2_ws/install/ldlidar_ros2/share/ldlidar_ros2/local_setup.zsh
[2.977s] -- Up-to-date: /home/insa/ros2_ws/install/ldlidar_ros2/share/ldlidar_ros2/local_setup.dsv
[2.977s] -- Installing: /home/insa/ros2_ws/install/ldlidar_ros2/share/ldlidar_ros2/package.dsv
[2.978s] -- Up-to-date: /home/insa/ros2_ws/install/ldlidar_ros2/share/ament_index/resource_index/packages/ldlidar_ros2
[2.978s] -- Up-to-date: /home/insa/ros2_ws/install/ldlidar_ros2/share/ldlidar_ros2/cmake/ldlidar_ros2Config.cmake
[2.978s] -- Up-to-date: /home/insa/ros2_ws/install/ldlidar_ros2/share/ldlidar_ros2/cmake/ldlidar_ros2Config-version.cmake
[2.979s] -- Up-to-date: /home/insa/ros2_ws/install/ldlidar_ros2/share/ldlidar_ros2/package.xml
[2.980s] Invoked command in '/home/insa/ros2_ws/build/ldlidar_ros2' returned '0': CMAKE_PREFIX_PATH=${CMAKE_PREFIX_PATH}:/home/insa/ros2_ws/install/ros2_icm20948:/home/insa/ros2_ws/install/projet_siot:/opt/ros/humble /usr/bin/cmake --install /home/insa/ros2_ws/build/ldlidar_ros2
