[6.847s] Invoking command in '/home/insa/ros2_ws/src/imu_to_odom': PYTHONPATH=/home/insa/ros2_ws/build/imu_to_odom/prefix_override:/usr/lib/python3/dist-packages/colcon_core/task/python/colcon_distutils_commands:/home/insa/ros2_ws/install/imu_to_odom/lib/python3.10/site-packages:${PYTHONPATH} /usr/bin/python3 -W ignore:setup.py install is deprecated -W ignore:easy_install command is deprecated setup.py egg_info --egg-base ../../build/imu_to_odom build --build-base /home/insa/ros2_ws/build/imu_to_odom/build install --record /home/insa/ros2_ws/build/imu_to_odom/install.log --single-version-externally-managed install_data
[8.564s] running egg_info
[8.567s] writing ../../build/imu_to_odom/imu_to_odom.egg-info/PKG-INFO
[8.569s] writing dependency_links to ../../build/imu_to_odom/imu_to_odom.egg-info/dependency_links.txt
[8.570s] writing entry points to ../../build/imu_to_odom/imu_to_odom.egg-info/entry_points.txt
[8.571s] writing requirements to ../../build/imu_to_odom/imu_to_odom.egg-info/requires.txt
[8.572s] writing top-level names to ../../build/imu_to_odom/imu_to_odom.egg-info/top_level.txt
[8.588s] reading manifest file '../../build/imu_to_odom/imu_to_odom.egg-info/SOURCES.txt'
[8.593s] writing manifest file '../../build/imu_to_odom/imu_to_odom.egg-info/SOURCES.txt'
[8.594s] running build
[8.594s] running build_py
[8.596s] running install
[8.597s] running install_lib
[8.629s] running install_data
[8.630s] running install_egg_info
[8.631s] removing '/home/insa/ros2_ws/install/imu_to_odom/lib/python3.10/site-packages/imu_to_odom-0.0.0-py3.10.egg-info' (and everything under it)
[8.640s] Copying ../../build/imu_to_odom/imu_to_odom.egg-info to /home/insa/ros2_ws/install/imu_to_odom/lib/python3.10/site-packages/imu_to_odom-0.0.0-py3.10.egg-info
[8.642s] running install_scripts
[8.759s] Installing imu_to_odom script to /home/insa/ros2_ws/install/imu_to_odom/lib/imu_to_odom
[8.762s] writing list of installed files to '/home/insa/ros2_ws/build/imu_to_odom/install.log'
[9.012s] Invoked command in '/home/insa/ros2_ws/src/imu_to_odom' returned '0': PYTHONPATH=/home/insa/ros2_ws/build/imu_to_odom/prefix_override:/usr/lib/python3/dist-packages/colcon_core/task/python/colcon_distutils_commands:/home/insa/ros2_ws/install/imu_to_odom/lib/python3.10/site-packages:${PYTHONPATH} /usr/bin/python3 -W ignore:setup.py install is deprecated -W ignore:easy_install command is deprecated setup.py egg_info --egg-base ../../build/imu_to_odom build --build-base /home/insa/ros2_ws/build/imu_to_odom/build install --record /home/insa/ros2_ws/build/imu_to_odom/install.log --single-version-externally-managed install_data
